[00:10:57] *** Joins: rafalcpp (~racalcppp@84-10-11-234.static.chello.pl)
[00:11:30] *** Quits: rafalcpp_ (~racalcppp@84-10-11-234.static.chello.pl) (Ping timeout: 265 seconds)
[00:18:27] *** Quits: rafalcpp (~racalcppp@84-10-11-234.static.chello.pl) (Ping timeout: 240 seconds)
[00:18:45] *** Joins: rafalcpp (~racalcppp@84-10-11-234.static.chello.pl)
[00:35:37] *** Joins: rafalcpp_ (~racalcppp@84-10-11-234.static.chello.pl)
[00:35:58] *** Quits: rafalcpp (~racalcppp@84-10-11-234.static.chello.pl) (Ping timeout: 252 seconds)
[00:49:32] *** Joins: rafalcpp (~racalcppp@84-10-11-234.static.chello.pl)
[00:49:39] *** Quits: rafalcpp_ (~racalcppp@84-10-11-234.static.chello.pl) (Ping timeout: 240 seconds)
[01:12:51] *** Quits: rafalcpp (~racalcppp@84-10-11-234.static.chello.pl) (Ping timeout: 240 seconds)
[01:13:19] *** Joins: rafalcpp (~racalcppp@84-10-11-234.static.chello.pl)
[01:32:12] *** Joins: rafalcpp_ (~racalcppp@84-10-11-234.static.chello.pl)
[01:33:05] *** Quits: rafalcpp (~racalcppp@84-10-11-234.static.chello.pl) (Ping timeout: 276 seconds)
[02:23:37] *** Quits: rafalcpp_ (~racalcppp@84-10-11-234.static.chello.pl) (Ping timeout: 240 seconds)
[02:24:02] *** Joins: rafalcpp_ (~racalcppp@84-10-11-234.static.chello.pl)
[02:35:52] *** Joins: rafalcpp (~racalcppp@84-10-11-234.static.chello.pl)
[02:35:57] *** Quits: rafalcpp_ (~racalcppp@84-10-11-234.static.chello.pl) (Ping timeout: 240 seconds)
[03:06:15] *** Quits: rafalcpp (~racalcppp@84-10-11-234.static.chello.pl) (Ping timeout: 246 seconds)
[03:06:37] *** Joins: rafalcpp (~racalcppp@84-10-11-234.static.chello.pl)
[03:42:33] *** Joins: rafalcpp_ (~racalcppp@84-10-11-234.static.chello.pl)
[03:43:12] *** Quits: rafalcpp (~racalcppp@84-10-11-234.static.chello.pl) (Ping timeout: 265 seconds)
[04:03:16] *** Joins: rafalcpp (~racalcppp@84-10-11-234.static.chello.pl)
[04:03:18] *** Quits: rafalcpp_ (~racalcppp@84-10-11-234.static.chello.pl) (Ping timeout: 246 seconds)
[04:28:01] *** Joins: rafalcpp_ (~racalcppp@84-10-11-234.static.chello.pl)
[04:29:14] *** Quits: rafalcpp (~racalcppp@84-10-11-234.static.chello.pl) (Ping timeout: 276 seconds)
[04:34:19] *** Quits: tnaka (~quassel@240d:1a:759:6000:a7b1:451a:8874:e1ac) (Quit: https://quassel-irc.org - Chat comfortably. Anywhere.)
[04:34:29] *** Joins: tnaka (~quassel@240d:1a:759:6000:a7b1:451a:8874:e1ac)
[04:37:33] <kcalvinalvin> oh right fyi PR #28 is ready for merge
[04:50:48] *** Joins: rafalcpp (~racalcppp@84-10-11-234.static.chello.pl)
[04:51:20] *** Quits: rafalcpp_ (~racalcppp@84-10-11-234.static.chello.pl) (Ping timeout: 276 seconds)
[05:04:33] *** Quits: rafalcpp (~racalcppp@84-10-11-234.static.chello.pl) (Ping timeout: 246 seconds)
[05:04:34] *** Joins: rafalcpp_ (~racalcppp@84-10-11-234.static.chello.pl)
[05:13:10] *** Quits: rafalcpp_ (~racalcppp@84-10-11-234.static.chello.pl) (Ping timeout: 252 seconds)
[05:13:19] *** Joins: rafalcpp_ (~racalcppp@84-10-11-234.static.chello.pl)
[06:02:08] *** Joins: rafalcpp (~racalcppp@84-10-11-234.static.chello.pl)
[06:02:18] *** Quits: rafalcpp_ (~racalcppp@84-10-11-234.static.chello.pl) (Ping timeout: 252 seconds)
[06:22:57] *** Joins: rafalcpp_ (~racalcppp@84-10-11-234.static.chello.pl)
[06:23:38] *** Quits: rafalcpp (~racalcppp@84-10-11-234.static.chello.pl) (Ping timeout: 276 seconds)
[06:34:52] *** Joins: rafalcpp (~racalcppp@84-10-11-234.static.chello.pl)
[06:34:57] *** Quits: rafalcpp_ (~racalcppp@84-10-11-234.static.chello.pl) (Ping timeout: 240 seconds)
[06:39:37] *** Joins: rafalcpp_ (~racalcppp@84-10-11-234.static.chello.pl)
[06:39:57] *** Quits: rafalcpp (~racalcppp@84-10-11-234.static.chello.pl) (Ping timeout: 240 seconds)
[06:51:27] *** Joins: rafalcpp (~racalcppp@84-10-11-234.static.chello.pl)
[06:51:42] *** Quits: rafalcpp_ (~racalcppp@84-10-11-234.static.chello.pl) (Ping timeout: 265 seconds)
[07:04:57] *** Quits: rafalcpp (~racalcppp@84-10-11-234.static.chello.pl) (Ping timeout: 240 seconds)
[07:05:14] *** Joins: rafalcpp (~racalcppp@84-10-11-234.static.chello.pl)
[07:11:02] *** Joins: rafalcpp_ (~racalcppp@84-10-11-234.static.chello.pl)
[07:11:05] *** Quits: rafalcpp (~racalcppp@84-10-11-234.static.chello.pl) (Ping timeout: 276 seconds)
[07:17:47] *** Joins: rafalcpp (~racalcppp@84-10-11-234.static.chello.pl)
[07:17:57] *** Quits: rafalcpp_ (~racalcppp@84-10-11-234.static.chello.pl) (Ping timeout: 240 seconds)
[07:53:36] *** Joins: rafalcpp_ (~racalcppp@84-10-11-234.static.chello.pl)
[07:54:03] *** Quits: rafalcpp (~racalcppp@84-10-11-234.static.chello.pl) (Ping timeout: 240 seconds)
[07:58:09] *** Quits: rafalcpp_ (~racalcppp@84-10-11-234.static.chello.pl) (Ping timeout: 246 seconds)
[07:58:22] *** Joins: rafalcpp_ (~racalcppp@84-10-11-234.static.chello.pl)
[08:07:17] *** Quits: rafalcpp_ (~racalcppp@84-10-11-234.static.chello.pl) (Ping timeout: 240 seconds)
[08:11:12] *** Joins: rafalcpp_ (~racalcppp@84-10-11-234.static.chello.pl)
[08:19:39] *** Quits: rafalcpp_ (~racalcppp@84-10-11-234.static.chello.pl) (Ping timeout: 240 seconds)
[08:19:57] *** Joins: rafalcpp_ (~racalcppp@84-10-11-234.static.chello.pl)
[08:30:43] *** Joins: rafalcpp (~racalcppp@84-10-11-234.static.chello.pl)
[08:31:15] *** Quits: rafalcpp_ (~racalcppp@84-10-11-234.static.chello.pl) (Ping timeout: 240 seconds)
[08:41:39] *** Quits: rafalcpp (~racalcppp@84-10-11-234.static.chello.pl) (Ping timeout: 240 seconds)
[08:42:18] *** Joins: rafalcpp (~racalcppp@84-10-11-234.static.chello.pl)
[08:47:11] *** Joins: rafalcpp_ (~racalcppp@84-10-11-234.static.chello.pl)
[08:47:17] *** Quits: rafalcpp (~racalcppp@84-10-11-234.static.chello.pl) (Ping timeout: 276 seconds)
[08:52:59] *** Joins: rafalcpp (~racalcppp@84-10-11-234.static.chello.pl)
[08:53:06] *** Quits: rafalcpp_ (~racalcppp@84-10-11-234.static.chello.pl) (Ping timeout: 246 seconds)
[09:02:23] *** Quits: rafalcpp (~racalcppp@84-10-11-234.static.chello.pl) (Ping timeout: 245 seconds)
[09:20:41] *** Joins: rafalcpp (~racalcppp@84-10-11-234.static.chello.pl)
[09:25:27] *** Joins: rafalcpp_ (~racalcppp@84-10-11-234.static.chello.pl)
[09:25:53] *** Quits: rafalcpp (~racalcppp@84-10-11-234.static.chello.pl) (Ping timeout: 265 seconds)
[09:35:57] *** Quits: rafalcpp_ (~racalcppp@84-10-11-234.static.chello.pl) (Ping timeout: 240 seconds)
[09:36:14] *** Joins: rafalcpp_ (~racalcppp@84-10-11-234.static.chello.pl)
[09:46:02] *** Joins: rafalcpp (~racalcppp@84-10-11-234.static.chello.pl)
[09:46:26] *** Quits: rafalcpp_ (~racalcppp@84-10-11-234.static.chello.pl) (Ping timeout: 276 seconds)
[09:50:37] *** Quits: rafalcpp (~racalcppp@84-10-11-234.static.chello.pl) (Ping timeout: 240 seconds)
[09:50:47] *** Joins: rafalcpp (~racalcppp@84-10-11-234.static.chello.pl)
[10:00:27] *** Quits: rafalcpp (~racalcppp@84-10-11-234.static.chello.pl) (Ping timeout: 240 seconds)
[10:00:44] *** Joins: rafalcpp (~racalcppp@84-10-11-234.static.chello.pl)
[10:05:46] *** Quits: rafalcpp (~racalcppp@84-10-11-234.static.chello.pl) (Ping timeout: 252 seconds)
[10:05:47] *** Joins: rafalcpp_ (~racalcppp@84-10-11-234.static.chello.pl)
[10:13:17] *** Quits: rafalcpp_ (~racalcppp@84-10-11-234.static.chello.pl) (Ping timeout: 240 seconds)
[10:13:37] *** Joins: rafalcpp_ (~racalcppp@84-10-11-234.static.chello.pl)
[10:20:17] *** Quits: rafalcpp_ (~racalcppp@84-10-11-234.static.chello.pl) (Ping timeout: 240 seconds)
[10:20:22] *** Joins: rafalcpp (~racalcppp@84-10-11-234.static.chello.pl)
[10:30:39] *** Quits: rafalcpp (~racalcppp@84-10-11-234.static.chello.pl) (Ping timeout: 265 seconds)
[10:47:55] *** Joins: rafalcpp (~racalcppp@84-10-11-234.static.chello.pl)
[11:02:36] *** Quits: rafalcpp (~racalcppp@84-10-11-234.static.chello.pl) (Ping timeout: 252 seconds)
[11:02:41] *** Joins: rafalcpp_ (~racalcppp@84-10-11-234.static.chello.pl)
[11:20:30] *** Joins: rafalcpp (~racalcppp@84-10-11-234.static.chello.pl)
[11:20:41] *** Quits: rafalcpp_ (~racalcppp@84-10-11-234.static.chello.pl) (Ping timeout: 250 seconds)
[11:28:17] *** Joins: rafalcpp_ (~racalcppp@84-10-11-234.static.chello.pl)
[11:28:38] *** Quits: rafalcpp (~racalcppp@84-10-11-234.static.chello.pl) (Ping timeout: 252 seconds)
[11:34:02] *** Joins: rafalcpp (~racalcppp@84-10-11-234.static.chello.pl)
[11:34:03] *** Quits: rafalcpp_ (~racalcppp@84-10-11-234.static.chello.pl) (Ping timeout: 240 seconds)
[11:44:17] *** Quits: rafalcpp (~racalcppp@84-10-11-234.static.chello.pl) (Ping timeout: 240 seconds)
[11:44:51] *** Joins: rafalcpp (~racalcppp@84-10-11-234.static.chello.pl)
[11:55:24] *** Quits: rafalcpp (~racalcppp@84-10-11-234.static.chello.pl) (Ping timeout: 252 seconds)
[11:55:41] *** Joins: rafalcpp (~racalcppp@84-10-11-234.static.chello.pl)
[12:06:17] *** Quits: rafalcpp (~racalcppp@84-10-11-234.static.chello.pl) (Ping timeout: 240 seconds)
[12:06:26] *** Joins: rafalcpp (~racalcppp@84-10-11-234.static.chello.pl)
[12:12:09] *** Quits: rafalcpp (~racalcppp@84-10-11-234.static.chello.pl) (Ping timeout: 265 seconds)
[12:12:26] *** Joins: rafalcpp (~racalcppp@84-10-11-234.static.chello.pl)
[12:21:12] *** Joins: rafalcpp_ (~racalcppp@84-10-11-234.static.chello.pl)
[12:21:17] *** Quits: rafalcpp (~racalcppp@84-10-11-234.static.chello.pl) (Ping timeout: 240 seconds)
[12:30:53] *** Quits: rafalcpp_ (~racalcppp@84-10-11-234.static.chello.pl) (Ping timeout: 250 seconds)
[12:30:59] *** Joins: rafalcpp (~racalcppp@84-10-11-234.static.chello.pl)
[12:44:52] *** Joins: rafalcpp_ (~racalcppp@84-10-11-234.static.chello.pl)
[12:45:16] *** Quits: rafalcpp (~racalcppp@84-10-11-234.static.chello.pl) (Ping timeout: 252 seconds)
[12:52:42] *** Joins: rafalcpp (~racalcppp@84-10-11-234.static.chello.pl)
[12:52:57] *** Quits: rafalcpp_ (~racalcppp@84-10-11-234.static.chello.pl) (Ping timeout: 240 seconds)
[13:03:27] *** Joins: rafalcpp_ (~racalcppp@84-10-11-234.static.chello.pl)
[13:03:37] *** Quits: rafalcpp (~racalcppp@84-10-11-234.static.chello.pl) (Ping timeout: 240 seconds)
[13:09:11] *** Quits: rafalcpp_ (~racalcppp@84-10-11-234.static.chello.pl) (Ping timeout: 265 seconds)
[13:09:16] *** Joins: rafalcpp (~racalcppp@84-10-11-234.static.chello.pl)
[13:19:51] *** Quits: rafalcpp (~racalcppp@84-10-11-234.static.chello.pl) (Ping timeout: 250 seconds)
[13:21:30] *** Joins: rafalcpp (~racalcppp@84-10-11-234.static.chello.pl)
[13:26:18] *** Joins: rafalcpp_ (~racalcppp@84-10-11-234.static.chello.pl)
[13:26:21] *** Quits: rafalcpp (~racalcppp@84-10-11-234.static.chello.pl) (Ping timeout: 250 seconds)
[13:34:03] *** Quits: rafalcpp_ (~racalcppp@84-10-11-234.static.chello.pl) (Ping timeout: 240 seconds)
[13:35:31] *** Joins: rafalcpp_ (~racalcppp@84-10-11-234.static.chello.pl)
[13:39:12] *** Joins: rafalcpp (~racalcppp@84-10-11-234.static.chello.pl)
[13:39:45] *** Quits: rafalcpp_ (~racalcppp@84-10-11-234.static.chello.pl) (Ping timeout: 246 seconds)
[13:48:57] *** Joins: rafalcpp_ (~racalcppp@84-10-11-234.static.chello.pl)
[13:49:32] *** Quits: rafalcpp (~racalcppp@84-10-11-234.static.chello.pl) (Ping timeout: 276 seconds)
[13:56:37] *** Quits: rafalcpp_ (~racalcppp@84-10-11-234.static.chello.pl) (Ping timeout: 240 seconds)
[13:56:46] *** Joins: rafalcpp_ (~racalcppp@84-10-11-234.static.chello.pl)
[14:06:34] *** Joins: rafalcpp (~racalcppp@84-10-11-234.static.chello.pl)
[14:06:57] *** Quits: rafalcpp_ (~racalcppp@84-10-11-234.static.chello.pl) (Ping timeout: 240 seconds)
[14:14:24] *** Joins: rafalcpp_ (~racalcppp@84-10-11-234.static.chello.pl)
[14:14:27] *** Quits: rafalcpp (~racalcppp@84-10-11-234.static.chello.pl) (Ping timeout: 250 seconds)
[14:19:21] *** Joins: rafalcpp (~racalcppp@84-10-11-234.static.chello.pl)
[14:20:05] *** Quits: rafalcpp_ (~racalcppp@84-10-11-234.static.chello.pl) (Ping timeout: 276 seconds)
[14:26:18] *** Quits: rafalcpp (~racalcppp@84-10-11-234.static.chello.pl) (Ping timeout: 246 seconds)
[14:26:21] *** Joins: rafalcpp_ (~racalcppp@84-10-11-234.static.chello.pl)
[14:38:56] *** Quits: rafalcpp_ (~racalcppp@84-10-11-234.static.chello.pl) (Ping timeout: 252 seconds)
[14:39:36] *** Joins: rafalcpp_ (~racalcppp@84-10-11-234.static.chello.pl)
[14:47:57] *** Quits: rafalcpp_ (~racalcppp@84-10-11-234.static.chello.pl) (Ping timeout: 240 seconds)
[14:48:28] *** Joins: rafalcpp_ (~racalcppp@84-10-11-234.static.chello.pl)
[14:53:17] *** Joins: rafalcpp (~racalcppp@84-10-11-234.static.chello.pl)
[14:53:37] *** Quits: rafalcpp_ (~racalcppp@84-10-11-234.static.chello.pl) (Ping timeout: 240 seconds)
[15:00:02] *** Joins: rafalcpp_ (~racalcppp@84-10-11-234.static.chello.pl)
[15:00:03] *** Quits: rafalcpp (~racalcppp@84-10-11-234.static.chello.pl) (Ping timeout: 240 seconds)
[15:06:47] *** Joins: rafalcpp (~racalcppp@84-10-11-234.static.chello.pl)
[15:06:51] *** Quits: rafalcpp_ (~racalcppp@84-10-11-234.static.chello.pl) (Ping timeout: 240 seconds)
[15:11:28] *** Quits: rafalcpp (~racalcppp@84-10-11-234.static.chello.pl) (Ping timeout: 265 seconds)
[15:11:37] *** Joins: rafalcpp (~racalcppp@84-10-11-234.static.chello.pl)
[15:17:27] *** Joins: rafalcpp_ (~racalcppp@84-10-11-234.static.chello.pl)
[15:17:39] *** Quits: rafalcpp (~racalcppp@84-10-11-234.static.chello.pl) (Ping timeout: 240 seconds)
[15:25:22] *** Joins: rafalcpp (~racalcppp@84-10-11-234.static.chello.pl)
[15:25:39] *** Quits: rafalcpp_ (~racalcppp@84-10-11-234.static.chello.pl) (Ping timeout: 240 seconds)
[15:31:57] *** Quits: rafalcpp (~racalcppp@84-10-11-234.static.chello.pl) (Ping timeout: 240 seconds)
[15:32:12] *** Joins: rafalcpp (~racalcppp@84-10-11-234.static.chello.pl)
[15:38:03] *** Quits: rafalcpp (~racalcppp@84-10-11-234.static.chello.pl) (Ping timeout: 240 seconds)
[15:55:21] *** Joins: rafalcpp_ (~racalcppp@84-10-11-234.static.chello.pl)
[16:01:07] *** Joins: rafalcpp (~racalcppp@84-10-11-234.static.chello.pl)
[16:01:44] *** Quits: rafalcpp_ (~racalcppp@84-10-11-234.static.chello.pl) (Ping timeout: 265 seconds)
[16:06:17] *** Quits: rafalcpp (~racalcppp@84-10-11-234.static.chello.pl) (Ping timeout: 240 seconds)
[16:06:57] *** Joins: rafalcpp (~racalcppp@84-10-11-234.static.chello.pl)
[16:17:15] *** Quits: rafalcpp (~racalcppp@84-10-11-234.static.chello.pl) (Ping timeout: 240 seconds)
[16:17:28] *** Joins: rafalcpp (~racalcppp@84-10-11-234.static.chello.pl)
[17:08:17] *** Joins: rafalcpp_ (~racalcppp@84-10-11-234.static.chello.pl)
[17:08:37] *** Quits: rafalcpp (~racalcppp@84-10-11-234.static.chello.pl) (Ping timeout: 240 seconds)
[17:17:39] *** Quits: rafalcpp_ (~racalcppp@84-10-11-234.static.chello.pl) (Ping timeout: 240 seconds)
[17:18:02] *** Joins: rafalcpp_ (~racalcppp@84-10-11-234.static.chello.pl)
[17:29:48] *** Joins: rafalcpp (~racalcppp@84-10-11-234.static.chello.pl)
[17:30:11] *** Quits: rafalcpp_ (~racalcppp@84-10-11-234.static.chello.pl) (Ping timeout: 265 seconds)
[17:37:37] *** Joins: rafalcpp_ (~racalcppp@84-10-11-234.static.chello.pl)
[17:37:41] *** Quits: rafalcpp (~racalcppp@84-10-11-234.static.chello.pl) (Ping timeout: 250 seconds)
[17:44:57] *** Quits: rafalcpp_ (~racalcppp@84-10-11-234.static.chello.pl) (Ping timeout: 240 seconds)
[17:45:22] *** Joins: rafalcpp_ (~racalcppp@84-10-11-234.static.chello.pl)
[17:55:08] *** Joins: rafalcpp (~racalcppp@84-10-11-234.static.chello.pl)
[17:55:15] *** Quits: rafalcpp_ (~racalcppp@84-10-11-234.static.chello.pl) (Ping timeout: 240 seconds)
[18:01:58] *** Joins: rafalcpp_ (~racalcppp@84-10-11-234.static.chello.pl)
[18:02:34] *** Quits: rafalcpp (~racalcppp@84-10-11-234.static.chello.pl) (Ping timeout: 265 seconds)
[18:09:47] *** Joins: rafalcpp (~racalcppp@84-10-11-234.static.chello.pl)
[18:09:57] *** Quits: rafalcpp_ (~racalcppp@84-10-11-234.static.chello.pl) (Ping timeout: 240 seconds)
[18:16:31] *** Joins: rafalcpp_ (~racalcppp@84-10-11-234.static.chello.pl)
[18:17:04] *** Quits: rafalcpp (~racalcppp@84-10-11-234.static.chello.pl) (Ping timeout: 265 seconds)
[18:21:01] *** Quits: rafalcpp_ (~racalcppp@84-10-11-234.static.chello.pl) (Ping timeout: 250 seconds)
[18:21:20] *** Joins: rafalcpp_ (~racalcppp@84-10-11-234.static.chello.pl)
[18:28:22] *** Joins: rafalcpp (~racalcppp@84-10-11-234.static.chello.pl)
[18:28:28] *** Quits: rafalcpp_ (~racalcppp@84-10-11-234.static.chello.pl) (Ping timeout: 252 seconds)
[18:43:39] *** Quits: rafalcpp (~racalcppp@84-10-11-234.static.chello.pl) (Ping timeout: 240 seconds)
[18:44:07] *** Joins: rafalcpp (~racalcppp@84-10-11-234.static.chello.pl)
[19:00:51] *** Quits: rafalcpp (~racalcppp@84-10-11-234.static.chello.pl) (Ping timeout: 240 seconds)
[19:00:57] *** Joins: rafalcpp_ (~racalcppp@84-10-11-234.static.chello.pl)
[19:06:37] *** Quits: rafalcpp_ (~racalcppp@84-10-11-234.static.chello.pl) (Ping timeout: 240 seconds)
[19:06:42] *** Joins: rafalcpp (~racalcppp@84-10-11-234.static.chello.pl)
[19:21:21] *** Quits: rafalcpp (~racalcppp@84-10-11-234.static.chello.pl) (Ping timeout: 265 seconds)
[19:21:27] *** Joins: rafalcpp_ (~racalcppp@84-10-11-234.static.chello.pl)
[19:30:51] *** Quits: rafalcpp_ (~racalcppp@84-10-11-234.static.chello.pl) (Ping timeout: 240 seconds)
[19:31:19] *** Joins: rafalcpp_ (~racalcppp@84-10-11-234.static.chello.pl)
[19:41:07] *** Joins: rafalcpp (~racalcppp@84-10-11-234.static.chello.pl)
[19:41:50] *** Quits: rafalcpp_ (~racalcppp@84-10-11-234.static.chello.pl) (Ping timeout: 276 seconds)
[19:52:48] *** Quits: rafalcpp (~racalcppp@84-10-11-234.static.chello.pl) (Ping timeout: 252 seconds)
[19:52:52] *** Joins: rafalcpp_ (~racalcppp@84-10-11-234.static.chello.pl)
[19:59:42] *** Joins: rafalcpp (~racalcppp@84-10-11-234.static.chello.pl)
[20:00:01] *** Quits: rafalcpp_ (~racalcppp@84-10-11-234.static.chello.pl) (Ping timeout: 265 seconds)
[20:04:27] *** Joins: rafalcpp_ (~racalcppp@84-10-11-234.static.chello.pl)
[20:04:37] *** Quits: rafalcpp (~racalcppp@84-10-11-234.static.chello.pl) (Ping timeout: 240 seconds)
[20:11:39] *** Quits: rafalcpp_ (~racalcppp@84-10-11-234.static.chello.pl) (Ping timeout: 240 seconds)
[20:12:13] *** Joins: rafalcpp_ (~racalcppp@84-10-11-234.static.chello.pl)
[20:20:02] *** Joins: rafalcpp (~racalcppp@84-10-11-234.static.chello.pl)
[20:20:50] *** Quits: rafalcpp_ (~racalcppp@84-10-11-234.static.chello.pl) (Ping timeout: 276 seconds)
[20:25:47] *** Joins: rafalcpp_ (~racalcppp@84-10-11-234.static.chello.pl)
[20:25:57] *** Quits: rafalcpp (~racalcppp@84-10-11-234.static.chello.pl) (Ping timeout: 240 seconds)
[20:31:36] *** Joins: rafalcpp (~racalcppp@84-10-11-234.static.chello.pl)
[20:31:55] *** Quits: rafalcpp_ (~racalcppp@84-10-11-234.static.chello.pl) (Ping timeout: 265 seconds)
[20:41:23] *** Joins: rafalcpp_ (~racalcppp@84-10-11-234.static.chello.pl)
[20:41:37] *** Quits: rafalcpp (~racalcppp@84-10-11-234.static.chello.pl) (Ping timeout: 240 seconds)
[20:49:13] *** Joins: rafalcpp (~racalcppp@84-10-11-234.static.chello.pl)
[20:49:28] *** Quits: rafalcpp_ (~racalcppp@84-10-11-234.static.chello.pl) (Ping timeout: 245 seconds)
[20:57:42] *** Quits: rafalcpp (~racalcppp@84-10-11-234.static.chello.pl) (Ping timeout: 252 seconds)
[20:58:02] *** Joins: rafalcpp (~racalcppp@84-10-11-234.static.chello.pl)
[21:02:50] *** Joins: rafalcpp_ (~racalcppp@84-10-11-234.static.chello.pl)
[21:03:15] *** Quits: rafalcpp (~racalcppp@84-10-11-234.static.chello.pl) (Ping timeout: 240 seconds)
[21:15:13] *** Quits: rafalcpp_ (~racalcppp@84-10-11-234.static.chello.pl) (Ping timeout: 250 seconds)
[21:15:21] *** Joins: rafalcpp (~racalcppp@84-10-11-234.static.chello.pl)
[21:22:57] *** Quits: rafalcpp (~racalcppp@84-10-11-234.static.chello.pl) (Ping timeout: 240 seconds)
[21:23:06] *** Joins: rafalcpp (~racalcppp@84-10-11-234.static.chello.pl)
[21:30:17] *** Quits: rafalcpp (~racalcppp@84-10-11-234.static.chello.pl) (Ping timeout: 240 seconds)
[21:30:57] *** Joins: rafalcpp (~racalcppp@84-10-11-234.static.chello.pl)
[21:35:47] *** Joins: rafalcpp_ (~racalcppp@84-10-11-234.static.chello.pl)
[21:36:03] *** Quits: rafalcpp (~racalcppp@84-10-11-234.static.chello.pl) (Ping timeout: 240 seconds)
[21:43:57] *** Quits: rafalcpp_ (~racalcppp@84-10-11-234.static.chello.pl) (Ping timeout: 240 seconds)
[21:44:32] *** Joins: rafalcpp_ (~racalcppp@84-10-11-234.static.chello.pl)
[21:49:03] *** Quits: rafalcpp_ (~racalcppp@84-10-11-234.static.chello.pl) (Ping timeout: 246 seconds)
[21:49:19] *** Joins: rafalcpp_ (~racalcppp@84-10-11-234.static.chello.pl)
[21:56:44] *** Quits: rafalcpp_ (~racalcppp@84-10-11-234.static.chello.pl) (Ping timeout: 252 seconds)
[21:57:49] *** Joins: rafalcpp_ (~racalcppp@84-10-11-234.static.chello.pl)
[22:03:38] *** Joins: rafalcpp (~racalcppp@84-10-11-234.static.chello.pl)
[22:03:42] *** Quits: rafalcpp_ (~racalcppp@84-10-11-234.static.chello.pl) (Ping timeout: 252 seconds)
[22:13:25] *** Quits: rafalcpp (~racalcppp@84-10-11-234.static.chello.pl) (Ping timeout: 265 seconds)
[22:13:27] *** Joins: rafalcpp_ (~racalcppp@84-10-11-234.static.chello.pl)
[22:18:17] *** Joins: rafalcpp (~racalcppp@84-10-11-234.static.chello.pl)
[22:18:44] *** Quits: rafalcpp_ (~racalcppp@84-10-11-234.static.chello.pl) (Ping timeout: 265 seconds)
[22:27:07] *** Joins: rafalcpp_ (~racalcppp@84-10-11-234.static.chello.pl)
[22:27:26] *** Quits: rafalcpp (~racalcppp@84-10-11-234.static.chello.pl) (Ping timeout: 265 seconds)
[22:38:38] *** Quits: rafalcpp_ (~racalcppp@84-10-11-234.static.chello.pl) (Ping timeout: 240 seconds)
[22:40:16] *** Joins: rafalcpp_ (~racalcppp@84-10-11-234.static.chello.pl)
[22:57:03] *** Quits: rafalcpp_ (~racalcppp@84-10-11-234.static.chello.pl) (Ping timeout: 250 seconds)
[22:57:04] *** Joins: rafalcpp (~racalcppp@84-10-11-234.static.chello.pl)
[23:01:15] *** Quits: rafalcpp (~racalcppp@84-10-11-234.static.chello.pl) (Ping timeout: 240 seconds)
[23:02:07] *** Joins: rafalcpp (~racalcppp@84-10-11-234.static.chello.pl)
[23:06:27] *** Quits: rafalcpp (~racalcppp@84-10-11-234.static.chello.pl) (Ping timeout: 240 seconds)
[23:07:38] *** Joins: rafalcpp (~racalcppp@84-10-11-234.static.chello.pl)
[23:13:15] *** Quits: rafalcpp (~racalcppp@84-10-11-234.static.chello.pl) (Ping timeout: 240 seconds)
[23:13:22] *** Joins: rafalcpp_ (~racalcppp@84-10-11-234.static.chello.pl)
[23:21:08] *** Joins: rafalcpp (~racalcppp@84-10-11-234.static.chello.pl)
[23:21:15] *** Quits: rafalcpp_ (~racalcppp@84-10-11-234.static.chello.pl) (Ping timeout: 240 seconds)
[23:50:37] *** Quits: rafalcpp (~racalcppp@84-10-11-234.static.chello.pl) (Ping timeout: 240 seconds)
[23:50:57] *** Joins: rafalcpp (~racalcppp@84-10-11-234.static.chello.pl)
