[00:54:17] *** Quits: adiabat (~adiabat@63.209.32.102) (Remote host closed the connection)
[00:55:31] *** Joins: adiabat (~adiabat@63.209.32.102)
[00:55:40] *** Quits: adiabat (~adiabat@63.209.32.102) (Client Quit)
[00:57:02] *** Joins: adiabat (~adiabat@63.209.32.102)
[01:00:20] *** Quits: adiabat (~adiabat@63.209.32.102) (Remote host closed the connection)
[01:01:22] *** Joins: adiabat (~adiabat@63.209.32.102)
[01:17:21] *** Quits: adiabat (~adiabat@63.209.32.102) (Remote host closed the connection)
[03:55:41] *** Joins: adiabat (~adiabat@63.209.32.102)
[13:04:16] *** Joins: rafalcpp (~racalcppp@84-10-11-234.static.chello.pl)
[13:12:17] *** Quits: rafalcpp (~racalcppp@84-10-11-234.static.chello.pl) (Ping timeout: 240 seconds)
[13:12:46] *** Joins: rafalcpp (~racalcppp@84-10-11-234.static.chello.pl)
[13:26:23] *** Quits: rafalcpp (~racalcppp@84-10-11-234.static.chello.pl) (Ping timeout: 250 seconds)
[13:26:32] *** Joins: rafalcpp_ (~racalcppp@84-10-11-234.static.chello.pl)
[13:31:57] *** Quits: rafalcpp_ (~racalcppp@84-10-11-234.static.chello.pl) (Ping timeout: 240 seconds)
[13:32:25] *** Joins: rafalcpp_ (~racalcppp@84-10-11-234.static.chello.pl)
[13:50:11] *** Joins: rafalcpp (~racalcppp@84-10-11-234.static.chello.pl)
[13:50:27] *** Quits: rafalcpp_ (~racalcppp@84-10-11-234.static.chello.pl) (Ping timeout: 240 seconds)
[13:55:36] *** Quits: rafalcpp (~racalcppp@84-10-11-234.static.chello.pl) (Ping timeout: 246 seconds)
[13:55:57] *** Joins: rafalcpp (~racalcppp@84-10-11-234.static.chello.pl)
[14:08:47] *** Joins: rafalcpp_ (~racalcppp@84-10-11-234.static.chello.pl)
[14:08:51] *** Quits: rafalcpp (~racalcppp@84-10-11-234.static.chello.pl) (Ping timeout: 250 seconds)
[14:28:33] *** Joins: rafalcpp (~racalcppp@84-10-11-234.static.chello.pl)
[14:28:57] *** Quits: rafalcpp_ (~racalcppp@84-10-11-234.static.chello.pl) (Ping timeout: 240 seconds)
[14:36:25] *** Joins: rafalcpp_ (~racalcppp@84-10-11-234.static.chello.pl)
[14:36:33] *** Quits: rafalcpp (~racalcppp@84-10-11-234.static.chello.pl) (Ping timeout: 246 seconds)
[14:54:48] *** Quits: rafalcpp_ (~racalcppp@84-10-11-234.static.chello.pl) (Ping timeout: 252 seconds)
[14:55:16] *** Joins: rafalcpp_ (~racalcppp@84-10-11-234.static.chello.pl)
[15:08:02] *** Joins: rafalcpp (~racalcppp@84-10-11-234.static.chello.pl)
[15:08:27] *** Quits: rafalcpp_ (~racalcppp@84-10-11-234.static.chello.pl) (Ping timeout: 240 seconds)
[15:20:51] *** Joins: rafalcpp_ (~racalcppp@84-10-11-234.static.chello.pl)
[15:20:57] *** Quits: rafalcpp (~racalcppp@84-10-11-234.static.chello.pl) (Ping timeout: 240 seconds)
[15:27:15] *** Quits: rafalcpp_ (~racalcppp@84-10-11-234.static.chello.pl) (Ping timeout: 240 seconds)
[15:27:37] *** Joins: rafalcpp_ (~racalcppp@84-10-11-234.static.chello.pl)
[15:38:26] *** Joins: rafalcpp (~racalcppp@84-10-11-234.static.chello.pl)
[15:39:10] *** Quits: rafalcpp_ (~racalcppp@84-10-11-234.static.chello.pl) (Ping timeout: 265 seconds)
[15:51:02] *** Joins: rafalcpp_ (~racalcppp@84-10-11-234.static.chello.pl)
[15:51:15] *** Quits: rafalcpp (~racalcppp@84-10-11-234.static.chello.pl) (Ping timeout: 240 seconds)
[16:02:51] *** Joins: rafalcpp (~racalcppp@84-10-11-234.static.chello.pl)
[16:03:20] *** Quits: rafalcpp_ (~racalcppp@84-10-11-234.static.chello.pl) (Ping timeout: 265 seconds)
[16:07:37] *** Joins: rafalcpp_ (~racalcppp@84-10-11-234.static.chello.pl)
[16:07:39] *** Quits: rafalcpp (~racalcppp@84-10-11-234.static.chello.pl) (Ping timeout: 240 seconds)
[16:15:25] *** Quits: rafalcpp_ (~racalcppp@84-10-11-234.static.chello.pl) (Ping timeout: 265 seconds)
[16:15:27] *** Joins: rafalcpp (~racalcppp@84-10-11-234.static.chello.pl)
[16:24:37] *** Quits: rafalcpp (~racalcppp@84-10-11-234.static.chello.pl) (Ping timeout: 240 seconds)
[16:25:16] *** Joins: rafalcpp (~racalcppp@84-10-11-234.static.chello.pl)
[16:41:02] *** Joins: rafalcpp_ (~racalcppp@84-10-11-234.static.chello.pl)
[16:41:17] *** Quits: rafalcpp (~racalcppp@84-10-11-234.static.chello.pl) (Ping timeout: 240 seconds)
[16:45:49] *** Joins: rafalcpp (~racalcppp@84-10-11-234.static.chello.pl)
[16:45:52] *** Quits: rafalcpp_ (~racalcppp@84-10-11-234.static.chello.pl) (Ping timeout: 265 seconds)
[16:57:25] *** Quits: rafalcpp (~racalcppp@84-10-11-234.static.chello.pl) (Ping timeout: 250 seconds)
[16:57:38] *** Joins: rafalcpp (~racalcppp@84-10-11-234.static.chello.pl)
[17:08:16] *** Quits: rafalcpp (~racalcppp@84-10-11-234.static.chello.pl) (Ping timeout: 252 seconds)
[17:08:26] *** Joins: rafalcpp (~racalcppp@84-10-11-234.static.chello.pl)
[17:39:02] *** Quits: rafalcpp (~racalcppp@84-10-11-234.static.chello.pl) (Ping timeout: 265 seconds)
[17:39:17] *** Joins: rafalcpp (~racalcppp@84-10-11-234.static.chello.pl)
[17:45:07] *** Joins: rafalcpp_ (~racalcppp@84-10-11-234.static.chello.pl)
[17:45:18] *** Quits: rafalcpp (~racalcppp@84-10-11-234.static.chello.pl) (Ping timeout: 252 seconds)
[18:04:52] *** Joins: rafalcpp (~racalcppp@84-10-11-234.static.chello.pl)
[18:05:17] *** Quits: rafalcpp_ (~racalcppp@84-10-11-234.static.chello.pl) (Ping timeout: 240 seconds)
[18:25:42] *** Joins: rafalcpp_ (~racalcppp@84-10-11-234.static.chello.pl)
[18:26:08] *** Quits: rafalcpp (~racalcppp@84-10-11-234.static.chello.pl) (Ping timeout: 245 seconds)
[18:39:30] *** Joins: rafalcpp (~racalcppp@84-10-11-234.static.chello.pl)
[18:39:37] *** Quits: rafalcpp_ (~racalcppp@84-10-11-234.static.chello.pl) (Ping timeout: 240 seconds)
[18:47:15] *** Joins: rafalcpp_ (~racalcppp@84-10-11-234.static.chello.pl)
[18:48:08] *** Quits: rafalcpp (~racalcppp@84-10-11-234.static.chello.pl) (Ping timeout: 276 seconds)
[18:54:04] *** Joins: rafalcpp (~racalcppp@84-10-11-234.static.chello.pl)
[18:54:38] *** Quits: rafalcpp_ (~racalcppp@84-10-11-234.static.chello.pl) (Ping timeout: 276 seconds)
[19:00:52] *** Joins: rafalcpp_ (~racalcppp@84-10-11-234.static.chello.pl)
[19:01:12] *** Quits: rafalcpp (~racalcppp@84-10-11-234.static.chello.pl) (Ping timeout: 252 seconds)
[19:05:48] *** Joins: rafalcpp (~racalcppp@84-10-11-234.static.chello.pl)
[19:06:31] *** Quits: rafalcpp_ (~racalcppp@84-10-11-234.static.chello.pl) (Ping timeout: 265 seconds)
[19:15:57] *** Quits: rafalcpp (~racalcppp@84-10-11-234.static.chello.pl) (Ping timeout: 240 seconds)
[19:16:34] *** Joins: rafalcpp (~racalcppp@84-10-11-234.static.chello.pl)
[19:21:22] *** Joins: rafalcpp_ (~racalcppp@84-10-11-234.static.chello.pl)
[19:21:56] *** Quits: rafalcpp (~racalcppp@84-10-11-234.static.chello.pl) (Ping timeout: 276 seconds)
[19:27:39] *** Quits: rafalcpp_ (~racalcppp@84-10-11-234.static.chello.pl) (Ping timeout: 240 seconds)
[19:28:14] *** Joins: rafalcpp_ (~racalcppp@84-10-11-234.static.chello.pl)
[19:37:01] *** Joins: rafalcpp (~racalcppp@84-10-11-234.static.chello.pl)
[19:37:32] *** Quits: rafalcpp_ (~racalcppp@84-10-11-234.static.chello.pl) (Ping timeout: 276 seconds)
[19:48:50] *** Joins: rafalcpp_ (~racalcppp@84-10-11-234.static.chello.pl)
[19:49:15] *** Quits: rafalcpp (~racalcppp@84-10-11-234.static.chello.pl) (Ping timeout: 240 seconds)
[19:56:34] *** Joins: rafalcpp (~racalcppp@84-10-11-234.static.chello.pl)
[19:57:02] *** Quits: rafalcpp_ (~racalcppp@84-10-11-234.static.chello.pl) (Ping timeout: 276 seconds)
[20:04:11] *** Quits: rafalcpp (~racalcppp@84-10-11-234.static.chello.pl) (Ping timeout: 250 seconds)
[20:04:21] *** Joins: rafalcpp (~racalcppp@84-10-11-234.static.chello.pl)
[20:09:10] *** Joins: rafalcpp_ (~racalcppp@84-10-11-234.static.chello.pl)
[20:09:21] *** Quits: rafalcpp (~racalcppp@84-10-11-234.static.chello.pl) (Ping timeout: 265 seconds)
[20:19:57] *** Joins: rafalcpp (~racalcppp@84-10-11-234.static.chello.pl)
[20:20:24] *** Quits: rafalcpp_ (~racalcppp@84-10-11-234.static.chello.pl) (Ping timeout: 252 seconds)
[20:31:48] *** Joins: rafalcpp_ (~racalcppp@84-10-11-234.static.chello.pl)
[20:32:47] *** Quits: rafalcpp (~racalcppp@84-10-11-234.static.chello.pl) (Ping timeout: 276 seconds)
[20:38:37] *** Joins: rafalcpp (~racalcppp@84-10-11-234.static.chello.pl)
[20:38:48] *** Quits: rafalcpp_ (~racalcppp@84-10-11-234.static.chello.pl) (Ping timeout: 246 seconds)
[20:45:17] *** Quits: rafalcpp (~racalcppp@84-10-11-234.static.chello.pl) (Ping timeout: 240 seconds)
[20:45:23] *** Joins: rafalcpp_ (~racalcppp@84-10-11-234.static.chello.pl)
[20:53:02] *** Quits: rafalcpp_ (~racalcppp@84-10-11-234.static.chello.pl) (Ping timeout: 252 seconds)
[20:53:11] *** Joins: rafalcpp_ (~racalcppp@84-10-11-234.static.chello.pl)
[21:00:37] *** Quits: rafalcpp_ (~racalcppp@84-10-11-234.static.chello.pl) (Ping timeout: 240 seconds)
[21:01:01] *** Joins: rafalcpp_ (~racalcppp@84-10-11-234.static.chello.pl)
[21:08:37] *** Quits: rafalcpp_ (~racalcppp@84-10-11-234.static.chello.pl) (Ping timeout: 240 seconds)
[21:08:47] *** Joins: rafalcpp (~racalcppp@84-10-11-234.static.chello.pl)
[21:14:37] *** Joins: rafalcpp_ (~racalcppp@84-10-11-234.static.chello.pl)
[21:15:41] *** Quits: rafalcpp (~racalcppp@84-10-11-234.static.chello.pl) (Ping timeout: 276 seconds)
[21:22:03] *** Quits: rafalcpp_ (~racalcppp@84-10-11-234.static.chello.pl) (Ping timeout: 240 seconds)
[21:22:21] *** Joins: rafalcpp_ (~racalcppp@84-10-11-234.static.chello.pl)
[21:38:57] *** Quits: rafalcpp_ (~racalcppp@84-10-11-234.static.chello.pl) (Ping timeout: 240 seconds)
[21:39:07] *** Joins: rafalcpp_ (~racalcppp@84-10-11-234.static.chello.pl)
[22:01:58] *** Joins: rafalcpp (~racalcppp@84-10-11-234.static.chello.pl)
[22:02:03] *** Quits: rafalcpp_ (~racalcppp@84-10-11-234.static.chello.pl) (Ping timeout: 240 seconds)
[22:09:40] *** Quits: rafalcpp (~racalcppp@84-10-11-234.static.chello.pl) (Ping timeout: 252 seconds)
[22:09:47] *** Joins: rafalcpp_ (~racalcppp@84-10-11-234.static.chello.pl)
[22:51:32] *** Joins: rafalcpp (~racalcppp@84-10-11-234.static.chello.pl)
[22:52:14] *** Quits: rafalcpp_ (~racalcppp@84-10-11-234.static.chello.pl) (Ping timeout: 265 seconds)
[22:56:17] *** Joins: rafalcpp_ (~racalcppp@84-10-11-234.static.chello.pl)
[22:56:51] *** Quits: rafalcpp (~racalcppp@84-10-11-234.static.chello.pl) (Ping timeout: 240 seconds)
[23:03:50] *** Quits: rafalcpp_ (~racalcppp@84-10-11-234.static.chello.pl) (Ping timeout: 265 seconds)
[23:04:02] *** Joins: rafalcpp_ (~racalcppp@84-10-11-234.static.chello.pl)
[23:10:49] *** Joins: rafalcpp (~racalcppp@84-10-11-234.static.chello.pl)
[23:11:15] *** Quits: rafalcpp_ (~racalcppp@84-10-11-234.static.chello.pl) (Ping timeout: 240 seconds)
[23:18:37] *** Joins: rafalcpp_ (~racalcppp@84-10-11-234.static.chello.pl)
[23:19:11] *** Quits: rafalcpp (~racalcppp@84-10-11-234.static.chello.pl) (Ping timeout: 276 seconds)
[23:37:24] *** Joins: rafalcpp (~racalcppp@84-10-11-234.static.chello.pl)
[23:38:09] *** Quits: rafalcpp_ (~racalcppp@84-10-11-234.static.chello.pl) (Ping timeout: 265 seconds)
[23:42:12] *** Joins: rafalcpp_ (~racalcppp@84-10-11-234.static.chello.pl)
[23:42:48] *** Quits: rafalcpp (~racalcppp@84-10-11-234.static.chello.pl) (Ping timeout: 252 seconds)
