[00:04:47] *** Joins: rafalcpp_ (~racalcppp@84-10-11-234.static.chello.pl)
[00:04:51] *** Quits: rafalcpp (~racalcppp@84-10-11-234.static.chello.pl) (Ping timeout: 240 seconds)
[00:11:35] *** Joins: rafalcpp (~racalcppp@84-10-11-234.static.chello.pl)
[00:12:14] *** Quits: rafalcpp_ (~racalcppp@84-10-11-234.static.chello.pl) (Ping timeout: 276 seconds)
[00:19:22] *** Joins: rafalcpp_ (~racalcppp@84-10-11-234.static.chello.pl)
[00:19:23] *** Quits: rafalcpp (~racalcppp@84-10-11-234.static.chello.pl) (Ping timeout: 250 seconds)
[00:28:23] *** Joins: rafalcpp (~racalcppp@84-10-11-234.static.chello.pl)
[00:28:27] *** Quits: rafalcpp_ (~racalcppp@84-10-11-234.static.chello.pl) (Ping timeout: 240 seconds)
[00:32:37] *** Quits: rafalcpp (~racalcppp@84-10-11-234.static.chello.pl) (Ping timeout: 240 seconds)
[00:33:12] *** Joins: rafalcpp (~racalcppp@84-10-11-234.static.chello.pl)
[00:41:57] *** Joins: rafalcpp_ (~racalcppp@84-10-11-234.static.chello.pl)
[00:42:27] *** Quits: rafalcpp (~racalcppp@84-10-11-234.static.chello.pl) (Ping timeout: 240 seconds)
[00:50:42] *** Joins: rafalcpp (~racalcppp@84-10-11-234.static.chello.pl)
[00:50:57] *** Quits: rafalcpp_ (~racalcppp@84-10-11-234.static.chello.pl) (Ping timeout: 240 seconds)
[01:09:27] *** Joins: rafalcpp_ (~racalcppp@84-10-11-234.static.chello.pl)
[01:09:50] *** Quits: rafalcpp (~racalcppp@84-10-11-234.static.chello.pl) (Ping timeout: 265 seconds)
[01:17:13] *** Joins: rafalcpp (~racalcppp@84-10-11-234.static.chello.pl)
[01:18:03] *** Quits: rafalcpp_ (~racalcppp@84-10-11-234.static.chello.pl) (Ping timeout: 265 seconds)
[01:32:02] *** Joins: rafalcpp_ (~racalcppp@84-10-11-234.static.chello.pl)
[01:32:27] *** Quits: rafalcpp (~racalcppp@84-10-11-234.static.chello.pl) (Ping timeout: 240 seconds)
[01:40:47] *** Joins: rafalcpp (~racalcppp@84-10-11-234.static.chello.pl)
[01:41:17] *** Quits: rafalcpp_ (~racalcppp@84-10-11-234.static.chello.pl) (Ping timeout: 240 seconds)
[01:56:37] *** Joins: rafalcpp_ (~racalcppp@84-10-11-234.static.chello.pl)
[01:56:51] *** Quits: rafalcpp (~racalcppp@84-10-11-234.static.chello.pl) (Ping timeout: 240 seconds)
[02:13:15] *** Quits: rafalcpp_ (~racalcppp@84-10-11-234.static.chello.pl) (Ping timeout: 240 seconds)
[02:13:32] *** Joins: rafalcpp_ (~racalcppp@84-10-11-234.static.chello.pl)
[02:38:51] *** Quits: rafalcpp_ (~racalcppp@84-10-11-234.static.chello.pl) (Ping timeout: 240 seconds)
[02:39:17] *** Joins: rafalcpp_ (~racalcppp@84-10-11-234.static.chello.pl)
[02:53:07] *** Joins: rafalcpp (~racalcppp@84-10-11-234.static.chello.pl)
[02:53:37] *** Quits: rafalcpp_ (~racalcppp@84-10-11-234.static.chello.pl) (Ping timeout: 240 seconds)
[03:00:58] *** Joins: rafalcpp_ (~racalcppp@84-10-11-234.static.chello.pl)
[03:01:30] *** Quits: rafalcpp (~racalcppp@84-10-11-234.static.chello.pl) (Ping timeout: 265 seconds)
[03:07:17] *** Quits: rafalcpp_ (~racalcppp@84-10-11-234.static.chello.pl) (Ping timeout: 240 seconds)
[03:08:17] *** Joins: rafalcpp_ (~racalcppp@84-10-11-234.static.chello.pl)
[03:21:02] *** Joins: rafalcpp (~racalcppp@84-10-11-234.static.chello.pl)
[03:22:02] *** Quits: rafalcpp_ (~racalcppp@84-10-11-234.static.chello.pl) (Ping timeout: 276 seconds)
[03:44:47] *** Joins: rafalcpp_ (~racalcppp@84-10-11-234.static.chello.pl)
[03:46:05] *** Quits: rafalcpp (~racalcppp@84-10-11-234.static.chello.pl) (Ping timeout: 276 seconds)
[03:51:33] *** Joins: rafalcpp (~racalcppp@84-10-11-234.static.chello.pl)
[03:52:35] *** Quits: rafalcpp_ (~racalcppp@84-10-11-234.static.chello.pl) (Ping timeout: 276 seconds)
[04:08:18] *** Joins: rafalcpp_ (~racalcppp@84-10-11-234.static.chello.pl)
[04:09:10] *** Quits: rafalcpp (~racalcppp@84-10-11-234.static.chello.pl) (Ping timeout: 265 seconds)
[04:27:07] *** Joins: rafalcpp (~racalcppp@84-10-11-234.static.chello.pl)
[04:28:29] *** Quits: rafalcpp_ (~racalcppp@84-10-11-234.static.chello.pl) (Ping timeout: 265 seconds)
[04:39:37] *** Quits: rafalcpp (~racalcppp@84-10-11-234.static.chello.pl) (Ping timeout: 240 seconds)
[04:40:02] *** Joins: rafalcpp (~racalcppp@84-10-11-234.static.chello.pl)
[04:55:37] *** Quits: rafalcpp (~racalcppp@84-10-11-234.static.chello.pl) (Ping timeout: 240 seconds)
[04:55:48] *** Joins: rafalcpp (~racalcppp@84-10-11-234.static.chello.pl)
[05:08:37] *** Joins: rafalcpp_ (~racalcppp@84-10-11-234.static.chello.pl)
[05:09:18] *** Quits: rafalcpp (~racalcppp@84-10-11-234.static.chello.pl) (Ping timeout: 276 seconds)
[05:27:17] *** Quits: rafalcpp_ (~racalcppp@84-10-11-234.static.chello.pl) (Ping timeout: 240 seconds)
[05:27:24] *** Joins: rafalcpp (~racalcppp@84-10-11-234.static.chello.pl)
[05:48:12] *** Joins: rafalcpp_ (~racalcppp@84-10-11-234.static.chello.pl)
[05:48:17] *** Quits: rafalcpp (~racalcppp@84-10-11-234.static.chello.pl) (Ping timeout: 276 seconds)
[05:57:37] *** Quits: rafalcpp_ (~racalcppp@84-10-11-234.static.chello.pl) (Ping timeout: 240 seconds)
[05:58:02] *** Joins: rafalcpp_ (~racalcppp@84-10-11-234.static.chello.pl)
[06:02:58] *** Joins: rafalcpp (~racalcppp@84-10-11-234.static.chello.pl)
[06:03:01] *** Quits: rafalcpp_ (~racalcppp@84-10-11-234.static.chello.pl) (Ping timeout: 250 seconds)
[06:09:53] *** Joins: rafalcpp_ (~racalcppp@84-10-11-234.static.chello.pl)
[06:09:57] *** Quits: rafalcpp (~racalcppp@84-10-11-234.static.chello.pl) (Ping timeout: 250 seconds)
[06:20:38] *** Joins: rafalcpp (~racalcppp@84-10-11-234.static.chello.pl)
[06:20:47] *** Quits: rafalcpp_ (~racalcppp@84-10-11-234.static.chello.pl) (Ping timeout: 276 seconds)
[06:31:25] *** Joins: rafalcpp_ (~racalcppp@84-10-11-234.static.chello.pl)
[06:32:29] *** Quits: rafalcpp (~racalcppp@84-10-11-234.static.chello.pl) (Ping timeout: 276 seconds)
[06:54:27] *** Joins: rafalcpp (~racalcppp@84-10-11-234.static.chello.pl)
[06:54:38] *** Quits: rafalcpp_ (~racalcppp@84-10-11-234.static.chello.pl) (Ping timeout: 252 seconds)
[07:08:51] *** Quits: rafalcpp (~racalcppp@84-10-11-234.static.chello.pl) (Ping timeout: 240 seconds)
[07:09:16] *** Joins: rafalcpp (~racalcppp@84-10-11-234.static.chello.pl)
[07:14:57] *** Quits: rafalcpp (~racalcppp@84-10-11-234.static.chello.pl) (Ping timeout: 240 seconds)
[07:15:12] *** Joins: rafalcpp (~racalcppp@84-10-11-234.static.chello.pl)
[07:21:00] *** Joins: rafalcpp_ (~racalcppp@84-10-11-234.static.chello.pl)
[07:21:17] *** Quits: rafalcpp (~racalcppp@84-10-11-234.static.chello.pl) (Ping timeout: 240 seconds)
[07:32:46] *** Quits: rafalcpp_ (~racalcppp@84-10-11-234.static.chello.pl) (Ping timeout: 252 seconds)
[07:32:56] *** Joins: rafalcpp_ (~racalcppp@84-10-11-234.static.chello.pl)
[08:03:44] *** Joins: rafalcpp (~racalcppp@84-10-11-234.static.chello.pl)
[08:04:08] *** Quits: rafalcpp_ (~racalcppp@84-10-11-234.static.chello.pl) (Ping timeout: 276 seconds)
[08:11:16] <kcalvinalvin> Also, finished resume for txottlgen
[08:14:33] *** Joins: rafalcpp_ (~racalcppp@84-10-11-234.static.chello.pl)
[08:14:45] *** Quits: rafalcpp (~racalcppp@84-10-11-234.static.chello.pl) (Ping timeout: 250 seconds)
[08:28:21] <kcalvinalvin> The readmes should reaaaaally be updated...
[08:29:17] *** Quits: rafalcpp_ (~racalcppp@84-10-11-234.static.chello.pl) (Ping timeout: 240 seconds)
[08:29:22] *** Joins: rafalcpp (~racalcppp@84-10-11-234.static.chello.pl)
[08:34:03] *** Quits: rafalcpp (~racalcppp@84-10-11-234.static.chello.pl) (Ping timeout: 240 seconds)
[08:34:07] *** Joins: rafalcpp_ (~racalcppp@84-10-11-234.static.chello.pl)
[08:41:52] *** Joins: rafalcpp (~racalcppp@84-10-11-234.static.chello.pl)
[08:42:03] *** Quits: rafalcpp_ (~racalcppp@84-10-11-234.static.chello.pl) (Ping timeout: 240 seconds)
[08:59:37] *** Joins: rafalcpp_ (~racalcppp@84-10-11-234.static.chello.pl)
[09:00:07] *** Quits: rafalcpp (~racalcppp@84-10-11-234.static.chello.pl) (Ping timeout: 265 seconds)
[09:14:22] *** Joins: rafalcpp (~racalcppp@84-10-11-234.static.chello.pl)
[09:14:37] *** Quits: rafalcpp_ (~racalcppp@84-10-11-234.static.chello.pl) (Ping timeout: 265 seconds)
[09:27:08] *** Joins: rafalcpp_ (~racalcppp@84-10-11-234.static.chello.pl)
[09:27:11] *** Quits: rafalcpp (~racalcppp@84-10-11-234.static.chello.pl) (Ping timeout: 265 seconds)
[09:33:59] *** Joins: rafalcpp (~racalcppp@84-10-11-234.static.chello.pl)
[09:34:52] *** Quits: rafalcpp_ (~racalcppp@84-10-11-234.static.chello.pl) (Ping timeout: 252 seconds)
[09:38:47] *** Joins: rafalcpp_ (~racalcppp@84-10-11-234.static.chello.pl)
[09:40:00] *** Quits: rafalcpp (~racalcppp@84-10-11-234.static.chello.pl) (Ping timeout: 252 seconds)
[10:04:39] *** Joins: rafalcpp (~racalcppp@84-10-11-234.static.chello.pl)
[10:04:53] *** Quits: rafalcpp_ (~racalcppp@84-10-11-234.static.chello.pl) (Ping timeout: 265 seconds)
[10:10:25] *** Joins: rafalcpp_ (~racalcppp@84-10-11-234.static.chello.pl)
[10:10:53] *** Quits: rafalcpp (~racalcppp@84-10-11-234.static.chello.pl) (Ping timeout: 250 seconds)
[10:19:06] *** Quits: rafalcpp_ (~racalcppp@84-10-11-234.static.chello.pl) (Ping timeout: 246 seconds)
[10:19:15] *** Joins: rafalcpp_ (~racalcppp@84-10-11-234.static.chello.pl)
[10:27:06] *** Joins: rafalcpp (~racalcppp@84-10-11-234.static.chello.pl)
[10:27:30] *** Quits: rafalcpp_ (~racalcppp@84-10-11-234.static.chello.pl) (Ping timeout: 246 seconds)
[10:31:53] *** Joins: rafalcpp_ (~racalcppp@84-10-11-234.static.chello.pl)
[10:32:03] *** Quits: rafalcpp (~racalcppp@84-10-11-234.static.chello.pl) (Ping timeout: 240 seconds)
[10:36:42] *** Joins: rafalcpp (~racalcppp@84-10-11-234.static.chello.pl)
[10:37:16] *** Quits: rafalcpp_ (~racalcppp@84-10-11-234.static.chello.pl) (Ping timeout: 265 seconds)
[10:51:33] *** Joins: rafalcpp_ (~racalcppp@84-10-11-234.static.chello.pl)
[10:51:37] *** Quits: rafalcpp (~racalcppp@84-10-11-234.static.chello.pl) (Ping timeout: 240 seconds)
[11:08:37] *** Quits: rafalcpp_ (~racalcppp@84-10-11-234.static.chello.pl) (Ping timeout: 240 seconds)
[11:09:03] *** Joins: rafalcpp_ (~racalcppp@84-10-11-234.static.chello.pl)
[11:17:15] *** Quits: rafalcpp_ (~racalcppp@84-10-11-234.static.chello.pl) (Ping timeout: 240 seconds)
[11:17:46] *** Joins: rafalcpp_ (~racalcppp@84-10-11-234.static.chello.pl)
[11:27:33] *** Joins: rafalcpp (~racalcppp@84-10-11-234.static.chello.pl)
[11:28:01] *** Quits: rafalcpp_ (~racalcppp@84-10-11-234.static.chello.pl) (Ping timeout: 265 seconds)
[11:32:21] *** Joins: rafalcpp_ (~racalcppp@84-10-11-234.static.chello.pl)
[11:32:22] *** Quits: rafalcpp (~racalcppp@84-10-11-234.static.chello.pl) (Ping timeout: 265 seconds)
[11:39:54] *** Quits: rafalcpp_ (~racalcppp@84-10-11-234.static.chello.pl) (Ping timeout: 252 seconds)
[11:40:09] *** Joins: rafalcpp_ (~racalcppp@84-10-11-234.static.chello.pl)
[11:52:48] *** Quits: rafalcpp_ (~racalcppp@84-10-11-234.static.chello.pl) (Ping timeout: 245 seconds)
[11:58:27] *** Joins: rafalcpp_ (~racalcppp@84-10-11-234.static.chello.pl)
[12:06:17] *** Quits: rafalcpp_ (~racalcppp@84-10-11-234.static.chello.pl) (Ping timeout: 240 seconds)
[12:06:17] *** Joins: rafalcpp (~racalcppp@84-10-11-234.static.chello.pl)
[12:23:18] *** Joins: rafalcpp_ (~racalcppp@84-10-11-234.static.chello.pl)
[12:23:36] *** Quits: rafalcpp (~racalcppp@84-10-11-234.static.chello.pl) (Ping timeout: 265 seconds)
[12:27:48] *** Quits: rafalcpp_ (~racalcppp@84-10-11-234.static.chello.pl) (Ping timeout: 245 seconds)
[12:28:07] *** Joins: rafalcpp_ (~racalcppp@84-10-11-234.static.chello.pl)
[12:39:33] *** Quits: rafalcpp_ (~racalcppp@84-10-11-234.static.chello.pl) (Ping timeout: 265 seconds)
[12:39:40] *** Joins: rafalcpp (~racalcppp@84-10-11-234.static.chello.pl)
[12:54:32] *** Quits: rafalcpp (~racalcppp@84-10-11-234.static.chello.pl) (Ping timeout: 265 seconds)
[16:38:56] *** Quits: adiabat (~adiabat@63.209.32.102) (Ping timeout: 276 seconds)
[19:02:57] *** Joins: adiabat (~adiabat@63.209.32.102)
