[01:03:21] <kcalvinalvin> dergoegge It's working. Though it's only at block 280,000 now lol
[01:04:37] <kcalvinalvin> it's flushed to disk 15366 times so far
[01:21:15] *** Quits: instagibbs (~instagibb@pool-71-178-191-230.washdc.fios.verizon.net) (Quit: ZNC 1.7.4+deb7 - https://znc.in)
[01:22:01] *** Joins: instagibbs (~instagibb@pool-71-178-191-230.washdc.fios.verizon.net)
[03:21:52] <adiabat> does it seem to go at a faster pace?
[03:22:18] <adiabat> oh also I can't do a utreexo call next week on Tuesday - have to go to fun government offices all morning
[03:23:06] <adiabat> could do a different day next week, or you can have a call without me, whatever works
[08:22:20] <kcalvinalvin> I'm ok with a different day
[08:22:49] <kcalvinalvin> Also ok without Tadge
[08:48:05] *** Quits: ghost43 (~daer@gateway/tor-sasl/daer) (Remote host closed the connection)
[08:48:25] *** Joins: ghost43 (~daer@gateway/tor-sasl/daer)
[10:09:59] <dergoegge> Same time on any other day should work for me but also fine with both options
[11:08:59] *** Quits: adiabat (~adiabat@63.209.32.102) (Remote host closed the connection)
[13:16:09] *** Quits: pigeons (~pigeons@androzani.sysevolve.com) (Ping timeout: 256 seconds)
[13:16:49] *** Joins: pigeons (~pigeons@androzani.sysevolve.com)
[13:17:12] *** pigeons is now known as Guest65732
[15:53:10] *** Quits: ghost43 (~daer@gateway/tor-sasl/daer) (Remote host closed the connection)
[15:53:25] *** Joins: ghost43_ (~daer@gateway/tor-sasl/daer)
[16:54:36] *** Quits: achow101 (~achow101@unaffiliated/achow101) (Quit: Bye)
[16:56:33] *** Joins: achow101 (~achow101@unaffiliated/achow101)
[16:58:29] *** Quits: achow101 (~achow101@unaffiliated/achow101) (Client Quit)
[17:00:01] *** Joins: achow101 (~achow101@unaffiliated/achow101)
[17:06:49] <kcalvinalvin> ok so Monday, Wednesday, Thursday, Friday. I favor Monday or Wednesday
[17:35:24] *** Quits: achow101 (~achow101@unaffiliated/achow101) (Quit: Bye)
[17:35:57] *** Joins: achow101 (~achow101@unaffiliated/achow101)
[17:53:39] *** Quits: achow101 (~achow101@unaffiliated/achow101) (Read error: Connection reset by peer)
[17:53:50] *** Joins: achow101 (~achow101@unaffiliated/achow101)
[19:02:58] *** Quits: ghost43_ (~daer@gateway/tor-sasl/daer) (Remote host closed the connection)
[19:03:18] *** Joins: ghost43 (~daer@gateway/tor-sasl/daer)
[19:29:29] *** Parts: prusnak (sid403625@gateway/web/irccloud.com/x-wviwjrvoaokompmb) ()
