[08:14:16] *** Joins: ThomasV (~thomasv@unaffiliated/thomasv)
[08:18:25] *** Quits: ThomasV (~thomasv@unaffiliated/thomasv) (Remote host closed the connection)
[08:20:52] *** Joins: ThomasV (~thomasv@unaffiliated/thomasv)
[08:23:55] *** Quits: ThomasV (~thomasv@unaffiliated/thomasv) (Remote host closed the connection)
[08:27:11] *** Joins: ThomasV (~thomasv@unaffiliated/thomasv)
[08:27:50] *** Quits: ThomasV (~thomasv@unaffiliated/thomasv) (Remote host closed the connection)
[08:28:26] *** Joins: ThomasV (~thomasv@unaffiliated/thomasv)
[08:31:25] *** Quits: ThomasV (~thomasv@unaffiliated/thomasv) (Remote host closed the connection)
[08:32:48] *** Joins: ThomasV (~thomasv@unaffiliated/thomasv)
[11:19:22] *** Quits: ThomasV (~thomasv@unaffiliated/thomasv) (Ping timeout: 256 seconds)
[11:30:39] *** Quits: ghost43 (~daer@gateway/tor-sasl/daer) (Remote host closed the connection)
[11:30:39] *** Quits: jb55 (~jb55@gateway/tor-sasl/jb55) (Write error: Connection reset by peer)
[11:31:57] *** Joins: jb55 (~jb55@gateway/tor-sasl/jb55)
[11:33:00] *** Joins: ghost43 (~daer@gateway/tor-sasl/daer)
[12:29:23] *** Quits: adiabat (~adiabat@63.209.32.102) (Ping timeout: 240 seconds)
[12:42:06] <dergoegge> kcalvinalvin: just got an email from bitmex, they said no. They did not give an explanation but i guess it's because i am a very recent contributer. I hope it goes better for you!
[12:45:22] *** Joins: ThomasV (~thomasv@unaffiliated/thomasv)
[12:47:07] *** Quits: ghost43 (~daer@gateway/tor-sasl/daer) (Remote host closed the connection)
[12:47:36] *** Joins: ghost43 (~daer@gateway/tor-sasl/daer)
[13:31:24] *** Quits: ThomasV (~thomasv@unaffiliated/thomasv) (Ping timeout: 256 seconds)
[14:24:19] *** Joins: adiabat (~adiabat@63.209.32.102)
[14:55:57] *** Quits: instagibbs (~instagibb@pool-71-178-191-230.washdc.fios.verizon.net) (*.net *.split)
[14:57:27] *** Joins: instagibbs (~instagibb@pool-71-178-191-230.washdc.fios.verizon.net)
[18:29:36] *** Quits: adiabat (~adiabat@63.209.32.102) (Ping timeout: 258 seconds)
[18:44:42] *** Joins: adiabat (~adiabat@63.209.32.102)
[20:08:59] *** Quits: adiabat (~adiabat@63.209.32.102) (Ping timeout: 256 seconds)
[20:21:41] *** Joins: ThomasV (~thomasv@unaffiliated/thomasv)
[20:59:28] *** Quits: ThomasV (~thomasv@unaffiliated/thomasv) (Ping timeout: 256 seconds)
[22:54:01] *** Joins: adiabat (~adiabat@63.209.32.102)
[23:16:17] *** Quits: instagibbs (~instagibb@pool-71-178-191-230.washdc.fios.verizon.net) (*.net *.split)
[23:22:57] *** Joins: instagibbs (~instagibb@pool-71-178-191-230.washdc.fios.verizon.net)
[23:29:34] <rjected> kcalvinalvin: sorry just got a chance to look @ the btcd fork pr
[23:30:03] <rjected> approved it
