[00:06:07] *** Joins: achow101 (~achow101@unaffiliated/achow101)
[01:06:14] *** Quits: nick_freeman (~nick_free@2001:16b8:30a0:1200:a5fe:8ac1:b41d:c83b) (Remote host closed the connection)
[01:11:02] *** Joins: nick_freeman (~nick_free@2001:16b8:30a0:1200:a5fe:8ac1:b41d:c83b)
[01:15:06] *** Quits: nick_freeman (~nick_free@2001:16b8:30a0:1200:a5fe:8ac1:b41d:c83b) (Ping timeout: 240 seconds)
[01:23:04] *** Joins: nick_freeman (~nick_free@2001:16b8:30a0:1200:a5fe:8ac1:b41d:c83b)
[01:23:51] *** Joins: nick_fre_ (~nick_free@2001:16b8:30a0:1200:2527:5e56:9098:95e1)
[01:25:52] *** Quits: nick_fre_ (~nick_free@2001:16b8:30a0:1200:2527:5e56:9098:95e1) (Remote host closed the connection)
[01:27:54] *** Quits: nick_freeman (~nick_free@2001:16b8:30a0:1200:a5fe:8ac1:b41d:c83b) (Ping timeout: 256 seconds)
[01:40:44] *** Joins: nick_freeman (~nick_free@2001:16b8:30a0:1200:2527:5e56:9098:95e1)
[01:41:19] *** Joins: nick_fre_ (~nick_free@2001:16b8:30a0:1200:fde1:b4f9:d6e7:93e7)
[01:45:31] *** Quits: nick_freeman (~nick_free@2001:16b8:30a0:1200:2527:5e56:9098:95e1) (Ping timeout: 272 seconds)
[02:03:53] *** Quits: nick_fre_ (~nick_free@2001:16b8:30a0:1200:fde1:b4f9:d6e7:93e7) (Remote host closed the connection)
[02:16:18] *** Joins: nick_freeman (~nick_free@2001:16b8:30a0:1200:fde1:b4f9:d6e7:93e7)
[02:16:56] *** Joins: nick_fre_ (~nick_free@2001:16b8:30a0:1200:cc43:213d:e963:545a)
[02:20:26] *** Quits: nick_freeman (~nick_free@2001:16b8:30a0:1200:fde1:b4f9:d6e7:93e7) (Ping timeout: 240 seconds)
[02:22:52] *** Quits: nick_fre_ (~nick_free@2001:16b8:30a0:1200:cc43:213d:e963:545a) (Remote host closed the connection)
[02:24:16] *** Joins: nick_freeman (~nick_free@2001:16b8:30a0:1200:cc43:213d:e963:545a)
[02:33:35] *** Quits: nick_freeman (~nick_free@2001:16b8:30a0:1200:cc43:213d:e963:545a) (Remote host closed the connection)
[02:47:01] *** Joins: nick_freeman (~nick_free@92.116.142.66)
[02:48:49] *** Joins: nick_fre_ (~nick_free@92.116.142.66)
[02:48:49] *** Quits: nick_freeman (~nick_free@92.116.142.66) (Read error: Connection reset by peer)
[02:49:31] *** Joins: nick_freeman (~nick_free@2001:16b8:30e2:a200:1024:aea5:ae58:2390)
[02:49:31] *** Quits: nick_fre_ (~nick_free@92.116.142.66) (Read error: Connection reset by peer)
[02:52:44] *** Quits: nick_freeman (~nick_free@2001:16b8:30e2:a200:1024:aea5:ae58:2390) (Remote host closed the connection)
[02:54:16] *** Joins: nick_freeman (~nick_free@2001:16b8:30e2:a200:1024:aea5:ae58:2390)
[02:58:34] *** Quits: nick_freeman (~nick_free@2001:16b8:30e2:a200:1024:aea5:ae58:2390) (Ping timeout: 256 seconds)
[03:35:02] *** Joins: nick_freeman (~nick_free@2001:16b8:30e2:a200:c967:5554:f288:f253)
[03:41:09] *** Quits: nick_freeman (~nick_free@2001:16b8:30e2:a200:c967:5554:f288:f253) (Remote host closed the connection)
[03:51:25] *** Joins: nick_freeman (~nick_free@2001:16b8:30e2:a200:c967:5554:f288:f253)
[03:52:23] *** Joins: nick_fre_ (~nick_free@92.116.142.66)
[03:55:59] *** Quits: nick_freeman (~nick_free@2001:16b8:30e2:a200:c967:5554:f288:f253) (Ping timeout: 272 seconds)
[04:28:22] *** Quits: nick_fre_ (~nick_free@92.116.142.66) (Remote host closed the connection)
[04:29:45] *** Joins: nick_freeman (~nick_free@2001:16b8:30e2:a200:d0e9:6b9b:ec90:bcef)
[04:31:29] *** Quits: nick_freeman (~nick_free@2001:16b8:30e2:a200:d0e9:6b9b:ec90:bcef) (Remote host closed the connection)
[04:59:36] <ysangkok> i am wondering how you can know which uint64 an inserted hash is assigned to
[05:03:04] *** Quits: achow101 (~achow101@unaffiliated/achow101) (Quit: Bye)
[05:12:57] *** Joins: achow101 (~achow101@unaffiliated/achow101)
[05:55:37] *** Joins: achow101_ (~achow101@unaffiliated/achow101)
[05:56:56] *** Quits: achow101 (~achow101@unaffiliated/achow101) (Ping timeout: 268 seconds)
[06:30:56] *** Quits: achow101_ (~achow101@unaffiliated/achow101) (Quit: Bye)
[06:31:48] *** Joins: achow101 (~achow101@unaffiliated/achow101)
[09:05:02] *** Joins: nick_freeman (~nick_free@2001:16b8:30e2:a200:590f:c388:d48d:76c1)
[09:37:01] *** Quits: nick_freeman (~nick_free@2001:16b8:30e2:a200:590f:c388:d48d:76c1) (Remote host closed the connection)
[11:37:30] *** Joins: nick_freeman (~nick_free@2001:16b8:30e2:a200:590f:c388:d48d:76c1)
[11:38:27] *** Joins: nick_fre_ (~nick_free@2001:16b8:30e2:a200:5cc8:95f2:255f:4ac7)
[11:41:46] *** Quits: nick_freeman (~nick_free@2001:16b8:30e2:a200:590f:c388:d48d:76c1) (Ping timeout: 240 seconds)
[11:42:26] *** Quits: nick_fre_ (~nick_free@2001:16b8:30e2:a200:5cc8:95f2:255f:4ac7) (Ping timeout: 240 seconds)
[12:22:34] *** Joins: nick_freeman (~nick_free@92.116.142.66)
[12:25:48] *** Quits: nick_freeman (~nick_free@92.116.142.66) (Remote host closed the connection)
[12:37:06] *** Joins: nick_freeman (~nick_free@2001:16b8:30e2:a200:5ca5:df80:f3a6:e817)
[12:37:50] *** Joins: nick_fre_ (~nick_free@2001:16b8:30e2:a200:d852:2a3b:82ee:7a5e)
[12:41:26] *** Quits: nick_freeman (~nick_free@2001:16b8:30e2:a200:5ca5:df80:f3a6:e817) (Ping timeout: 240 seconds)
[13:21:37] *** Quits: nick_fre_ (~nick_free@2001:16b8:30e2:a200:d852:2a3b:82ee:7a5e) (Remote host closed the connection)
[13:24:34] *** Joins: nick_freeman (~nick_free@2001:16b8:30e2:a200:d852:2a3b:82ee:7a5e)
[13:44:59] *** Quits: gojiHmPFPN (~textual@c-73-47-220-190.hsd1.ma.comcast.net) (Quit: My MacBook has gone to sleep. ZZZzzz…)
[14:11:19] *** Quits: nick_freeman (~nick_free@2001:16b8:30e2:a200:d852:2a3b:82ee:7a5e) (Remote host closed the connection)
[16:11:47] *** Joins: nick_freeman (~nick_free@2001:16b8:30e2:a200:d852:2a3b:82ee:7a5e)
[16:12:41] *** Joins: nick_fre_ (~nick_free@2001:16b8:30e2:a200:2058:24aa:8f4e:aca5)
[16:16:21] *** Quits: nick_freeman (~nick_free@2001:16b8:30e2:a200:d852:2a3b:82ee:7a5e) (Ping timeout: 272 seconds)
[16:17:00] *** Quits: nick_fre_ (~nick_free@2001:16b8:30e2:a200:2058:24aa:8f4e:aca5) (Ping timeout: 256 seconds)
[16:25:54] *** Joins: gojiHmPFPN (~textual@c-73-47-220-190.hsd1.ma.comcast.net)
[16:48:22] <adiabat> ysangkok: ah sorry, I explained it to kcalvinalvin on jitsi but didn't write anything on github, can write & close
[16:49:01] <adiabat> ysangkok: for knowing "where" a hash is, there's the forest.positionMap
[16:49:26] <adiabat> give it a (truncated) hash, and it will give the uint64 position back
[16:49:56] <adiabat> which... is annoying and means that the bridge nodes will probably need leveldb or something like that.
[16:50:12] <adiabat> right now we can regenerate the whole map just by reading through the base of the tree
[16:58:17] *** Joins: nick_freeman (~nick_free@2001:16b8:30e2:a200:fc86:2abf:b899:92f3)
[17:09:29] *** Quits: nick_freeman (~nick_free@2001:16b8:30e2:a200:fc86:2abf:b899:92f3) (Remote host closed the connection)
[17:39:17] *** Joins: nick_freeman (~nick_free@2001:16b8:30e2:a200:8d68:62c4:5660:770e)
[17:43:38] *** Quits: nick_freeman (~nick_free@2001:16b8:30e2:a200:8d68:62c4:5660:770e) (Ping timeout: 245 seconds)
[19:38:51] *** Joins: nick_freeman (~nick_free@2001:16b8:30e2:a200:8d68:62c4:5660:770e)
[19:55:10] *** Quits: nick_freeman (~nick_free@2001:16b8:30e2:a200:8d68:62c4:5660:770e) (Remote host closed the connection)
[19:55:37] *** Joins: nick_freeman (~nick_free@2001:16b8:30e2:a200:8d68:62c4:5660:770e)
[19:55:45] *** Quits: nick_freeman (~nick_free@2001:16b8:30e2:a200:8d68:62c4:5660:770e) (Remote host closed the connection)
[19:55:52] *** Joins: nick_freeman (~nick_free@2001:16b8:30e2:a200:8d68:62c4:5660:770e)
[20:05:39] *** Quits: nick_freeman (~nick_free@2001:16b8:30e2:a200:8d68:62c4:5660:770e) (Remote host closed the connection)
[20:10:08] *** Joins: nick_freeman (~nick_free@2001:16b8:30e2:a200:8d68:62c4:5660:770e)
[20:14:56] *** Quits: nick_freeman (~nick_free@2001:16b8:30e2:a200:8d68:62c4:5660:770e) (Remote host closed the connection)
[20:16:41] *** Joins: nick_freeman (~nick_free@2001:16b8:30e2:a200:8d68:62c4:5660:770e)
[20:21:35] *** Quits: nick_freeman (~nick_free@2001:16b8:30e2:a200:8d68:62c4:5660:770e) (Remote host closed the connection)
[20:22:02] *** Joins: nick_freeman (~nick_free@2001:16b8:30e2:a200:8d68:62c4:5660:770e)
[20:23:40] *** Quits: nick_freeman (~nick_free@2001:16b8:30e2:a200:8d68:62c4:5660:770e) (Remote host closed the connection)
[20:23:43] *** Joins: nick_fre_ (~nick_free@2001:16b8:30e2:a200:8d68:62c4:5660:770e)
[20:31:53] *** Quits: nick_fre_ (~nick_free@2001:16b8:30e2:a200:8d68:62c4:5660:770e) (Remote host closed the connection)
[20:34:53] *** Joins: nick_freeman (~nick_free@2001:16b8:30e2:a200:8d68:62c4:5660:770e)
[23:02:43] <ysangkok> adiabat: do you think it would make sense to have that in the public API? i could make a PR with a public method that gives you a ([Hash]map uint64) for a ([Hash]map struct{})
[23:05:36] <ysangkok> oops, messed up the syntax there, i meant map[Hash]uint64 and map[Hash]struct{}
[23:25:41] *** Quits: gojiHmPFPN (~textual@c-73-47-220-190.hsd1.ma.comcast.net) (Quit: My MacBook has gone to sleep. ZZZzzz…)
