[00:48:03] *** Quits: ghost43 (~daer@gateway/tor-sasl/daer) (Ping timeout: 240 seconds)
[00:48:45] *** Joins: ghost43 (~daer@gateway/tor-sasl/daer)
[03:23:00] <kcalvinalvin> adiabat niklas can't do wednesday. Has to be either thurs or fri
[03:40:00] *** Quits: jb55 (~jb55@gateway/tor-sasl/jb55) (Remote host closed the connection)
[09:29:43] *** Quits: ghost43 (~daer@gateway/tor-sasl/daer) (Ping timeout: 240 seconds)
[09:32:07] *** Joins: ghost43 (~daer@gateway/tor-sasl/daer)
[10:03:03] *** Quits: ghost43 (~daer@gateway/tor-sasl/daer) (Ping timeout: 240 seconds)
[10:07:30] *** Joins: ghost43 (~daer@gateway/tor-sasl/daer)
[15:50:20] *** Joins: jb55 (~jb55@gateway/tor-sasl/jb55)
[17:35:06] *** Quits: jb55 (~jb55@gateway/tor-sasl/jb55) (Remote host closed the connection)
[17:37:06] *** Quits: felixweis (sid154231@gateway/web/irccloud.com/x-vqevwrayegyhoxun) (Ping timeout: 246 seconds)
[17:37:12] *** Quits: fanquake (sid369002@gateway/web/irccloud.com/x-eksnczgmxnivlsca) (Ping timeout: 260 seconds)
[17:37:12] *** Quits: jamesob (sid180710@gateway/web/irccloud.com/x-jkrjxdqaspqhedhy) (Ping timeout: 260 seconds)
[17:37:43] *** Quits: RubenSomsen (sid301948@gateway/web/irccloud.com/x-lrokbsurnqtoyeht) (Ping timeout: 260 seconds)
[17:37:46] *** Quits: dergoegge (sid453889@gateway/web/irccloud.com/x-sswuueloqcmejcew) (Ping timeout: 256 seconds)
[17:38:02] *** Quits: fjahr (sid374480@gateway/web/irccloud.com/x-xxhgfjymcdjzupvi) (Ping timeout: 260 seconds)
[17:38:27] *** Quits: digi_james (sid281632@gateway/web/irccloud.com/x-ckyalkebeycczlce) (Ping timeout: 244 seconds)
[17:49:26] *** Joins: dergoegge (sid453889@gateway/web/irccloud.com/x-apiaqqlsgdsxkjrj)
[17:50:09] *** Joins: fjahr (sid374480@gateway/web/irccloud.com/x-mhucahffcjrazsug)
[17:50:38] *** Joins: digi_james (sid281632@gateway/web/irccloud.com/x-njzbieksnuoushjd)
[17:54:29] *** Joins: fanquake (sid369002@gateway/web/irccloud.com/x-wetyrnkfmisripxh)
[17:58:37] *** Joins: felixweis (sid154231@gateway/web/irccloud.com/x-imvmwyczsyyifppw)
[18:10:25] *** Joins: RubenSomsen (sid301948@gateway/web/irccloud.com/x-ezdlvbmqqcwlpxjv)
[18:12:19] *** Joins: jamesob (sid180710@gateway/web/irccloud.com/x-rpyqemdnjcyxvuvu)
[20:52:23] *** Quits: ghost43 (~daer@gateway/tor-sasl/daer) (Ping timeout: 240 seconds)
[20:53:54] *** Joins: ghost43 (~daer@gateway/tor-sasl/daer)
[21:00:48] <adiabat> ah OK thursday then?
[21:30:41] <dergoegge> 👍
[21:52:39] *** Quits: jamesob (sid180710@gateway/web/irccloud.com/x-rpyqemdnjcyxvuvu) (Ping timeout: 244 seconds)
[21:52:45] *** Quits: digi_james (sid281632@gateway/web/irccloud.com/x-njzbieksnuoushjd) (Ping timeout: 272 seconds)
[21:53:10] *** Quits: felixweis (sid154231@gateway/web/irccloud.com/x-imvmwyczsyyifppw) (Ping timeout: 244 seconds)
[21:53:27] *** Quits: dergoegge (sid453889@gateway/web/irccloud.com/x-apiaqqlsgdsxkjrj) (Ping timeout: 240 seconds)
[21:53:32] *** Quits: RubenSomsen (sid301948@gateway/web/irccloud.com/x-ezdlvbmqqcwlpxjv) (Ping timeout: 260 seconds)
[21:54:23] *** Quits: fjahr (sid374480@gateway/web/irccloud.com/x-mhucahffcjrazsug) (Ping timeout: 260 seconds)
[21:55:02] *** Joins: dergoegge (sid453889@gateway/web/irccloud.com/x-emtymwgkrvvqyizg)
[21:55:44] *** Joins: digi_james (sid281632@gateway/web/irccloud.com/x-ybgmrpzqidouzgpo)
[21:55:56] *** Joins: fjahr (sid374480@gateway/web/irccloud.com/x-dmlcmuddvuflzgsf)
[21:56:02] *** Joins: RubenSomsen (sid301948@gateway/web/irccloud.com/x-rhglvnghwhhrcoaz)
[21:56:08] *** Joins: jamesob (sid180710@gateway/web/irccloud.com/x-pmxtvqdyysmhmxas)
[21:57:33] *** Joins: felixweis (sid154231@gateway/web/irccloud.com/x-hxyatmrqpswznyge)
