[01:36:36] *** Quits: nick_freeman (~nick_free@2001:16b8:309a:e400:b8fa:eac4:7d0a:3b38) (Remote host closed the connection)
[01:44:12] *** Joins: nick_freeman (~nick_free@2001:16b8:309a:e400:b8fa:eac4:7d0a:3b38)
[01:49:07] *** Quits: nick_freeman (~nick_free@2001:16b8:309a:e400:b8fa:eac4:7d0a:3b38) (Ping timeout: 272 seconds)
[10:06:22] *** Joins: nick_freeman (~nick_free@92.116.142.217)
[16:36:40] *** Quits: nick_freeman (~nick_free@92.116.142.217) (Remote host closed the connection)
[16:37:21] *** Joins: nick_freeman (~nick_free@2001:16b8:30db:2c00:e422:2209:184d:eec3)
[16:48:35] *** Quits: nick_freeman (~nick_free@2001:16b8:30db:2c00:e422:2209:184d:eec3) (Remote host closed the connection)
[16:49:35] *** Joins: nick_freeman (~nick_free@2001:16b8:30db:2c00:e422:2209:184d:eec3)
[16:50:21] *** Joins: nick_fre_ (~nick_free@2001:16b8:30db:2c00:acaf:17f8:8871:c6a8)
[16:54:09] *** Quits: nick_freeman (~nick_free@2001:16b8:30db:2c00:e422:2209:184d:eec3) (Ping timeout: 272 seconds)
[17:18:23] *** Quits: nick_fre_ (~nick_free@2001:16b8:30db:2c00:acaf:17f8:8871:c6a8) (Remote host closed the connection)
[17:18:32] *** Joins: nick_freeman (~nick_free@2001:16b8:30db:2c00:acaf:17f8:8871:c6a8)
[17:41:36] *** Quits: nick_freeman (~nick_free@2001:16b8:30db:2c00:acaf:17f8:8871:c6a8) (Remote host closed the connection)
[17:42:11] *** Joins: nick_freeman (~nick_free@2001:16b8:30db:2c00:acaf:17f8:8871:c6a8)
[18:23:01] *** Quits: nick_freeman (~nick_free@2001:16b8:30db:2c00:acaf:17f8:8871:c6a8) (Remote host closed the connection)
[18:27:38] *** Joins: nick_freeman (~nick_free@2001:16b8:30db:2c00:acaf:17f8:8871:c6a8)
[18:33:38] *** Quits: nick_freeman (~nick_free@2001:16b8:30db:2c00:acaf:17f8:8871:c6a8) (Remote host closed the connection)
[18:38:11] *** Joins: nick_freeman (~nick_free@2001:16b8:30db:2c00:acaf:17f8:8871:c6a8)
[18:57:38] *** Quits: nick_freeman (~nick_free@2001:16b8:30db:2c00:acaf:17f8:8871:c6a8) (Remote host closed the connection)
[19:03:17] *** Joins: nick_freeman (~nick_free@2001:16b8:30db:2c00:acaf:17f8:8871:c6a8)
[19:16:00] *** Quits: nick_freeman (~nick_free@2001:16b8:30db:2c00:acaf:17f8:8871:c6a8) (Remote host closed the connection)
[19:16:36] *** Joins: nick_freeman (~nick_free@2001:16b8:30db:2c00:acaf:17f8:8871:c6a8)
[19:19:33] *** Quits: nick_freeman (~nick_free@2001:16b8:30db:2c00:acaf:17f8:8871:c6a8) (Remote host closed the connection)
[19:20:00] *** Joins: nick_freeman (~nick_free@2001:16b8:30db:2c00:acaf:17f8:8871:c6a8)
[19:20:03] *** Quits: nick_freeman (~nick_free@2001:16b8:30db:2c00:acaf:17f8:8871:c6a8) (Remote host closed the connection)
[19:20:09] *** Joins: nick_freeman (~nick_free@2001:16b8:30db:2c00:acaf:17f8:8871:c6a8)
[19:37:31] *** Quits: nick_freeman (~nick_free@2001:16b8:30db:2c00:acaf:17f8:8871:c6a8) (Remote host closed the connection)
[19:40:18] *** Joins: nick_freeman (~nick_free@2001:16b8:30db:2c00:acaf:17f8:8871:c6a8)
[23:34:02] *** Quits: nick_freeman (~nick_free@2001:16b8:30db:2c00:acaf:17f8:8871:c6a8) (Remote host closed the connection)
[23:42:46] *** Joins: nick_freeman (~nick_free@92.116.142.217)
