[02:05:47] *** Quits: gojiHmPFPN (~textual@c-73-47-220-190.hsd1.ma.comcast.net) (Quit: My MacBook has gone to sleep. ZZZzzz…)
[02:07:36] *** Joins: gojiHmPFPN (~textual@c-73-47-220-190.hsd1.ma.comcast.net)
[02:35:46] *** Quits: fanquake (sid369002@gateway/web/irccloud.com/x-dpentetezvtqljkq) (Ping timeout: 256 seconds)
[03:03:05] *** Joins: fanquake (sid369002@gateway/web/irccloud.com/x-atimgvzlvyuuhsrv)
[03:09:25] *** Quits: gojiHmPFPN (~textual@c-73-47-220-190.hsd1.ma.comcast.net) (Quit: My MacBook has gone to sleep. ZZZzzz…)
[03:54:13] *** Quits: fanquake (sid369002@gateway/web/irccloud.com/x-atimgvzlvyuuhsrv) (Ping timeout: 264 seconds)
[03:59:49] *** Joins: ThomasV (~thomasv@unaffiliated/thomasv)
[04:18:27] *** Joins: fanquake (sid369002@gateway/web/irccloud.com/x-zpfuishxfwzmfiwj)
[05:02:12] *** Quits: ThomasV (~thomasv@unaffiliated/thomasv) (Ping timeout: 256 seconds)
[05:34:41] *** Joins: ThomasV (~thomasv@unaffiliated/thomasv)
[06:17:01] *** Quits: ThomasV (~thomasv@unaffiliated/thomasv) (Ping timeout: 264 seconds)
[07:14:54] *** Joins: ThomasV (~thomasv@unaffiliated/thomasv)
[10:42:19] *** Quits: rafalcpp (~racalcppp@ip-178-214.ists.pl) (Ping timeout: 260 seconds)
[11:22:31] *** Quits: ThomasV (~thomasv@unaffiliated/thomasv) (Ping timeout: 272 seconds)
[12:12:40] *** Joins: rafalcpp (~racalcppp@ip-178-214.ists.pl)
[12:16:12] *** Joins: ThomasV (~thomasv@unaffiliated/thomasv)
[13:03:13] *** Quits: ThomasV (~thomasv@unaffiliated/thomasv) (Ping timeout: 272 seconds)
[13:32:20] *** Joins: ThomasV (~thomasv@unaffiliated/thomasv)
[15:23:26] *** Joins: gojiHmPFPN (~textual@c-73-47-220-190.hsd1.ma.comcast.net)
[15:34:44] *** Quits: gojiHmPFPN (~textual@c-73-47-220-190.hsd1.ma.comcast.net) (Quit: My MacBook has gone to sleep. ZZZzzz…)
[16:06:50] *** Joins: gojiHmPFPN (~textual@c-73-47-220-190.hsd1.ma.comcast.net)
[16:30:13] *** Quits: gojiHmPFPN (~textual@c-73-47-220-190.hsd1.ma.comcast.net) (Quit: My MacBook has gone to sleep. ZZZzzz…)
[17:03:54] *** Joins: gojiHmPFPN (~textual@c-73-47-220-190.hsd1.ma.comcast.net)
[17:39:26] *** Quits: gojiHmPFPN (~textual@c-73-47-220-190.hsd1.ma.comcast.net) (Quit: My MacBook has gone to sleep. ZZZzzz…)
[17:51:15] *** Joins: gojiHmPFPN (~textual@c-73-47-220-190.hsd1.ma.comcast.net)
[18:59:13] *** Quits: gojiHmPFPN (~textual@c-73-47-220-190.hsd1.ma.comcast.net) (Read error: Connection reset by peer)
[19:26:23] *** Quits: ThomasV (~thomasv@unaffiliated/thomasv) (Ping timeout: 272 seconds)
[20:37:38] *** Joins: ThomasV (~thomasv@unaffiliated/thomasv)
[21:03:49] *** Quits: ThomasV (~thomasv@unaffiliated/thomasv) (Ping timeout: 264 seconds)
