[01:45:44] *** Joins: ThomasV (~thomasv@unaffiliated/thomasv)
[03:20:37] *** Quits: ThomasV (~thomasv@unaffiliated/thomasv) (Ping timeout: 264 seconds)
[03:35:39] *** Joins: ThomasV (~thomasv@unaffiliated/thomasv)
[04:02:03] *** Quits: jb55 (~jb55@gateway/tor-sasl/jb55) (Remote host closed the connection)
[04:05:24] *** Joins: jb55 (~jb55@gateway/tor-sasl/jb55)
[04:15:57] *** Quits: ghost43 (~daer@gateway/tor-sasl/daer) (Remote host closed the connection)
[04:16:42] *** Joins: ghost43 (~daer@gateway/tor-sasl/daer)
[05:51:13] *** Quits: ThomasV (~thomasv@unaffiliated/thomasv) (Ping timeout: 264 seconds)
[08:16:26] *** Joins: ThomasV (~thomasv@unaffiliated/thomasv)
[10:11:07] *** Quits: ThomasV (~thomasv@unaffiliated/thomasv) (Ping timeout: 272 seconds)
[11:48:36] *** Joins: ThomasV (~thomasv@unaffiliated/thomasv)
[14:28:53] *** Quits: ThomasV (~thomasv@unaffiliated/thomasv) (Ping timeout: 272 seconds)
[14:53:03] *** Quits: adiabat (~adiabat@63.209.32.102) (Remote host closed the connection)
[15:02:05] *** Joins: adiabat (~adiabat@63.209.32.102)
[15:30:51] *** Joins: ThomasV (~thomasv@unaffiliated/thomasv)
[15:41:04] *** Quits: adiabat (~adiabat@63.209.32.102) (Remote host closed the connection)
[15:42:57] *** Joins: adiabat (~adiabat@63.209.32.102)
[16:44:25] *** Quits: ThomasV (~thomasv@unaffiliated/thomasv) (Ping timeout: 272 seconds)
[20:10:47] *** Joins: fjahr_ (sid374480@gateway/web/irccloud.com/x-rttuizyvrxqquuxg)
[20:11:25] *** Joins: jamesob_ (sid180710@gateway/web/irccloud.com/x-zqvulwiyybduvnkg)
[20:18:54] *** Quits: fjahr (sid374480@gateway/web/irccloud.com/x-nnnlcpasqlezucfe) (*.net *.split)
[20:18:54] *** Quits: jamesob (sid180710@gateway/web/irccloud.com/x-jggcdmnrhnqruafg) (*.net *.split)
[20:18:55] *** jamesob_ is now known as jamesob
[20:18:59] *** fjahr_ is now known as fjahr
[20:29:02] *** Joins: ThomasV (~thomasv@unaffiliated/thomasv)
[22:43:25] *** Quits: ThomasV (~thomasv@unaffiliated/thomasv) (Ping timeout: 264 seconds)
