[10:08:00] *** Quits: kanzure (~kanzure@unaffiliated/kanzure) (Ping timeout: 256 seconds)
[10:09:03] *** Joins: kanzure (~kanzure@unaffiliated/kanzure)
[10:09:23] *** Quits: fjahr (sid374480@gateway/web/irccloud.com/x-fkopmipbioxkvxko) (Ping timeout: 246 seconds)
[10:10:44] *** Quits: jb55 (~jb55@gateway/tor-sasl/jb55) (Ping timeout: 240 seconds)
[10:12:01] *** Quits: RubenSomsen (sid301948@gateway/web/irccloud.com/x-gasdhhiyorhasrtn) (Ping timeout: 244 seconds)
[10:12:26] *** Quits: prusnak (sid403625@gateway/web/irccloud.com/x-gcivvuybaramuwjp) (Ping timeout: 244 seconds)
[10:13:56] *** Joins: prusnak (sid403625@gateway/web/irccloud.com/x-jpqkfbpbnizcdkrm)
[10:14:16] *** Joins: RubenSomsen (sid301948@gateway/web/irccloud.com/x-yfrrbfgsswsyrbkv)
[10:15:04] *** Joins: fjahr (sid374480@gateway/web/irccloud.com/x-bmmgceumnrjoxebt)
[10:17:51] *** Joins: jb55 (~jb55@gateway/tor-sasl/jb55)
[10:19:26] *** Quits: RubenSomsen (sid301948@gateway/web/irccloud.com/x-yfrrbfgsswsyrbkv) (Ping timeout: 240 seconds)
[10:43:26] *** Joins: RubenSomsen (sid301948@gateway/web/irccloud.com/x-aqolxnngszwnhkay)
[11:41:24] *** Quits: RubenSomsen (sid301948@gateway/web/irccloud.com/x-aqolxnngszwnhkay) (Read error: Connection reset by peer)
[11:43:38] *** Joins: RubenSomsen (sid301948@gateway/web/irccloud.com/x-vpxuulrxglihqous)
[11:53:11] *** Quits: instagibbs (~instagibb@pool-71-178-191-230.washdc.fios.verizon.net) (Ping timeout: 256 seconds)
[11:53:28] *** Joins: instagibbs (~instagibb@pool-71-178-191-230.washdc.fios.verizon.net)
[12:15:22] *** Quits: RubenSomsen (sid301948@gateway/web/irccloud.com/x-vpxuulrxglihqous) (Read error: Connection reset by peer)
[12:15:37] *** Joins: RubenSomsen (sid301948@gateway/web/irccloud.com/x-rzltpiolpyezbscf)
[12:37:42] *** Quits: RubenSomsen (sid301948@gateway/web/irccloud.com/x-rzltpiolpyezbscf) (Ping timeout: 244 seconds)
[12:40:06] *** Joins: RubenSomsen (sid301948@gateway/web/irccloud.com/x-jtzagdzztgwrkvbx)
[13:32:22] *** Quits: digi_james (sid281632@gateway/web/irccloud.com/x-zxvanojkpslpezus) (Read error: Connection reset by peer)
[13:32:56] *** Joins: digi_james (sid281632@gateway/web/irccloud.com/x-sdmniruwkbrwrymz)
[15:02:39] *** Quits: belcher (~belcher@unaffiliated/belcher) (Quit: Leaving)
[16:41:30] *** Quits: jb55 (~jb55@gateway/tor-sasl/jb55) (Remote host closed the connection)
[17:02:51] *** Joins: jb55 (~jb55@gateway/tor-sasl/jb55)
[17:06:24] *** Quits: jb55 (~jb55@gateway/tor-sasl/jb55) (Remote host closed the connection)
[17:07:31] *** Joins: jb55 (~jb55@gateway/tor-sasl/jb55)
