[02:13:17] *** Quits: nick_freeman (~nick_free@2001:16b8:30d9:7600:655c:390c:4935:6cc) (Remote host closed the connection)
[02:15:42] *** Joins: nick_freeman (~nick_free@2001:16b8:30d9:7600:655c:390c:4935:6cc)
[02:44:23] *** Joins: nick_fre_ (~nick_free@2001:16b8:3018:3d00:7895:8304:b14f:b010)
[02:48:43] *** Quits: nick_freeman (~nick_free@2001:16b8:30d9:7600:655c:390c:4935:6cc) (Ping timeout: 272 seconds)
[05:05:24] *** Quits: nick_fre_ (~nick_free@2001:16b8:3018:3d00:7895:8304:b14f:b010) (Remote host closed the connection)
[05:12:23] *** Joins: nick_freeman (~nick_free@2001:16b8:3018:3d00:7895:8304:b14f:b010)
[05:13:07] *** Joins: nick_fre_ (~nick_free@2001:16b8:3018:3d00:a5d1:eb2b:3ade:50cb)
[05:17:25] *** Quits: nick_fre_ (~nick_free@2001:16b8:3018:3d00:a5d1:eb2b:3ade:50cb) (Remote host closed the connection)
[05:17:33] *** Quits: nick_freeman (~nick_free@2001:16b8:3018:3d00:7895:8304:b14f:b010) (Ping timeout: 272 seconds)
[05:25:43] *** Joins: nick_freeman (~nick_free@2001:16b8:3018:3d00:a5d1:eb2b:3ade:50cb)
[05:26:24] *** Joins: nick_fre_ (~nick_free@2001:16b8:3018:3d00:341e:cdd3:c4fd:2b7d)
[05:29:46] *** Quits: nick_freeman (~nick_free@2001:16b8:3018:3d00:a5d1:eb2b:3ade:50cb) (Ping timeout: 240 seconds)
[05:59:06] *** Quits: nick_fre_ (~nick_free@2001:16b8:3018:3d00:341e:cdd3:c4fd:2b7d) (Remote host closed the connection)
[06:26:18] <ysangkok> when would you use ProveBlock and when would you use ProveMany?
[06:29:33] <ysangkok> (ProveMany is unused)
[07:59:40] *** Joins: nick_freeman (~nick_free@2001:16b8:3018:3d00:341e:cdd3:c4fd:2b7d)
[08:02:24] *** Joins: nick_fre_ (~nick_free@2001:16b8:3018:3d00:38c3:5530:3689:8011)
[08:04:08] *** Quits: nick_freeman (~nick_free@2001:16b8:3018:3d00:341e:cdd3:c4fd:2b7d) (Ping timeout: 256 seconds)
[08:06:26] *** Quits: nick_fre_ (~nick_free@2001:16b8:3018:3d00:38c3:5530:3689:8011) (Ping timeout: 240 seconds)
[10:04:17] *** Joins: nick_freeman (~nick_free@2001:16b8:3018:3d00:ddd1:e32d:df8f:c5f9)
[10:08:26] *** Quits: nick_freeman (~nick_free@2001:16b8:3018:3d00:ddd1:e32d:df8f:c5f9) (Ping timeout: 240 seconds)
[12:05:28] *** Joins: nick_freeman (~nick_free@2001:16b8:3018:3d00:d75:fdf1:a481:5dfd)
[12:10:04] *** Quits: nick_freeman (~nick_free@2001:16b8:3018:3d00:d75:fdf1:a481:5dfd) (Ping timeout: 256 seconds)
[12:16:17] *** Joins: nick_freeman (~nick_free@2001:16b8:3018:3d00:d75:fdf1:a481:5dfd)
[12:21:13] *** Quits: nick_freeman (~nick_free@2001:16b8:3018:3d00:d75:fdf1:a481:5dfd) (Remote host closed the connection)
[12:25:02] *** Joins: nick_freeman (~nick_free@2001:16b8:3018:3d00:d75:fdf1:a481:5dfd)
[13:32:42] *** Quits: nick_freeman (~nick_free@2001:16b8:3018:3d00:d75:fdf1:a481:5dfd) (Remote host closed the connection)
[13:34:56] *** Joins: nick_freeman (~nick_free@2001:16b8:3018:3d00:d75:fdf1:a481:5dfd)
[13:50:11] *** Quits: nick_freeman (~nick_free@2001:16b8:3018:3d00:d75:fdf1:a481:5dfd) (Remote host closed the connection)
[13:51:07] *** Joins: nick_freeman (~nick_free@2001:16b8:3018:3d00:d75:fdf1:a481:5dfd)
[13:59:06] *** Quits: rafalcpp_ (~racalcppp@ip-178-211.ists.pl) (Ping timeout: 256 seconds)
[14:20:04] *** Quits: nick_freeman (~nick_free@2001:16b8:3018:3d00:d75:fdf1:a481:5dfd) (Remote host closed the connection)
[14:20:14] *** Joins: nick_freeman (~nick_free@2001:16b8:3018:3d00:d75:fdf1:a481:5dfd)
[14:45:49] *** Quits: nick_freeman (~nick_free@2001:16b8:3018:3d00:d75:fdf1:a481:5dfd) (Remote host closed the connection)
[15:18:12] *** Joins: nick_freeman (~nick_free@92.116.131.240)
[15:21:21] *** Quits: nick_freeman (~nick_free@92.116.131.240) (Remote host closed the connection)
[15:21:28] *** Joins: nick_fre_ (~nick_free@2001:16b8:3018:3d00:4413:220d:f8b0:6757)
[15:22:14] *** Joins: nick_freeman (~nick_free@2001:16b8:3018:3d00:9081:6fa6:3795:8099)
[15:26:08] *** Quits: nick_fre_ (~nick_free@2001:16b8:3018:3d00:4413:220d:f8b0:6757) (Ping timeout: 256 seconds)
[15:30:15] *** Joins: nick_fre_ (~nick_free@92.116.131.240)
[15:30:40] *** Quits: nick_freeman (~nick_free@2001:16b8:3018:3d00:9081:6fa6:3795:8099) (Ping timeout: 256 seconds)
[17:30:03] *** Quits: jb55 (~jb55@gateway/tor-sasl/jb55) (Ping timeout: 240 seconds)
[17:32:37] *** Joins: jb55 (~jb55@gateway/tor-sasl/jb55)
[17:51:27] <kcalvinalvin> ysangkok ProveBlock() is used to generate the proof for one block's spends (TxIn). It's the main workhorse right now
[17:51:45] <kcalvinalvin> https://github.com/mit-dci/utreexo/blob/83e7e98d3fcd4679bd8e7e5a28614ef3542194e8/cmd/bridgenode/genproofs.go#L204
[17:52:01] <ysangkok> yeah, i saw it is being used, and i tested it, and it works
[17:52:12] <ysangkok> i just don't understand what ProveMany is for?
[17:52:23] <kcalvinalvin> Provemany only seems to be used for general testing in the early days
[17:52:43] <kcalvinalvin> Prob don't need it
[20:31:32] *** Quits: nick_fre_ (~nick_free@92.116.131.240) (Remote host closed the connection)
[20:34:55] *** Joins: nick_freeman (~nick_free@2001:16b8:3018:3d00:8d9c:394a:b7a6:7e0b)
[20:36:39] *** Quits: nick_freeman (~nick_free@2001:16b8:3018:3d00:8d9c:394a:b7a6:7e0b) (Remote host closed the connection)
[20:37:06] *** Joins: nick_freeman (~nick_free@2001:16b8:3018:3d00:8d9c:394a:b7a6:7e0b)
[20:39:42] *** Quits: nick_freeman (~nick_free@2001:16b8:3018:3d00:8d9c:394a:b7a6:7e0b) (Remote host closed the connection)
[20:39:50] *** Joins: nick_freeman (~nick_free@2001:16b8:3018:3d00:8d9c:394a:b7a6:7e0b)
[20:43:46] *** Quits: nick_freeman (~nick_free@2001:16b8:3018:3d00:8d9c:394a:b7a6:7e0b) (Read error: Connection reset by peer)
[20:44:13] *** Joins: nick_freeman (~nick_free@2001:16b8:3018:3d00:8d9c:394a:b7a6:7e0b)
[20:48:39] *** Quits: nick_freeman (~nick_free@2001:16b8:3018:3d00:8d9c:394a:b7a6:7e0b) (Remote host closed the connection)
[20:58:27] *** Joins: nick_freeman (~nick_free@2001:16b8:3018:3d00:8d9c:394a:b7a6:7e0b)
[20:59:10] *** Joins: nick_fre_ (~nick_free@92.116.131.240)
[21:02:20] *** Quits: nick_fre_ (~nick_free@92.116.131.240) (Remote host closed the connection)
[21:03:18] *** Quits: nick_freeman (~nick_free@2001:16b8:3018:3d00:8d9c:394a:b7a6:7e0b) (Ping timeout: 256 seconds)
[21:11:41] *** Quits: pigeons (~pigeons@androzani.sysevolve.com) (*.net *.split)
[21:11:42] *** Quits: ysangkok (janus@anubis.0x90.dk) (*.net *.split)
[21:11:42] *** Joins: nick_freeman (~nick_free@2001:16b8:3018:3d00:c5e2:b7fc:95c9:115d)
[21:12:26] *** Joins: nick_fre_ (~nick_free@2001:16b8:3018:3d00:55f7:250f:eed4:73ac)
[21:12:40] *** Joins: pigeons (~pigeons@androzani.sysevolve.com)
[21:12:40] *** Joins: ysangkok (janus@anubis.0x90.dk)
[21:16:20] *** Quits: nick_freeman (~nick_free@2001:16b8:3018:3d00:c5e2:b7fc:95c9:115d) (Ping timeout: 256 seconds)
[21:18:15] *** Quits: nick_fre_ (~nick_free@2001:16b8:3018:3d00:55f7:250f:eed4:73ac) (Remote host closed the connection)
[21:21:51] *** Joins: nick_freeman (~nick_free@2001:16b8:3018:3d00:55f7:250f:eed4:73ac)
