[00:00:21] *** Quits: nick_freeman (~nick_free@2001:16b8:304d:bb00:748a:b261:22b9:c24b) (Remote host closed the connection)
[06:30:15] *** Quits: achow101 (~achow101@unaffiliated/achow101) (Ping timeout: 260 seconds)
[06:30:40] *** Joins: achow101 (~achow101@unaffiliated/achow101)
[08:36:55] *** Joins: nick_freeman (~nick_free@i5C748068.versanet.de)
[08:48:32] *** Quits: nick_freeman (~nick_free@i5C748068.versanet.de) (Read error: Connection reset by peer)
[08:54:11] *** Joins: nick_freeman (~nick_free@2001:16b8:30aa:1900:b9dd:a53b:19a4:da0e)
[08:54:55] *** Quits: nick_freeman (~nick_free@2001:16b8:30aa:1900:b9dd:a53b:19a4:da0e) (Remote host closed the connection)
[08:55:47] *** Joins: nick_freeman (~nick_free@i5C748068.versanet.de)
[09:00:30] *** Quits: nick_freeman (~nick_free@i5C748068.versanet.de) (Remote host closed the connection)
[09:00:57] *** Joins: nick_freeman (~nick_free@2001:16b8:30aa:1900:b9dd:a53b:19a4:da0e)
[09:02:51] *** Quits: nick_freeman (~nick_free@2001:16b8:30aa:1900:b9dd:a53b:19a4:da0e) (Remote host closed the connection)
[09:02:58] *** Joins: nick_freeman (~nick_free@2001:16b8:30aa:1900:b9dd:a53b:19a4:da0e)
[10:50:03] *** Quits: jb55 (~jb55@gateway/tor-sasl/jb55) (Ping timeout: 240 seconds)
[10:50:55] *** Joins: jb55 (~jb55@gateway/tor-sasl/jb55)
[12:56:32] <kcalvinalvin> are we good?
[13:03:05] <adiabat> hey - 9:30 call? OK
[13:03:38] <adiabat> or wait did you want to do 9?  I think it's 9:30 last few times 
[13:03:46] <kcalvinalvin> 9:30 is good
[13:03:50] <adiabat> ok
[16:19:36] *** Quits: jb55 (~jb55@gateway/tor-sasl/jb55) (Remote host closed the connection)
[16:34:11] *** Joins: jb55 (~jb55@gateway/tor-sasl/jb55)
[21:15:11] *** Joins: rjected (~dan@pool-71-184-77-198.bstnma.fios.verizon.net)
