[01:07:54] <kcalvinalvin> adiabat http://boltonb2.web.engr.illinois.edu/ looks like this guy?
[01:08:07] <kcalvinalvin> seems to be just a researcher
[01:18:20] <kcalvinalvin> https://scholar.google.com/citations?user=vz0S8igAAAAJ&hl=en
[01:18:48] <kcalvinalvin> Yeah ok two guys from UIUC working on reducing proof sizes...
[04:49:03] *** Quits: jb55 (~jb55@gateway/tor-sasl/jb55) (Ping timeout: 240 seconds)
[04:49:31] *** Joins: jb551 (~jb55@gateway/tor-sasl/jb55)
[05:24:56] *** Quits: jb551 (~jb55@gateway/tor-sasl/jb55) (Remote host closed the connection)
[05:25:58] *** Joins: jb551 (~jb55@gateway/tor-sasl/jb55)
[07:20:25] *** Quits: belcher_ (~belcher@unaffiliated/belcher) (Ping timeout: 240 seconds)
[07:27:28] *** Joins: belcher_ (~belcher@unaffiliated/belcher)
[11:09:50] *** Quits: jb551 (~jb55@gateway/tor-sasl/jb55) (Remote host closed the connection)
[11:10:37] *** Joins: jb551 (~jb55@gateway/tor-sasl/jb55)
[12:21:53] *** Quits: icota[m] (icotamatri@gateway/shell/matrix.org/x-wocbhgwztdpxeqmi) (Quit: killed)
[12:22:13] *** Quits: rjected[m] (rjectedmat@gateway/shell/matrix.org/x-isznbatiwjkosmxf) (Quit: killed)
[12:29:53] *** Joins: icota[m] (icotamatri@gateway/shell/matrix.org/x-xpbpbluppghmyxfi)
[12:55:23] *** Joins: rjected[m] (rjectedmat@gateway/shell/matrix.org/x-tcirrjbfofwhswfc)
[13:16:46] *** Quits: adiabat (~adiabat@63.209.32.102) (Ping timeout: 258 seconds)
[16:41:42] *** Joins: adiabat (~adiabat@63.209.32.102)
[17:28:27] <adiabat> that's cool then, could invite them to the utreexo call
[18:31:59] *** Quits: nothingmuch (~nothingmu@unaffiliated/nothingmuch) (Quit: ZNC - http://znc.in)
[22:50:35] <dergoegge> the ci is so fast now🚀
