[00:19:43] *** Quits: jb55 (~jb55@gateway/tor-sasl/jb55) (Ping timeout: 240 seconds)
[00:33:13] *** Joins: jb55 (~jb55@gateway/tor-sasl/jb55)
[00:35:52] *** Quits: jb55 (~jb55@gateway/tor-sasl/jb55) (Remote host closed the connection)
[00:36:40] *** Joins: jb55 (~jb55@gateway/tor-sasl/jb55)
[01:42:29] *** Joins: rsharman (44304623@c-68-48-70-35.hsd1.mi.comcast.net)
[02:11:39] *** Quits: jb55 (~jb55@gateway/tor-sasl/jb55) (Remote host closed the connection)
[02:12:25] *** Joins: jb55 (~jb55@gateway/tor-sasl/jb55)
[02:58:13] *** Quits: rsharman (44304623@c-68-48-70-35.hsd1.mi.comcast.net) (Remote host closed the connection)
[03:54:36] *** Joins: reallll (~belcher@unaffiliated/belcher)
[03:57:44] *** Quits: belcher (~belcher@unaffiliated/belcher) (Ping timeout: 256 seconds)
[04:22:54] *** Joins: takeinpppp (23bda284@132.162.189.35.bc.googleusercontent.com)
[04:30:27] *** Quits: takeinpppp (23bda284@132.162.189.35.bc.googleusercontent.com) (Remote host closed the connection)
[10:34:21] *** Quits: icota[m] (icotamatri@gateway/shell/matrix.org/x-aaajksuakyyudylt) (Quit: Bridge terminating on SIGTERM)
[10:34:37] *** Quits: rjected[m] (rjectedmat@gateway/shell/matrix.org/x-oftzxpzhaymwpncz) (Quit: Bridge terminating on SIGTERM)
[10:43:07] *** Joins: rjected[m] (rjectedmat@gateway/shell/matrix.org/x-fqhyhvpomkxdivxa)
[11:01:10] *** Joins: icota[m] (icotamatri@gateway/shell/matrix.org/x-usneaxcbtqzjekhe)
[11:10:29] *** reallll is now known as belcher
[11:35:38] *** Quits: stevenroose (~steven@2001:19f0:6801:83a:905b:86a3:2de3:9ba9) (Remote host closed the connection)
[11:35:55] *** Joins: stevenroose (~steven@irc.roose.io)
[13:59:41] <kcalvinalvin> we're on today right?
