[04:00:03] *** Quits: achow101 (~achow101@unaffiliated/achow101) (Quit: Bye)
[04:00:13] *** Joins: achow101 (~achow101@unaffiliated/achow101)
[06:16:03] *** Quits: jb55 (~jb55@gateway/tor-sasl/jb55) (Ping timeout: 240 seconds)
[06:25:28] *** Joins: jb55 (~jb55@gateway/tor-sasl/jb55)
[06:54:35] *** Quits: felixweis (sid154231@gateway/web/irccloud.com/x-krefugjevbfmhthz) (*.net *.split)
[06:54:36] *** Quits: fjahr (sid374480@gateway/web/irccloud.com/x-rbbwbtbigjvdlmkh) (*.net *.split)
[08:07:24] *** Joins: felixweis (sid154231@gateway/web/irccloud.com/x-krefugjevbfmhthz)
[08:07:24] *** Joins: fjahr (sid374480@gateway/web/irccloud.com/x-rbbwbtbigjvdlmkh)
[08:52:42] *** Quits: felixweis (sid154231@gateway/web/irccloud.com/x-krefugjevbfmhthz) (*.net *.split)
[08:52:42] *** Quits: fjahr (sid374480@gateway/web/irccloud.com/x-rbbwbtbigjvdlmkh) (*.net *.split)
[09:10:07] *** Joins: felixweis (sid154231@gateway/web/irccloud.com/x-krefugjevbfmhthz)
[09:10:07] *** Joins: fjahr (sid374480@gateway/web/irccloud.com/x-rbbwbtbigjvdlmkh)
[10:04:43] *** Quits: jb55 (~jb55@gateway/tor-sasl/jb55) (Ping timeout: 240 seconds)
[10:05:57] *** Joins: jb55 (~jb55@gateway/tor-sasl/jb55)
[12:24:01] <kcalvinalvin> Call at the same time?
[12:41:13] <dergoegge> I think so
[12:41:19] <dergoegge> In 20min
[13:01:43] <kcalvinalvin> ok I'm on
[14:01:31] <kcalvinalvin> Next week is tuesday again
[17:16:16] *** Guest65732 is now known as pigeons
[18:00:57] *** Quits: felixweis (sid154231@gateway/web/irccloud.com/x-krefugjevbfmhthz) (*.net *.split)
[18:00:57] *** Quits: fjahr (sid374480@gateway/web/irccloud.com/x-rbbwbtbigjvdlmkh) (*.net *.split)
[18:47:24] *** Joins: felixweis (sid154231@gateway/web/irccloud.com/x-krefugjevbfmhthz)
[18:47:24] *** Joins: fjahr (sid374480@gateway/web/irccloud.com/x-rbbwbtbigjvdlmkh)
[23:54:57] *** Quits: felixweis (sid154231@gateway/web/irccloud.com/x-krefugjevbfmhthz) (*.net *.split)
[23:54:57] *** Quits: fjahr (sid374480@gateway/web/irccloud.com/x-rbbwbtbigjvdlmkh) (*.net *.split)
