[04:07:58] *** Joins: jb551 (~jb55@gateway/tor-sasl/jb55)
[04:08:03] *** Quits: jb55 (~jb55@gateway/tor-sasl/jb55) (Ping timeout: 240 seconds)
[04:35:03] *** Quits: jb551 (~jb55@gateway/tor-sasl/jb55) (Ping timeout: 240 seconds)
[04:48:22] *** Joins: jb551 (~jb55@gateway/tor-sasl/jb55)
[06:40:24] *** Quits: belcher_ (~belcher@unaffiliated/belcher) (Ping timeout: 244 seconds)
[06:53:40] *** Joins: belcher_ (~belcher@unaffiliated/belcher)
[12:25:03] <adiabat> Hey I can do 09:00 EDT call today if that works
[12:25:22] <adiabat> also can go back to 9 every week if that's better for europe / asia
[12:26:10] <fanquake> I'll just be idling. Gotta finish some stuff before meeting #2
[12:43:00] <dergoegge> 9 works for me
[13:57:17] *** Joins: digi_james_ (sid281632@gateway/web/irccloud.com/x-cziqtxzbhovrsgzp)
[13:57:22] *** Joins: felixweis_ (sid154231@gateway/web/irccloud.com/x-ssguchidvcelwjsp)
[13:59:02] *** Joins: takinbo_ (~takinbo@2a01:4f8:160:60aa:fee::10)
[14:00:14] *** Quits: digi_james (sid281632@gateway/web/irccloud.com/x-nimzqushrovqmhav) (Ping timeout: 272 seconds)
[14:00:15] *** Quits: felixweis (sid154231@gateway/web/irccloud.com/x-jlmbxhhtbxlzhkla) (Ping timeout: 272 seconds)
[14:00:15] *** Quits: takinbo (~takinbo@unaffiliated/takinbo) (Ping timeout: 272 seconds)
[14:00:21] *** felixweis_ is now known as felixweis
[14:00:27] *** digi_james_ is now known as digi_james
[17:22:51] *** belcher_ is now known as belcher
[20:25:03] *** Quits: jb551 (~jb55@gateway/tor-sasl/jb55) (Ping timeout: 240 seconds)
[20:29:48] *** Joins: jb551 (~jb55@gateway/tor-sasl/jb55)
[21:10:26] *** Quits: jb551 (~jb55@gateway/tor-sasl/jb55) (Remote host closed the connection)
[21:11:14] *** Joins: jb551 (~jb55@gateway/tor-sasl/jb55)
[21:19:13] *** Quits: jb551 (~jb55@gateway/tor-sasl/jb55) (Remote host closed the connection)
[21:21:10] *** Joins: jb551 (~jb55@gateway/tor-sasl/jb55)
