[01:00:13] *** Quits: rjected (~dan@pool-71-184-77-198.bstnma.fios.verizon.net) (Ping timeout: 264 seconds)
[01:00:14] *** Joins: rjected_ (~dan@pool-71-184-77-198.bstnma.fios.verizon.net)
[01:54:37] *** Joins: nick_fre_ (~nick_free@2001:16b8:30ed:5e00:4d5d:a08b:8d6d:e463)
[01:57:26] *** Quits: nick_freeman (~nick_free@2001:16b8:30aa:cd00:61e8:7762:7dbb:752d) (Ping timeout: 240 seconds)
[06:13:30] *** Quits: tnaka (~quassel@240d:1a:759:6000:a7b1:451a:8874:e1ac) (*.net *.split)
[06:15:20] *** Joins: tnaka (~quassel@240d:1a:759:6000:a7b1:451a:8874:e1ac)
[13:02:58] *** Quits: nick_fre_ (~nick_free@2001:16b8:30ed:5e00:4d5d:a08b:8d6d:e463) (Read error: Connection reset by peer)
[13:05:34] *** Joins: nick_freeman (~nick_free@2001:16b8:30ed:5e00:4d5d:a08b:8d6d:e463)
[13:31:36] *** Quits: nick_freeman (~nick_free@2001:16b8:30ed:5e00:4d5d:a08b:8d6d:e463) (Remote host closed the connection)
[13:32:14] *** Joins: nick_freeman (~nick_free@2001:16b8:30ed:5e00:4d5d:a08b:8d6d:e463)
[13:43:00] *** Quits: nick_freeman (~nick_free@2001:16b8:30ed:5e00:4d5d:a08b:8d6d:e463) (Remote host closed the connection)
[13:43:11] *** Joins: nick_freeman (~nick_free@2001:16b8:30ed:5e00:4d5d:a08b:8d6d:e463)
[13:47:02] *** Quits: nick_freeman (~nick_free@2001:16b8:30ed:5e00:4d5d:a08b:8d6d:e463) (Remote host closed the connection)
[13:47:29] *** Joins: nick_freeman (~nick_free@2001:16b8:30ed:5e00:4d5d:a08b:8d6d:e463)
[13:51:26] *** Quits: nick_freeman (~nick_free@2001:16b8:30ed:5e00:4d5d:a08b:8d6d:e463) (Ping timeout: 240 seconds)
[13:51:50] *** Joins: nick_freeman (~nick_free@2001:16b8:30ed:5e00:4d5d:a08b:8d6d:e463)
[13:55:16] *** Quits: nick_freeman (~nick_free@2001:16b8:30ed:5e00:4d5d:a08b:8d6d:e463) (Remote host closed the connection)
[14:00:58] *** Joins: nick_freeman (~nick_free@i5C74B582.versanet.de)
[14:01:41] *** Joins: nick_fre_ (~nick_free@2001:16b8:30ed:5e00:50cd:9485:eb84:6c81)
[14:01:41] *** Quits: nick_freeman (~nick_free@i5C74B582.versanet.de) (Read error: Connection reset by peer)
[14:03:06] *** Quits: nick_fre_ (~nick_free@2001:16b8:30ed:5e00:50cd:9485:eb84:6c81) (Remote host closed the connection)
[14:03:33] *** Joins: nick_freeman (~nick_free@2001:16b8:30ed:5e00:50cd:9485:eb84:6c81)
[14:03:56] *** Quits: nick_freeman (~nick_free@2001:16b8:30ed:5e00:50cd:9485:eb84:6c81) (Remote host closed the connection)
[14:04:03] *** Joins: nick_freeman (~nick_free@i5C74B582.versanet.de)
[15:16:45] *** Quits: nick_freeman (~nick_free@i5C74B582.versanet.de) (Remote host closed the connection)
[15:17:20] *** Joins: nick_freeman (~nick_free@2001:16b8:30ed:5e00:50cd:9485:eb84:6c81)
[16:21:16] *** Joins: nick_fre_ (~nick_free@2001:16b8:30ed:5e00:50cd:9485:eb84:6c81)
[16:21:16] *** Quits: nick_freeman (~nick_free@2001:16b8:30ed:5e00:50cd:9485:eb84:6c81) (Read error: Connection reset by peer)
[16:52:39] *** Quits: nick_fre_ (~nick_free@2001:16b8:30ed:5e00:50cd:9485:eb84:6c81) (Remote host closed the connection)
[17:11:10] *** Joins: nick_freeman (~nick_free@2001:16b8:30ed:5e00:50cd:9485:eb84:6c81)
[17:15:35] *** Quits: nick_freeman (~nick_free@2001:16b8:30ed:5e00:50cd:9485:eb84:6c81) (Ping timeout: 246 seconds)
[17:19:44] *** Joins: nick_freeman (~nick_free@i5C74B582.versanet.de)
[17:38:22] *** Quits: achow101 (~achow101@unaffiliated/achow101) (Quit: Bye)
[17:39:49] *** Joins: achow101 (~achow101@unaffiliated/achow101)
[23:45:47] *** Quits: nick_freeman (~nick_free@i5C74B582.versanet.de) (Remote host closed the connection)
