[01:57:34] *** Quits: nick_fre_ (~nick_free@2001:16b8:301f:1000:a56a:d0bb:6e83:3c94) (Remote host closed the connection)
[02:01:36] *** Joins: nick_freeman (~nick_free@2001:16b8:301f:1000:a56a:d0bb:6e83:3c94)
[02:03:56] *** Quits: nick_freeman (~nick_free@2001:16b8:301f:1000:a56a:d0bb:6e83:3c94) (Remote host closed the connection)
[02:05:22] *** Joins: nick_freeman (~nick_free@2001:16b8:301f:1000:a56a:d0bb:6e83:3c94)
[02:10:43] *** Quits: nick_freeman (~nick_free@2001:16b8:301f:1000:a56a:d0bb:6e83:3c94) (Remote host closed the connection)
[02:12:25] *** Joins: nick_freeman (~nick_free@2001:16b8:301f:1000:a56a:d0bb:6e83:3c94)
[02:35:07] *** Quits: nick_freeman (~nick_free@2001:16b8:301f:1000:a56a:d0bb:6e83:3c94) (Remote host closed the connection)
[02:37:33] *** Joins: nick_freeman (~nick_free@2001:16b8:301f:1000:a56a:d0bb:6e83:3c94)
[02:51:53] *** Joins: nick_fre_ (~nick_free@2001:16b8:305d:f000:cccc:c84d:7e2f:ff98)
[02:55:33] *** Quits: nick_freeman (~nick_free@2001:16b8:301f:1000:a56a:d0bb:6e83:3c94) (Ping timeout: 272 seconds)
[06:11:56] *** Quits: nick_fre_ (~nick_free@2001:16b8:305d:f000:cccc:c84d:7e2f:ff98) (Remote host closed the connection)
[06:12:33] *** Joins: nick_freeman (~nick_free@2001:16b8:305d:f000:cccc:c84d:7e2f:ff98)
[06:16:42] *** Quits: nick_freeman (~nick_free@2001:16b8:305d:f000:cccc:c84d:7e2f:ff98) (Ping timeout: 252 seconds)
[06:45:11] *** Joins: nick_freeman (~nick_free@2001:16b8:305d:f000:cccc:c84d:7e2f:ff98)
[06:53:56] *** Quits: nick_freeman (~nick_free@2001:16b8:305d:f000:cccc:c84d:7e2f:ff98) (Ping timeout: 248 seconds)
[07:20:00] <kcalvinalvin> adiabat so... little bit of roadblock on verifying tx inputs
[07:21:12] <kcalvinalvin> One would need to check the txinput to see if it: 1) exists 2) if it's a coinbase tx, then check it is after 100 blocks 3) check fees
[07:23:15] <kcalvinalvin> So per tx, you'd need to query the UTXO set to see if it's there. In Utreexo we have that but then we'd need the proofs along with the tx per tx
[07:28:21] <kcalvinalvin> I guess that's needed for mempool anyways but yea a bit of coding to do
[07:30:48] *** Joins: nick_freeman (~nick_free@2001:16b8:305d:f000:cccc:c84d:7e2f:ff98)
[07:35:00] *** Quits: nick_freeman (~nick_free@2001:16b8:305d:f000:cccc:c84d:7e2f:ff98) (Ping timeout: 248 seconds)
[08:31:05] *** Joins: nick_freeman (~nick_free@2001:16b8:305d:f000:cccc:c84d:7e2f:ff98)
[08:36:26] *** Quits: nick_freeman (~nick_free@2001:16b8:305d:f000:cccc:c84d:7e2f:ff98) (Ping timeout: 240 seconds)
[08:53:00] *** Joins: nick_freeman (~nick_free@2001:16b8:305d:f000:cccc:c84d:7e2f:ff98)
[09:04:04] *** Quits: nick_freeman (~nick_free@2001:16b8:305d:f000:cccc:c84d:7e2f:ff98) (Ping timeout: 248 seconds)
[09:27:09] *** Joins: nick_freeman (~nick_free@2001:16b8:305d:f000:cccc:c84d:7e2f:ff98)
[09:31:42] *** Quits: nick_freeman (~nick_free@2001:16b8:305d:f000:cccc:c84d:7e2f:ff98) (Ping timeout: 260 seconds)
[09:58:59] *** Joins: nick_freeman (~nick_free@2001:16b8:305d:f000:cccc:c84d:7e2f:ff98)
[10:04:20] *** Quits: nick_freeman (~nick_free@2001:16b8:305d:f000:cccc:c84d:7e2f:ff98) (Ping timeout: 248 seconds)
[11:00:45] *** Joins: nick_freeman (~nick_free@2001:16b8:305d:f000:cccc:c84d:7e2f:ff98)
[11:06:47] *** Quits: nick_freeman (~nick_free@2001:16b8:305d:f000:cccc:c84d:7e2f:ff98) (Ping timeout: 260 seconds)
[11:37:48] *** Joins: nick_freeman (~nick_free@2001:16b8:305d:f000:cccc:c84d:7e2f:ff98)
[11:42:29] *** Quits: nick_freeman (~nick_free@2001:16b8:305d:f000:cccc:c84d:7e2f:ff98) (Remote host closed the connection)
[11:42:35] *** Joins: nick_freeman (~nick_free@2001:16b8:305d:f000:cccc:c84d:7e2f:ff98)
[15:55:27] *** Joins: rafalcpp (~racalcppp@ip-178-211.ists.pl)
[18:31:01] *** Quits: rafalcpp (~racalcppp@ip-178-211.ists.pl) (Ping timeout: 255 seconds)
[19:16:21] *** Quits: jb55 (~jb55@gateway/tor-sasl/jb55) (Remote host closed the connection)
[19:17:15] *** Joins: jb55 (~jb55@gateway/tor-sasl/jb55)
[21:26:36] *** Quits: nick_freeman (~nick_free@2001:16b8:305d:f000:cccc:c84d:7e2f:ff98) (Remote host closed the connection)
[21:26:48] *** Joins: nick_freeman (~nick_free@2001:16b8:305d:f000:cccc:c84d:7e2f:ff98)
[21:50:57] *** Quits: nick_freeman (~nick_free@2001:16b8:305d:f000:cccc:c84d:7e2f:ff98) (Remote host closed the connection)
[22:44:53] *** Joins: nick_freeman (~nick_free@92.116.185.172)
[22:48:03] *** Quits: nick_freeman (~nick_free@92.116.185.172) (Remote host closed the connection)
[23:22:38] *** Joins: nick_freeman (~nick_free@2001:16b8:305d:f000:d8da:5b65:90fa:5d15)
[23:27:08] *** Quits: nick_freeman (~nick_free@2001:16b8:305d:f000:d8da:5b65:90fa:5d15) (Remote host closed the connection)
[23:39:19] *** Joins: nick_freeman (~nick_free@2001:16b8:305d:f000:d8da:5b65:90fa:5d15)
[23:45:40] *** Quits: nick_freeman (~nick_free@2001:16b8:305d:f000:d8da:5b65:90fa:5d15) (Remote host closed the connection)
[23:46:07] *** Joins: nick_freeman (~nick_free@2001:16b8:305d:f000:d8da:5b65:90fa:5d15)
[23:47:22] *** Quits: nick_freeman (~nick_free@2001:16b8:305d:f000:d8da:5b65:90fa:5d15) (Remote host closed the connection)
[23:47:29] *** Joins: nick_freeman (~nick_free@2001:16b8:305d:f000:d8da:5b65:90fa:5d15)
[23:52:15] *** Quits: nick_freeman (~nick_free@2001:16b8:305d:f000:d8da:5b65:90fa:5d15) (Remote host closed the connection)
[23:57:33] *** Joins: nick_freeman (~nick_free@2001:16b8:305d:f000:d8da:5b65:90fa:5d15)
