[02:24:47] *** Joins: nick_fre_ (~nick_free@2001:16b8:305a:e800:8ce0:8d46:ddbe:3be4)
[02:28:40] *** Quits: nick_freeman (~nick_free@2001:16b8:301a:bf00:d5a:47d:2cfe:c349) (Ping timeout: 252 seconds)
[02:36:01] *** Quits: nick_fre_ (~nick_free@2001:16b8:305a:e800:8ce0:8d46:ddbe:3be4) (Remote host closed the connection)
[09:39:32] *** Joins: nick_freeman (~nick_free@92.116.175.215)
[11:03:23] *** Quits: nick_freeman (~nick_free@92.116.175.215) (Remote host closed the connection)
[11:19:41] *** Joins: nick_fre_ (~nick_free@2001:16b8:305a:e800:6066:2b7d:f9a4:c8fb)
[12:06:18] *** Quits: nick_fre_ (~nick_free@2001:16b8:305a:e800:6066:2b7d:f9a4:c8fb) (Remote host closed the connection)
[12:49:59] *** Quits: rafalcpp (~racalcppp@ip-178-211.ists.pl) (Ping timeout: 260 seconds)
[12:53:30] *** Joins: nick_freeman (~nick_free@2001:16b8:305a:e800:6066:2b7d:f9a4:c8fb)
[12:54:09] *** Joins: nick_fre_ (~nick_free@2001:16b8:305a:e800:f134:9228:edaf:84d0)
[12:57:09] *** Quits: nick_fre_ (~nick_free@2001:16b8:305a:e800:f134:9228:edaf:84d0) (Remote host closed the connection)
[12:57:36] *** Joins: nick_fre_ (~nick_free@2001:16b8:305a:e800:f134:9228:edaf:84d0)
[12:57:52] *** Quits: nick_freeman (~nick_free@2001:16b8:305a:e800:6066:2b7d:f9a4:c8fb) (Ping timeout: 252 seconds)
[12:58:36] *** Joins: rafalcpp (~racalcppp@ip-178-211.ists.pl)
[12:59:39] *** Quits: nick_fre_ (~nick_free@2001:16b8:305a:e800:f134:9228:edaf:84d0) (Remote host closed the connection)
[12:59:45] *** Joins: nick_freeman (~nick_free@2001:16b8:305a:e800:f134:9228:edaf:84d0)
[13:45:37] *** Quits: nick_freeman (~nick_free@2001:16b8:305a:e800:f134:9228:edaf:84d0) (Remote host closed the connection)
[13:50:38] *** Joins: nick_freeman (~nick_free@2001:16b8:305a:e800:f134:9228:edaf:84d0)
[13:53:56] *** Quits: nick_freeman (~nick_free@2001:16b8:305a:e800:f134:9228:edaf:84d0) (Remote host closed the connection)
[13:55:01] *** Joins: nick_freeman (~nick_free@2001:16b8:305a:e800:f134:9228:edaf:84d0)
[15:33:06] *** Quits: nick_freeman (~nick_free@2001:16b8:305a:e800:f134:9228:edaf:84d0) (Remote host closed the connection)
[15:33:42] *** Joins: nick_freeman (~nick_free@2001:16b8:305a:e800:f134:9228:edaf:84d0)
[15:37:47] *** Quits: nick_freeman (~nick_free@2001:16b8:305a:e800:f134:9228:edaf:84d0) (Ping timeout: 240 seconds)
[16:13:06] *** Joins: nick_freeman (~nick_free@2001:16b8:305a:e800:f5ea:c8bc:f8e3:7cef)
[16:17:26] *** Quits: nick_freeman (~nick_free@2001:16b8:305a:e800:f5ea:c8bc:f8e3:7cef) (Ping timeout: 240 seconds)
[17:27:13] *** Joins: nick_freeman (~nick_free@2001:16b8:305a:e800:f5ea:c8bc:f8e3:7cef)
[17:31:55] *** Quits: nick_freeman (~nick_free@2001:16b8:305a:e800:f5ea:c8bc:f8e3:7cef) (Ping timeout: 272 seconds)
[17:59:34] *** Joins: nick_freeman (~nick_free@2001:16b8:305a:e800:f5ea:c8bc:f8e3:7cef)
[18:03:46] *** Quits: nick_freeman (~nick_free@2001:16b8:305a:e800:f5ea:c8bc:f8e3:7cef) (Ping timeout: 240 seconds)
[18:35:00] *** Joins: nick_freeman (~nick_free@2001:16b8:305a:e800:f5ea:c8bc:f8e3:7cef)
[18:39:06] *** Quits: nick_freeman (~nick_free@2001:16b8:305a:e800:f5ea:c8bc:f8e3:7cef) (Ping timeout: 240 seconds)
[18:48:00] *** Joins: nick_freeman (~nick_free@2001:16b8:305a:e800:1166:dfd1:4d49:2ad)
[18:52:06] *** Quits: nick_freeman (~nick_free@2001:16b8:305a:e800:1166:dfd1:4d49:2ad) (Ping timeout: 240 seconds)
[19:23:59] *** Joins: nick_freeman (~nick_free@2001:16b8:305a:e800:1166:dfd1:4d49:2ad)
[19:28:27] *** Quits: nick_freeman (~nick_free@2001:16b8:305a:e800:1166:dfd1:4d49:2ad) (Ping timeout: 272 seconds)
[19:42:07] *** Quits: rafalcpp (~racalcppp@ip-178-211.ists.pl) (Ping timeout: 255 seconds)
[20:15:38] *** Joins: nick_freeman (~nick_free@2001:16b8:305a:e800:1166:dfd1:4d49:2ad)
[20:19:46] *** Quits: nick_freeman (~nick_free@2001:16b8:305a:e800:1166:dfd1:4d49:2ad) (Ping timeout: 240 seconds)
[20:45:29] *** Joins: nick_freeman (~nick_free@2001:16b8:305a:e800:1166:dfd1:4d49:2ad)
[20:53:35] *** Quits: nick_freeman (~nick_free@2001:16b8:305a:e800:1166:dfd1:4d49:2ad) (Remote host closed the connection)
[21:09:58] *** Joins: nick_freeman (~nick_free@92.116.175.215)
[21:12:51] *** Quits: nick_freeman (~nick_free@92.116.175.215) (Remote host closed the connection)
[21:13:18] *** Joins: nick_freeman (~nick_free@2001:16b8:305a:e800:1166:dfd1:4d49:2ad)
[21:17:38] *** Quits: nick_freeman (~nick_free@2001:16b8:305a:e800:1166:dfd1:4d49:2ad) (Ping timeout: 252 seconds)
[21:38:40] *** Joins: nick_freeman (~nick_free@2001:16b8:305a:e800:1166:dfd1:4d49:2ad)
