[02:24:08] *** Quits: nick_freeman (~nick_free@2001:16b8:3098:eb00:59f:9ecf:2a28:dca8) (Remote host closed the connection)
[02:24:45] *** Joins: nick_freeman (~nick_free@2001:16b8:3098:eb00:59f:9ecf:2a28:dca8)
[02:28:46] *** Quits: nick_freeman (~nick_free@2001:16b8:3098:eb00:59f:9ecf:2a28:dca8) (Ping timeout: 240 seconds)
[03:05:29] *** Joins: nick_freeman (~nick_free@2001:16b8:30d9:6900:40dc:3947:f804:4d1e)
[03:14:06] *** Quits: nick_freeman (~nick_free@2001:16b8:30d9:6900:40dc:3947:f804:4d1e) (Ping timeout: 240 seconds)
[03:19:07] *** Joins: nick_freeman (~nick_free@2001:16b8:30d9:6900:40dc:3947:f804:4d1e)
[03:25:02] *** Quits: nick_freeman (~nick_free@2001:16b8:30d9:6900:40dc:3947:f804:4d1e) (Ping timeout: 256 seconds)
[03:56:39] *** Joins: nick_freeman (~nick_free@2001:16b8:30d9:6900:40dc:3947:f804:4d1e)
[04:00:46] *** Quits: nick_freeman (~nick_free@2001:16b8:30d9:6900:40dc:3947:f804:4d1e) (Ping timeout: 240 seconds)
[05:19:10] *** Quits: achow101 (~achow101@unaffiliated/achow101) (Ping timeout: 256 seconds)
[05:23:54] *** Joins: achow101 (~achow101@unaffiliated/achow101)
[06:10:22] *** Joins: nick_freeman (~nick_free@2001:16b8:30d9:6900:40dc:3947:f804:4d1e)
[06:15:02] *** Quits: nick_freeman (~nick_free@2001:16b8:30d9:6900:40dc:3947:f804:4d1e) (Ping timeout: 256 seconds)
[06:15:37] *** Joins: nick_freeman (~nick_free@2001:16b8:30d9:6900:40dc:3947:f804:4d1e)
[06:25:26] *** Quits: nick_freeman (~nick_free@2001:16b8:30d9:6900:40dc:3947:f804:4d1e) (Ping timeout: 240 seconds)
[06:45:29] *** Joins: nick_freeman (~nick_free@2001:16b8:30d9:6900:40dc:3947:f804:4d1e)
[07:22:41] *** Quits: nick_freeman (~nick_free@2001:16b8:30d9:6900:40dc:3947:f804:4d1e) (Remote host closed the connection)
[07:22:49] *** Joins: nick_freeman (~nick_free@2001:16b8:30d9:6900:40dc:3947:f804:4d1e)
[08:25:14] *** Quits: tnaka_ (~quassel@240d:1a:759:6000:a7b1:451a:8874:e1ac) (Quit: No Ping reply in 180 seconds.)
[08:25:23] *** Quits: kallewoof (~quassel@240d:1a:759:6000:a7b1:451a:8874:e1ac) (Quit: No Ping reply in 180 seconds.)
[08:26:20] *** Joins: tnaka (~quassel@240d:1a:759:6000:a7b1:451a:8874:e1ac)
[08:26:40] *** Joins: kallewoof (~quassel@240d:1a:759:6000:a7b1:451a:8874:e1ac)
[10:51:35] *** Quits: nick_freeman (~nick_free@2001:16b8:30d9:6900:40dc:3947:f804:4d1e) (Remote host closed the connection)
[11:02:13] *** Joins: nick_freeman (~nick_free@2001:16b8:30d9:6900:40dc:3947:f804:4d1e)
[11:04:09] *** Quits: nick_freeman (~nick_free@2001:16b8:30d9:6900:40dc:3947:f804:4d1e) (Remote host closed the connection)
[11:05:03] *** Joins: nick_freeman (~nick_free@2001:16b8:30d9:6900:40dc:3947:f804:4d1e)
[11:10:45] *** Quits: nick_freeman (~nick_free@2001:16b8:30d9:6900:40dc:3947:f804:4d1e) (Remote host closed the connection)
[11:14:32] *** Joins: nick_freeman (~nick_free@2001:16b8:30d9:6900:40dc:3947:f804:4d1e)
[11:17:11] *** Quits: nick_freeman (~nick_free@2001:16b8:30d9:6900:40dc:3947:f804:4d1e) (Remote host closed the connection)
[11:21:09] *** Joins: nick_freeman (~nick_free@92.116.144.89)
[11:28:26] *** Quits: nick_freeman (~nick_free@92.116.144.89) (Remote host closed the connection)
[11:28:53] *** Joins: nick_freeman (~nick_free@2001:16b8:30d9:6900:40dc:3947:f804:4d1e)
[11:33:30] *** Quits: nick_freeman (~nick_free@2001:16b8:30d9:6900:40dc:3947:f804:4d1e) (Ping timeout: 256 seconds)
[11:41:22] *** Joins: nick_freeman (~nick_free@92.116.144.89)
[11:50:36] *** Quits: nick_freeman (~nick_free@92.116.144.89) (Remote host closed the connection)
[11:50:48] *** Joins: nick_freeman (~nick_free@2001:16b8:30d9:6900:40dc:3947:f804:4d1e)
[12:27:24] *** Quits: nick_freeman (~nick_free@2001:16b8:30d9:6900:40dc:3947:f804:4d1e) (Remote host closed the connection)
[12:27:50] *** Joins: nick_freeman (~nick_free@2001:16b8:30d9:6900:40dc:3947:f804:4d1e)
[12:39:58] *** Quits: nick_freeman (~nick_free@2001:16b8:30d9:6900:40dc:3947:f804:4d1e) (Remote host closed the connection)
[12:46:35] *** Joins: nick_freeman (~nick_free@2001:16b8:30d9:6900:40dc:3947:f804:4d1e)
[13:28:01] *** Quits: nick_freeman (~nick_free@2001:16b8:30d9:6900:40dc:3947:f804:4d1e) (Remote host closed the connection)
[13:29:43] *** Joins: nick_freeman (~nick_free@2001:16b8:30d9:6900:40dc:3947:f804:4d1e)
[13:48:06] *** Quits: nick_freeman (~nick_free@2001:16b8:30d9:6900:40dc:3947:f804:4d1e) (Remote host closed the connection)
[13:55:27] *** Joins: nick_freeman (~nick_free@92.116.144.89)
[14:00:13] *** Quits: nick_freeman (~nick_free@92.116.144.89) (Remote host closed the connection)
[14:00:40] *** Joins: nick_freeman (~nick_free@2001:16b8:30d9:6900:40dc:3947:f804:4d1e)
[14:04:46] *** Quits: nick_freeman (~nick_free@2001:16b8:30d9:6900:40dc:3947:f804:4d1e) (Ping timeout: 240 seconds)
[14:06:43] *** Joins: nick_freeman (~nick_free@92.116.144.89)
[14:42:00] *** Quits: nick_freeman (~nick_free@92.116.144.89) (Remote host closed the connection)
[14:44:03] *** Joins: nick_freeman (~nick_free@2001:16b8:30d9:6900:40dc:3947:f804:4d1e)
[15:00:16] *** Quits: nick_freeman (~nick_free@2001:16b8:30d9:6900:40dc:3947:f804:4d1e) (Remote host closed the connection)
[17:01:39] *** Joins: nick_freeman (~nick_free@2001:16b8:30d9:6900:dc16:a8f0:56a:826b)
[17:06:08] *** Quits: nick_freeman (~nick_free@2001:16b8:30d9:6900:dc16:a8f0:56a:826b) (Ping timeout: 256 seconds)
[19:25:53] *** Joins: nick_freeman (~nick_free@2001:16b8:30d9:6900:dc16:a8f0:56a:826b)
[19:26:35] *** Joins: nick_fre_ (~nick_free@2001:16b8:30d9:6900:a0e9:9bbc:d728:e776)
[19:30:04] *** Quits: nick_freeman (~nick_free@2001:16b8:30d9:6900:dc16:a8f0:56a:826b) (Ping timeout: 256 seconds)
