[02:29:34] <rjected> submitted pr with a go.mod, pls check it out and make sure it's not broken, works on my machine
[02:40:31] *** Quits: rafalcpp (~racalcppp@ip-178-214.ists.pl) (Read error: Connection reset by peer)
[03:03:43] *** Joins: ThomasV (~thomasv@unaffiliated/thomasv)
[03:57:14] *** Quits: ThomasV (~thomasv@unaffiliated/thomasv) (Ping timeout: 264 seconds)
[04:43:11] *** Joins: ThomasV (~thomasv@unaffiliated/thomasv)
[06:05:15] *** Quits: ThomasV (~thomasv@unaffiliated/thomasv) (Ping timeout: 272 seconds)
[06:39:08] *** Joins: ThomasV (~thomasv@unaffiliated/thomasv)
[09:40:50] *** Joins: rafalcpp (~racalcppp@ip-178-214.ists.pl)
[10:28:43] *** Quits: ThomasV (~thomasv@unaffiliated/thomasv) (Ping timeout: 272 seconds)
[11:32:23] *** Quits: rafalcpp (~racalcppp@ip-178-214.ists.pl) (Ping timeout: 256 seconds)
[11:43:57] *** Joins: rafalcpp (~racalcppp@ip-178-214.ists.pl)
[12:21:18] *** Joins: ThomasV (~thomasv@unaffiliated/thomasv)
[13:59:37] *** Quits: ThomasV (~thomasv@unaffiliated/thomasv) (Ping timeout: 272 seconds)
[17:11:42] *** Quits: rafalcpp (~racalcppp@ip-178-214.ists.pl) (Ping timeout: 258 seconds)
[17:14:28] *** Joins: ThomasV (~thomasv@unaffiliated/thomasv)
[17:17:28] *** Joins: rafalcpp (~racalcppp@ip-178-214.ists.pl)
[18:02:55] *** Quits: rafalcpp (~racalcppp@ip-178-214.ists.pl) (Ping timeout: 260 seconds)
[18:09:25] *** Joins: rafalcpp (~racalcppp@ip-178-214.ists.pl)
[19:47:57] *** Quits: ThomasV (~thomasv@unaffiliated/thomasv) (Ping timeout: 272 seconds)
[21:08:59] *** Joins: ThomasV (~thomasv@unaffiliated/thomasv)
[22:18:13] *** Quits: ThomasV (~thomasv@unaffiliated/thomasv) (Ping timeout: 264 seconds)
[22:39:40] *** Quits: rafalcpp (~racalcppp@ip-178-214.ists.pl) (Ping timeout: 256 seconds)
