[00:35:54] *** Quits: nick_freeman (~nick_free@92.116.142.217) (Remote host closed the connection)
[00:49:55] *** Joins: nick_freeman (~nick_free@2001:16b8:30db:2c00:acaf:17f8:8871:c6a8)
[01:13:08] *** Quits: nick_freeman (~nick_free@2001:16b8:30db:2c00:acaf:17f8:8871:c6a8) (Remote host closed the connection)
[01:13:23] *** Joins: nick_freeman (~nick_free@2001:16b8:30db:2c00:acaf:17f8:8871:c6a8)
[01:20:22] *** Quits: nick_freeman (~nick_free@2001:16b8:30db:2c00:acaf:17f8:8871:c6a8) (Remote host closed the connection)
[01:46:29] *** Joins: nick_freeman (~nick_free@2001:16b8:30db:2c00:acaf:17f8:8871:c6a8)
[01:47:10] *** Joins: nick_fre_ (~nick_free@2001:16b8:30db:2c00:4179:a436:263:8bb5)
[01:51:13] *** Quits: nick_freeman (~nick_free@2001:16b8:30db:2c00:acaf:17f8:8871:c6a8) (Ping timeout: 272 seconds)
[02:26:13] *** Joins: nick_freeman (~nick_free@2001:16b8:301a:bf00:edcd:724e:7949:ce86)
[02:29:24] *** Quits: nick_fre_ (~nick_free@2001:16b8:30db:2c00:4179:a436:263:8bb5) (Ping timeout: 248 seconds)
[02:45:08] *** Quits: nick_freeman (~nick_free@2001:16b8:301a:bf00:edcd:724e:7949:ce86) (Remote host closed the connection)
[10:10:07] *** Joins: nick_freeman (~nick_free@2001:16b8:301a:bf00:d5a:47d:2cfe:c349)
[10:11:44] *** Quits: nick_freeman (~nick_free@2001:16b8:301a:bf00:d5a:47d:2cfe:c349) (Remote host closed the connection)
[10:13:37] *** Joins: nick_freeman (~nick_free@2001:16b8:301a:bf00:d5a:47d:2cfe:c349)
[10:30:44] *** Quits: nick_freeman (~nick_free@2001:16b8:301a:bf00:d5a:47d:2cfe:c349) (Remote host closed the connection)
[10:34:15] *** Joins: nick_freeman (~nick_free@92.116.187.20)
[10:46:35] *** Quits: nick_freeman (~nick_free@92.116.187.20) (Remote host closed the connection)
[10:50:10] *** Joins: nick_fre_ (~nick_free@2001:16b8:301a:bf00:d5a:47d:2cfe:c349)
[11:07:44] *** Quits: nick_fre_ (~nick_free@2001:16b8:301a:bf00:d5a:47d:2cfe:c349) (Remote host closed the connection)
[11:08:14] *** Joins: nick_freeman (~nick_free@2001:16b8:301a:bf00:d5a:47d:2cfe:c349)
[15:16:30] <kcalvinalvin> Heh just made a PR refactors everything inside cmd/
[15:16:57] <kcalvinalvin> Also fixes some bugs
[17:01:49] *** Quits: nick_freeman (~nick_free@2001:16b8:301a:bf00:d5a:47d:2cfe:c349) (Remote host closed the connection)
[17:02:26] *** Joins: nick_freeman (~nick_free@2001:16b8:301a:bf00:d5a:47d:2cfe:c349)
[17:06:26] *** Quits: nick_freeman (~nick_free@2001:16b8:301a:bf00:d5a:47d:2cfe:c349) (Ping timeout: 240 seconds)
[17:40:14] *** Joins: nick_freeman (~nick_free@2001:16b8:301a:bf00:d5a:47d:2cfe:c349)
[23:31:50] *** Quits: nick_freeman (~nick_free@2001:16b8:301a:bf00:d5a:47d:2cfe:c349) (Remote host closed the connection)
[23:31:57] *** Joins: nick_freeman (~nick_free@2001:16b8:301a:bf00:d5a:47d:2cfe:c349)
