[03:53:40] *** Joins: reallll (~belcher@unaffiliated/belcher)
[03:56:25] *** Quits: belcher (~belcher@unaffiliated/belcher) (Ping timeout: 240 seconds)
[06:37:01] <kcalvinalvin> adiabat does 215 look good?
[06:37:16] <kcalvinalvin> we kinda just left off looking at it during the meeting
[09:32:27] *** reallll is now known as belcher
[13:33:53] <dergoegge> looking at the issues... #191 can probably be closed
[16:36:29] <dergoegge> adiabat: i put some notes on how to collect the "overwire" positions for the caching playbook in #223
[21:40:33] *** Quits: belcher (~belcher@unaffiliated/belcher) (*.net *.split)
[21:41:14] *** Joins: belcher (~belcher@unaffiliated/belcher)
[21:41:47] *** Quits: mattdrollette (~mdrollett@cpe-70-123-125-237.tx.res.rr.com) (*.net *.split)
[21:41:52] *** Quits: ja (janus@anubis.0x90.dk) (*.net *.split)
[21:42:19] *** Joins: ja (janus@anubis.0x90.dk)
[21:42:25] *** Joins: mattdrollette (~mdrollett@cpe-70-123-125-237.tx.res.rr.com)
[21:43:14] *** Quits: jb55 (~jb55@gateway/tor-sasl/jb55) (*.net *.split)
[21:43:14] *** Quits: ghost43 (~daer@gateway/tor-sasl/daer) (*.net *.split)
[21:44:49] *** Quits: icota[m] (icotamatri@gateway/shell/matrix.org/x-zawdlorjbkpbblko) (Ping timeout: 246 seconds)
[21:45:45] *** Joins: jb55 (~jb55@gateway/tor-sasl/jb55)
[21:45:45] *** Joins: ghost43 (~daer@gateway/tor-sasl/daer)
[21:46:33] *** Quits: rjected[m] (rjectedmat@gateway/shell/matrix.org/x-byhnmhatjevholsu) (Ping timeout: 245 seconds)
[21:46:47] *** Quits: kanzure (~kanzure@unaffiliated/kanzure) (*.net *.split)
[21:46:47] *** Quits: gnusha (~gnusha@unaffiliated/kanzure/bot/gnusha) (*.net *.split)
[21:46:47] *** Quits: kakobrekla (~kako@unaffiliated/kakobrekla) (*.net *.split)
[21:46:50] *** Quits: adiabat (~adiabat@63.209.32.102) (*.net *.split)
[21:47:10] *** Joins: kanzure (~kanzure@unaffiliated/kanzure)
[21:47:10] *** Joins: gnusha (~gnusha@unaffiliated/kanzure/bot/gnusha)
[21:47:10] *** Joins: kakobrekla (~kako@unaffiliated/kakobrekla)
[21:48:33] *** Quits: gertjaap (sid322815@gateway/web/irccloud.com/x-izjrohibifcqvdgt) (*.net *.split)
[21:48:33] *** Quits: fjahr (sid374480@gateway/web/irccloud.com/x-idmozsqtyjsaymjn) (*.net *.split)
[21:48:33] *** Quits: digi_james (sid281632@gateway/web/irccloud.com/x-jxyqlpnraydxvprs) (*.net *.split)
[21:50:05] *** Joins: gertjaap (sid322815@gateway/web/irccloud.com/x-izjrohibifcqvdgt)
[21:50:05] *** Joins: fjahr (sid374480@gateway/web/irccloud.com/x-idmozsqtyjsaymjn)
[21:50:05] *** Joins: digi_james (sid281632@gateway/web/irccloud.com/x-jxyqlpnraydxvprs)
[21:50:23] *** Quits: jb55 (~jb55@gateway/tor-sasl/jb55) (Ping timeout: 240 seconds)
[21:50:55] *** Joins: adiabat (~adiabat@63.209.32.102)
[21:53:44] *** Quits: adiabat (~adiabat@63.209.32.102) (*.net *.split)
[21:53:44] *** Quits: gertjaap (sid322815@gateway/web/irccloud.com/x-izjrohibifcqvdgt) (*.net *.split)
[21:53:44] *** Quits: fjahr (sid374480@gateway/web/irccloud.com/x-idmozsqtyjsaymjn) (*.net *.split)
[21:53:44] *** Quits: digi_james (sid281632@gateway/web/irccloud.com/x-jxyqlpnraydxvprs) (*.net *.split)
[21:53:45] *** Quits: kanzure (~kanzure@unaffiliated/kanzure) (*.net *.split)
[21:53:45] *** Quits: gnusha (~gnusha@unaffiliated/kanzure/bot/gnusha) (*.net *.split)
[21:53:45] *** Quits: kakobrekla (~kako@unaffiliated/kakobrekla) (*.net *.split)
[21:53:45] *** Quits: ghost43 (~daer@gateway/tor-sasl/daer) (*.net *.split)
[21:53:45] *** Quits: ja (janus@anubis.0x90.dk) (*.net *.split)
[21:53:46] *** Quits: mattdrollette (~mdrollett@cpe-70-123-125-237.tx.res.rr.com) (*.net *.split)
[21:53:46] *** Quits: belcher (~belcher@unaffiliated/belcher) (*.net *.split)
[21:53:47] *** Quits: achow101 (~achow101@unaffiliated/achow101) (*.net *.split)
[21:53:47] *** Quits: jamesob (sid180710@gateway/web/irccloud.com/x-ojtcscmkbfsicvqm) (*.net *.split)
[21:53:47] *** Quits: felixweis (sid154231@gateway/web/irccloud.com/x-curwonbkjuaxtcmu) (*.net *.split)
[21:53:47] *** Quits: fanquake (sid369002@gateway/web/irccloud.com/x-cdfqabdvbagqttfh) (*.net *.split)
[21:53:48] *** Quits: valwal_ (sid334773@gateway/web/irccloud.com/x-qlebbpueqzhclgdu) (*.net *.split)
[21:53:48] *** Quits: dergoegge (sid453889@gateway/web/irccloud.com/x-aqetkmfnbzcrxxzk) (*.net *.split)
[21:53:48] *** Quits: stevenroose (~steven@irc.roose.io) (*.net *.split)
[21:53:48] *** Quits: RubenSomsen (sid301948@gateway/web/irccloud.com/x-xiafkyvtjtuehoop) (*.net *.split)
[21:53:48] *** Quits: takinbo (~takinbo@unaffiliated/takinbo) (*.net *.split)
[21:53:48] *** Quits: kallewoof (~quassel@240d:1a:759:6000:a7b1:451a:8874:e1ac) (*.net *.split)
[21:53:59] *** Joins: adiabat (~adiabat@63.209.32.102)
[21:53:59] *** Joins: digi_james (sid281632@gateway/web/irccloud.com/x-jxyqlpnraydxvprs)
[21:53:59] *** Joins: fjahr (sid374480@gateway/web/irccloud.com/x-idmozsqtyjsaymjn)
[21:53:59] *** Joins: gertjaap (sid322815@gateway/web/irccloud.com/x-izjrohibifcqvdgt)
[21:53:59] *** Joins: kakobrekla (~kako@unaffiliated/kakobrekla)
[21:53:59] *** Joins: gnusha (~gnusha@unaffiliated/kanzure/bot/gnusha)
[21:53:59] *** Joins: kanzure (~kanzure@unaffiliated/kanzure)
[21:53:59] *** Joins: ghost43 (~daer@gateway/tor-sasl/daer)
[21:53:59] *** Joins: mattdrollette (~mdrollett@cpe-70-123-125-237.tx.res.rr.com)
[21:53:59] *** Joins: ja (janus@anubis.0x90.dk)
[21:53:59] *** Joins: belcher (~belcher@unaffiliated/belcher)
[21:53:59] *** Joins: stevenroose (~steven@irc.roose.io)
[21:53:59] *** Joins: valwal_ (sid334773@gateway/web/irccloud.com/x-qlebbpueqzhclgdu)
[21:53:59] *** Joins: dergoegge (sid453889@gateway/web/irccloud.com/x-aqetkmfnbzcrxxzk)
[21:53:59] *** Joins: RubenSomsen (sid301948@gateway/web/irccloud.com/x-xiafkyvtjtuehoop)
[21:53:59] *** Joins: jamesob (sid180710@gateway/web/irccloud.com/x-ojtcscmkbfsicvqm)
[21:53:59] *** Joins: felixweis (sid154231@gateway/web/irccloud.com/x-curwonbkjuaxtcmu)
[21:53:59] *** Joins: fanquake (sid369002@gateway/web/irccloud.com/x-cdfqabdvbagqttfh)
[21:53:59] *** Joins: takinbo (~takinbo@unaffiliated/takinbo)
[21:53:59] *** Joins: achow101 (~achow101@unaffiliated/achow101)
[21:53:59] *** Joins: kallewoof (~quassel@240d:1a:759:6000:a7b1:451a:8874:e1ac)
[21:54:05] *** Quits: stevenroose (~steven@irc.roose.io) (*.net *.split)
[21:54:05] *** Quits: RubenSomsen (sid301948@gateway/web/irccloud.com/x-xiafkyvtjtuehoop) (*.net *.split)
[21:54:05] *** Quits: takinbo (~takinbo@unaffiliated/takinbo) (*.net *.split)
[21:54:05] *** Quits: kallewoof (~quassel@240d:1a:759:6000:a7b1:451a:8874:e1ac) (*.net *.split)
[21:54:48] *** Joins: stevenroose (~steven@irc.roose.io)
[21:54:48] *** Joins: RubenSomsen (sid301948@gateway/web/irccloud.com/x-xiafkyvtjtuehoop)
[21:54:48] *** Joins: takinbo (~takinbo@unaffiliated/takinbo)
[21:54:48] *** Joins: kallewoof (~quassel@240d:1a:759:6000:a7b1:451a:8874:e1ac)
[22:03:59] *** Joins: jb55 (~jb55@gateway/tor-sasl/jb55)
[22:06:58] *** Joins: rjected[m] (rjectedmat@gateway/shell/matrix.org/x-roobkftcqalnmbls)
[22:12:47] *** Joins: icota[m] (icotamatri@gateway/shell/matrix.org/x-jfxechrxuoddrluf)
