[01:06:24] *** Quits: gojiHmPFPN (~textual@c-73-47-220-190.hsd1.ma.comcast.net) (Quit: My MacBook has gone to sleep. ZZZzzz…)
[01:17:32] *** Joins: gojiHmPFPN (~textual@c-73-47-220-190.hsd1.ma.comcast.net)
[04:04:37] *** Quits: gojiHmPFPN (~textual@c-73-47-220-190.hsd1.ma.comcast.net) (Quit: My MacBook has gone to sleep. ZZZzzz…)
[04:08:54] *** Joins: ThomasV (~thomasv@unaffiliated/thomasv)
[04:26:40] *** Joins: gojiHmPFPN (~textual@c-73-47-220-190.hsd1.ma.comcast.net)
[04:56:13] *** Quits: gojiHmPFPN (~textual@c-73-47-220-190.hsd1.ma.comcast.net) (Quit: My MacBook has gone to sleep. ZZZzzz…)
[05:13:30] *** Quits: ThomasV (~thomasv@unaffiliated/thomasv) (Ping timeout: 256 seconds)
[05:38:22] *** Quits: digi_james (sid281632@gateway/web/irccloud.com/x-ixyargxtdibxiafd) (Read error: Connection reset by peer)
[05:38:41] *** Joins: digi_james (sid281632@gateway/web/irccloud.com/x-doxceqxpvlfgpgsj)
[06:35:54] *** Joins: ThomasV (~thomasv@unaffiliated/thomasv)
[06:56:36] <kcalvinalvin> So I ran genproofs along with bitcoind
[06:57:03] <kcalvinalvin> With the same index/ db and it... works... just fine?
[06:57:18] <kcalvinalvin> not sure what's happening
[06:58:49] <kcalvinalvin> hmm ok it's failing again now. Weird
[10:51:23] *** Joins: rafalcpp (~racalcppp@ip-178-214.ists.pl)
[12:09:26] *** Quits: rafalcpp (~racalcppp@ip-178-214.ists.pl) (Ping timeout: 256 seconds)
[12:30:16] *** Joins: rafalcpp (~racalcppp@ip-178-214.ists.pl)
[12:35:07] *** Joins: gojiHmPFPN (~textual@c-73-47-220-190.hsd1.ma.comcast.net)
[13:12:19] *** Quits: rafalcpp (~racalcppp@ip-178-214.ists.pl) (Ping timeout: 260 seconds)
[13:27:53] *** Joins: rafalcpp (~racalcppp@ip-178-214.ists.pl)
[13:41:52] *** Quits: gojiHmPFPN (~textual@c-73-47-220-190.hsd1.ma.comcast.net) (Quit: My MacBook has gone to sleep. ZZZzzz…)
[13:44:03] *** Joins: gojiHmPFPN (~textual@c-73-47-220-190.hsd1.ma.comcast.net)
[15:23:09] <adiabat> Which DB?
[15:23:41] <adiabat> are you getting the failing that I talked about, where there's a blk that's not present in rev?
[16:38:09] *** Quits: ThomasV (~thomasv@unaffiliated/thomasv) (Ping timeout: 272 seconds)
[17:25:03] *** Quits: ghost43 (~daer@gateway/tor-sasl/daer) (Remote host closed the connection)
[17:25:24] *** Joins: ghost43 (~daer@gateway/tor-sasl/daer)
[17:36:08] *** Quits: rafalcpp (~racalcppp@ip-178-214.ists.pl) (Ping timeout: 256 seconds)
[17:38:41] *** Joins: rafalcpp (~racalcppp@ip-178-214.ists.pl)
[17:47:44] *** Quits: rafalcpp (~racalcppp@ip-178-214.ists.pl) (Ping timeout: 256 seconds)
[18:13:57] *** Joins: rafalcpp (~racalcppp@ip-178-214.ists.pl)
[18:40:25] *** Quits: rafalcpp (~racalcppp@ip-178-214.ists.pl) (Ping timeout: 264 seconds)
[19:07:48] *** Quits: ghost43 (~daer@gateway/tor-sasl/daer) (Remote host closed the connection)
[19:09:07] *** Joins: ghost43 (~daer@gateway/tor-sasl/daer)
[19:56:47] *** Joins: rafalcpp (~racalcppp@ip-178-214.ists.pl)
[21:55:59] *** Quits: rafalcpp (~racalcppp@ip-178-214.ists.pl) (Ping timeout: 246 seconds)
[22:01:30] *** Joins: ThomasV (~thomasv@unaffiliated/thomasv)
[22:24:00] *** Quits: ThomasV (~thomasv@unaffiliated/thomasv) (Read error: Connection reset by peer)
[22:24:13] *** Joins: ThomasV (~thomasv@unaffiliated/thomasv)
[22:48:21] *** Joins: rafalcpp (~racalcppp@ip-178-214.ists.pl)
[22:51:08] *** Quits: ThomasV (~thomasv@unaffiliated/thomasv) (Ping timeout: 256 seconds)
[23:51:58] *** Quits: rafalcpp (~racalcppp@ip-178-214.ists.pl) (Ping timeout: 260 seconds)
