[03:44:15] *** Quits: belcher (~belcher@unaffiliated/belcher) (Ping timeout: 244 seconds)
[06:48:06] *** Quits: rjected[m] (rjectedmat@gateway/shell/matrix.org/x-tcirrjbfofwhswfc) (*.net *.split)
[06:48:43] *** Quits: jb55 (~jb55@gateway/tor-sasl/jb55) (*.net *.split)
[06:48:44] *** Quits: ghost43 (~daer@gateway/tor-sasl/daer) (*.net *.split)
[07:20:24] *** Joins: belcher (~belcher@unaffiliated/belcher)
[07:25:01] *** Joins: rjected[m] (rjectedmat@gateway/shell/matrix.org/x-tcirrjbfofwhswfc)
[07:29:10] *** Joins: ghost43 (~daer@gateway/tor-sasl/daer)
[07:37:13] *** Joins: jb55 (~jb55@gateway/tor-sasl/jb55)
[10:13:43] <kcalvinalvin> dergoegge is #188 ready for review?
[10:19:04] *** prusnak_ is now known as prusnak
[10:19:11] *** Quits: prusnak (sid403625@gateway/web/irccloud.com/x-nficguliffcrpcdy) (Changing host)
[10:19:11] *** Joins: prusnak (sid403625@unaffiliated/prusnak)
[10:19:11] *** Quits: prusnak (sid403625@unaffiliated/prusnak) (Changing host)
[10:19:11] *** Joins: prusnak (sid403625@gateway/web/irccloud.com/x-nficguliffcrpcdy)
[10:58:45] <dergoegge> kcalvinalvin: yes it is. i think i addressed everything you reviewed
[11:56:00] <kcalvinalvin> Ok lovely I'll take a look
[14:05:45] *** Joins: belcher_ (~belcher@unaffiliated/belcher)
[14:08:53] *** Quits: belcher (~belcher@unaffiliated/belcher) (Ping timeout: 244 seconds)
[19:52:37] *** belcher_ is now known as belcher
[20:34:46] *** Quits: jb55 (~jb55@gateway/tor-sasl/jb55) (Remote host closed the connection)
[20:36:35] *** Joins: jb55 (~jb55@gateway/tor-sasl/jb55)
[20:36:59] *** Quits: jb55 (~jb55@gateway/tor-sasl/jb55) (Remote host closed the connection)
[20:38:47] *** Joins: jb55 (~jb55@gateway/tor-sasl/jb55)
[20:51:54] *** Quits: jb55 (~jb55@gateway/tor-sasl/jb55) (Remote host closed the connection)
[20:52:24] *** Quits: belcher (~belcher@unaffiliated/belcher) (Ping timeout: 244 seconds)
[20:52:42] *** Joins: jb55 (~jb55@gateway/tor-sasl/jb55)
[21:18:32] *** Joins: belcher (~belcher@unaffiliated/belcher)
[21:55:44] *** Quits: jb55 (~jb55@gateway/tor-sasl/jb55) (Remote host closed the connection)
[21:56:36] *** Joins: jb55 (~jb55@gateway/tor-sasl/jb55)
[23:39:55] *** Quits: jb55 (~jb55@gateway/tor-sasl/jb55) (Remote host closed the connection)
[23:40:43] *** Joins: jb55 (~jb55@gateway/tor-sasl/jb55)
