[05:20:02] *** Quits: digi_james (sid281632@gateway/web/irccloud.com/x-ckjfcboybjfhlvon) (Ping timeout: 260 seconds)
[05:20:16] *** Joins: digi_james (sid281632@gateway/web/irccloud.com/x-ajegyoyysdzbukfe)
[05:21:12] *** Quits: fjahr (sid374480@gateway/web/irccloud.com/x-rtehnbkvgybyoxca) (Ping timeout: 260 seconds)
[05:23:37] *** Joins: fjahr (sid374480@gateway/web/irccloud.com/x-vsrtwhdhadmhgjgq)
[07:16:17] *** Quits: digi_james (sid281632@gateway/web/irccloud.com/x-ajegyoyysdzbukfe) (Read error: Connection reset by peer)
[07:18:17] *** Quits: fjahr (sid374480@gateway/web/irccloud.com/x-vsrtwhdhadmhgjgq) (Ping timeout: 258 seconds)
[07:19:10] *** Joins: digi_james (sid281632@gateway/web/irccloud.com/x-bsylfsfydaxyeiwf)
[07:19:36] *** Joins: fjahr (sid374480@gateway/web/irccloud.com/x-gcdbhvogjdnlkdpw)
[09:01:07] *** Quits: digi_james (sid281632@gateway/web/irccloud.com/x-bsylfsfydaxyeiwf) (Ping timeout: 260 seconds)
[09:01:11] *** Quits: fjahr (sid374480@gateway/web/irccloud.com/x-gcdbhvogjdnlkdpw) (Read error: Connection reset by peer)
[09:03:05] *** Joins: digi_james (sid281632@gateway/web/irccloud.com/x-niuyyvgfjkahduzd)
[09:03:17] *** Joins: fjahr (sid374480@gateway/web/irccloud.com/x-gmrtxuyufltwsdfd)
[09:09:17] *** Quits: fjahr (sid374480@gateway/web/irccloud.com/x-gmrtxuyufltwsdfd) (Ping timeout: 260 seconds)
[09:21:21] *** Joins: fjahr (sid374480@gateway/web/irccloud.com/x-zfqqgfwkqabrwayc)
[12:04:54] <dergoegge> adiabat: hm then its probably not worth it but i think i am still gonna try to implement it as an exercise for myself.
[13:08:43] *** Quits: jb55 (~jb55@gateway/tor-sasl/jb55) (Remote host closed the connection)
[13:09:30] *** Joins: jb55 (~jb55@gateway/tor-sasl/jb55)
[21:45:52] *** Quits: digi_james (sid281632@gateway/web/irccloud.com/x-niuyyvgfjkahduzd) (Ping timeout: 260 seconds)
[21:47:23] *** Joins: digi_james (sid281632@gateway/web/irccloud.com/x-mhjqheeclznsgzum)
[22:10:35] *** Quits: jb55 (~jb55@gateway/tor-sasl/jb55) (Remote host closed the connection)
[22:12:04] *** Joins: jb55 (~jb55@gateway/tor-sasl/jb55)
