[00:03:01] *** Joins: takinbo (~takinbo@unaffiliated/takinbo)
[02:08:05] *** Quits: instagibbs (~instagibb@pool-71-178-191-230.washdc.fios.verizon.net) (*.net *.split)
[02:08:06] *** Quits: belcher_ (~belcher@unaffiliated/belcher) (*.net *.split)
[02:08:06] *** Quits: gnusha (~gnusha@unaffiliated/kanzure/bot/gnusha) (*.net *.split)
[02:08:06] *** Quits: RubenSomsen (sid301948@gateway/web/irccloud.com/x-siipwwkhxjcfolyk) (*.net *.split)
[02:08:07] *** Quits: ja (janus@anubis.0x90.dk) (*.net *.split)
[02:08:07] *** Quits: pigeons (~pigeons@androzani.sysevolve.com) (*.net *.split)
[02:08:07] *** Quits: kanzure (~kanzure@unaffiliated/kanzure) (*.net *.split)
[02:08:08] *** Quits: slivera (~slivera@103.231.88.10) (*.net *.split)
[02:08:09] *** Quits: mdrollette (~matt@cpe-70-123-125-237.tx.res.rr.com) (*.net *.split)
[02:08:09] *** Quits: achow101 (~achow101@unaffiliated/achow101) (*.net *.split)
[02:11:53] *** Quits: rjected[m] (rjectedmat@gateway/shell/matrix.org/x-riszxsisactzwcbh) (Remote host closed the connection)
[02:13:30] *** Joins: ja (janus@anubis.0x90.dk)
[02:13:30] *** Joins: instagibbs (~instagibb@pool-71-178-191-230.washdc.fios.verizon.net)
[02:13:30] *** Joins: mdrollette (~matt@cpe-70-123-125-237.tx.res.rr.com)
[02:13:30] *** Joins: achow101 (~achow101@unaffiliated/achow101)
[02:13:45] *** Joins: pigeons (~pigeons@androzani.sysevolve.com)
[02:13:45] *** Joins: kanzure (~kanzure@unaffiliated/kanzure)
[02:14:06] *** Joins: RubenSomsen (sid301948@gateway/web/irccloud.com/x-siipwwkhxjcfolyk)
[02:14:17] *** Joins: belcher_ (~belcher@unaffiliated/belcher)
[02:14:17] *** Joins: gnusha (~gnusha@unaffiliated/kanzure/bot/gnusha)
[02:14:32] *** Quits: belcher_ (~belcher@unaffiliated/belcher) (*.net *.split)
[02:14:32] *** Quits: gnusha (~gnusha@unaffiliated/kanzure/bot/gnusha) (*.net *.split)
[02:14:33] *** Quits: RubenSomsen (sid301948@gateway/web/irccloud.com/x-siipwwkhxjcfolyk) (*.net *.split)
[02:14:33] *** Quits: pigeons (~pigeons@androzani.sysevolve.com) (*.net *.split)
[02:14:34] *** Quits: kanzure (~kanzure@unaffiliated/kanzure) (*.net *.split)
[02:14:34] *** Quits: ja (janus@anubis.0x90.dk) (*.net *.split)
[02:14:34] *** Quits: instagibbs (~instagibb@pool-71-178-191-230.washdc.fios.verizon.net) (*.net *.split)
[02:14:34] *** Quits: mdrollette (~matt@cpe-70-123-125-237.tx.res.rr.com) (*.net *.split)
[02:14:35] *** Quits: achow101 (~achow101@unaffiliated/achow101) (*.net *.split)
[02:16:44] *** Joins: instagibbs (~instagibb@pool-71-178-191-230.washdc.fios.verizon.net)
[02:17:22] *** Quits: valwal_ (sid334773@gateway/web/irccloud.com/x-ymtzzqcvofbmfonn) (Ping timeout: 260 seconds)
[02:18:09] *** Joins: rjected[m] (rjectedmat@gateway/shell/matrix.org/x-yahhmcmhqsiaggzp)
[02:18:25] *** Joins: valwal_ (sid334773@gateway/web/irccloud.com/x-skdjatjtpmrtqhqb)
[02:18:42] *** Joins: pigeons (~pigeons@androzani.sysevolve.com)
[02:18:42] *** Joins: kanzure (~kanzure@unaffiliated/kanzure)
[02:19:00] *** Joins: belcher_ (~belcher@unaffiliated/belcher)
[02:19:00] *** Joins: gnusha (~gnusha@unaffiliated/kanzure/bot/gnusha)
[02:19:18] *** Joins: ja (janus@anubis.0x90.dk)
[02:20:15] *** Joins: slivera (~slivera@103.231.88.10)
[02:21:01] *** Joins: mdrollette (~matt@cpe-70-123-125-237.tx.res.rr.com)
[02:21:01] *** Joins: achow101 (~achow101@unaffiliated/achow101)
[02:22:46] *** Joins: RubenSomsen (sid301948@gateway/web/irccloud.com/x-gasdhhiyorhasrtn)
[03:52:35] *** Quits: dergoegge (uid453889@gateway/web/irccloud.com/x-tvyewdtkwvbpaffm) (Quit: Connection closed for inactivity)
[08:24:56] *** Quits: jb55 (~jb55@gateway/tor-sasl/jb55) (Remote host closed the connection)
[08:25:48] *** Joins: jb55 (~jb55@gateway/tor-sasl/jb55)
[08:37:07] *** Quits: slivera (~slivera@103.231.88.10) (Ping timeout: 240 seconds)
[10:54:05] *** Joins: reallll (~belcher@unaffiliated/belcher)
[10:57:26] *** Quits: belcher_ (~belcher@unaffiliated/belcher) (Ping timeout: 246 seconds)
[11:20:36] *** reallll is now known as belcher_
[12:04:13] *** Joins: kakobrekla (~kako@unaffiliated/kakobrekla)
[16:28:23] *** Quits: jb55 (~jb55@gateway/tor-sasl/jb55) (Ping timeout: 240 seconds)
[16:30:07] *** Joins: jb55 (~jb55@gateway/tor-sasl/jb55)
[21:45:00] *** Joins: slivera (~slivera@103.231.88.10)
