[01:52:25] *** Joins: nick_fre_ (~nick_free@2001:16b8:30d3:6c00:7086:eea7:b4c:dda6)
[01:56:11] *** Quits: nick_freeman (~nick_free@2001:16b8:30aa:1900:b9dd:a53b:19a4:da0e) (Ping timeout: 246 seconds)
[02:17:03] *** Quits: jb55 (~jb55@gateway/tor-sasl/jb55) (Ping timeout: 240 seconds)
[02:28:24] *** Joins: jb55 (~jb55@gateway/tor-sasl/jb55)
[03:59:35] *** Quits: nick_fre_ (~nick_free@2001:16b8:30d3:6c00:7086:eea7:b4c:dda6) (Remote host closed the connection)
[04:00:02] *** Joins: nick_freeman (~nick_free@2001:16b8:30d3:6c00:7086:eea7:b4c:dda6)
[04:04:24] *** Quits: nick_freeman (~nick_free@2001:16b8:30d3:6c00:7086:eea7:b4c:dda6) (Ping timeout: 256 seconds)
[09:49:29] *** Joins: nick_freeman (~nick_free@2001:16b8:30d3:6c00:90c1:3a72:bb13:3ce7)
[11:44:14] *** Quits: nick_freeman (~nick_free@2001:16b8:30d3:6c00:90c1:3a72:bb13:3ce7) (Remote host closed the connection)
[11:55:06] *** Joins: nick_freeman (~nick_free@2001:16b8:30d3:6c00:90c1:3a72:bb13:3ce7)
[11:55:23] *** Quits: nick_freeman (~nick_free@2001:16b8:30d3:6c00:90c1:3a72:bb13:3ce7) (Remote host closed the connection)
[12:17:21] *** Joins: nick_freeman (~nick_free@i5C74A00D.versanet.de)
[12:22:02] *** Quits: nick_freeman (~nick_free@i5C74A00D.versanet.de) (Remote host closed the connection)
[13:24:13] *** Joins: nick_freeman (~nick_free@2001:16b8:30d3:6c00:519e:c0ce:81d5:89ba)
[13:28:45] *** Quits: nick_freeman (~nick_free@2001:16b8:30d3:6c00:519e:c0ce:81d5:89ba) (Ping timeout: 252 seconds)
[15:06:10] *** Joins: nick_freeman (~nick_free@2001:16b8:30d3:6c00:393f:949a:88ee:829f)
[15:10:40] *** Quits: nick_freeman (~nick_free@2001:16b8:30d3:6c00:393f:949a:88ee:829f) (Remote host closed the connection)
[15:12:38] *** Joins: nick_freeman (~nick_free@2001:16b8:30d3:6c00:393f:949a:88ee:829f)
[15:17:15] *** Quits: nick_freeman (~nick_free@2001:16b8:30d3:6c00:393f:949a:88ee:829f) (Remote host closed the connection)
[15:19:12] *** Joins: nick_freeman (~nick_free@2001:16b8:30d3:6c00:393f:949a:88ee:829f)
[20:44:15] *** Quits: jb55 (~jb55@gateway/tor-sasl/jb55) (Remote host closed the connection)
[20:58:37] *** Joins: jb55 (~jb55@gateway/tor-sasl/jb55)
[22:36:22] *** Quits: nick_freeman (~nick_free@2001:16b8:30d3:6c00:393f:949a:88ee:829f) (Remote host closed the connection)
[22:36:32] *** Joins: nick_freeman (~nick_free@2001:16b8:30d3:6c00:393f:949a:88ee:829f)
[22:53:41] *** Quits: nick_freeman (~nick_free@2001:16b8:30d3:6c00:393f:949a:88ee:829f) (Remote host closed the connection)
[22:54:17] *** Joins: nick_freeman (~nick_free@2001:16b8:30d3:6c00:393f:949a:88ee:829f)
[23:08:28] *** Quits: nick_freeman (~nick_free@2001:16b8:30d3:6c00:393f:949a:88ee:829f) (Remote host closed the connection)
[23:17:08] *** Joins: nick_freeman (~nick_free@2001:16b8:30d3:6c00:393f:949a:88ee:829f)
[23:17:54] *** Joins: nick_fre_ (~nick_free@2001:16b8:30d3:6c00:e03d:f389:1df9:dc78)
[23:21:23] *** Quits: nick_freeman (~nick_free@2001:16b8:30d3:6c00:393f:949a:88ee:829f) (Ping timeout: 246 seconds)
