[00:39:08] *** Quits: nick_freeman (~nick_free@2001:16b8:305a:e800:1166:dfd1:4d49:2ad) (Remote host closed the connection)
[00:39:44] *** Joins: nick_freeman (~nick_free@92.116.175.215)
[01:21:28] *** Quits: jb55 (~jb55@gateway/tor-sasl/jb55) (Remote host closed the connection)
[01:29:02] *** Joins: jb55 (~jb55@gateway/tor-sasl/jb55)
[02:24:06] *** Joins: nick_fre_ (~nick_free@2001:16b8:309a:a600:558e:a9a4:8df9:63e5)
[02:27:17] *** Quits: nick_freeman (~nick_free@92.116.175.215) (Ping timeout: 265 seconds)
[03:51:44] *** Quits: kcalvinalvin (~kcalvinal@ec2-52-79-199-97.ap-northeast-2.compute.amazonaws.com) (ZNC 1.7.4 - https://znc.in)
[03:54:54] *** Joins: kcalvinalvin (~kcalvinal@ec2-52-79-199-97.ap-northeast-2.compute.amazonaws.com)
[03:55:36] *** Server sets mode: +ns 
[03:56:32] *** Server sets mode: +ns 
[09:03:53] *** Joins: rafalcpp (~racalcppp@ip-178-211.ists.pl)
[10:17:13] *** Quits: nick_fre_ (~nick_free@2001:16b8:309a:a600:558e:a9a4:8df9:63e5) (Remote host closed the connection)
[10:21:41] *** Joins: nick_freeman (~nick_free@2001:16b8:309a:a600:558e:a9a4:8df9:63e5)
[12:29:31] *** Quits: rafalcpp (~racalcppp@ip-178-211.ists.pl) (Ping timeout: 265 seconds)
[12:36:00] *** Joins: rafalcpp (~racalcppp@ip-178-211.ists.pl)
[14:02:04] <adiabat> hey - can do call in a min
[14:02:13] <adiabat> getting headphones
[14:03:44] <kcalvinalvin> are we good?
[14:04:59] <adiabat> yeah I'm on jitsi
[14:37:18] *** Joins: nick_fre_ (~nick_free@2001:16b8:30bd:4c00:99fb:5be9:acca:9a71)
[14:39:00] *** Quits: nick_freeman (~nick_free@2001:16b8:309a:a600:558e:a9a4:8df9:63e5) (Ping timeout: 248 seconds)
[19:07:55] <ysangkok> regarding the may workshop, where can i read more about that?
[19:47:47] <kanzure> is this something i went to?
