[00:42:55] *** Quits: dergoegge (~dergoegge@37.120.217.220) (Quit: leaving)
[02:11:13] *** Joins: ThomasV (~thomasv@unaffiliated/thomasv)
[03:10:02] *** Quits: ThomasV (~thomasv@unaffiliated/thomasv) (Ping timeout: 256 seconds)
[05:24:53] *** Joins: ThomasV (~thomasv@unaffiliated/thomasv)
[06:13:02] <kcalvinalvin> adiabat it is in read-only. The problem above was that bitcoin core uses leveldb uncompressed
[06:13:31] <kcalvinalvin> by default, compression was turned on with the syndtr leveldb thing
[06:13:40] <kcalvinalvin> fixed now on my draft pr
[07:03:46] *** Quits: ThomasV (~thomasv@unaffiliated/thomasv) (Ping timeout: 265 seconds)
[08:06:50] *** Joins: ThomasV (~thomasv@unaffiliated/thomasv)
[11:32:05] *** Quits: ThomasV (~thomasv@unaffiliated/thomasv) (Ping timeout: 272 seconds)
[11:35:53] *** Joins: ThomasV (~thomasv@unaffiliated/thomasv)
[12:26:33] *** Quits: ThomasV (~thomasv@unaffiliated/thomasv) (Ping timeout: 272 seconds)
[16:21:20] *** Joins: ThomasV (~thomasv@unaffiliated/thomasv)
[17:52:05] *** Quits: ThomasV (~thomasv@unaffiliated/thomasv) (Ping timeout: 272 seconds)
[19:22:22] *** Quits: adiabat (~adiabat@63.209.32.102) (Remote host closed the connection)
[21:17:08] *** Joins: ThomasV (~thomasv@unaffiliated/thomasv)
[21:53:50] *** Quits: digi_james (sid281632@gateway/web/irccloud.com/x-ixyargxtdibxiafd) (*.net *.split)
[21:53:50] *** Quits: valwal_ (sid334773@gateway/web/irccloud.com/x-qifsswwtchwsflxx) (*.net *.split)
[21:53:50] *** Quits: fanquake (sid369002@gateway/web/irccloud.com/x-fhmfssifughellja) (*.net *.split)
[21:54:13] *** Joins: valwal_ (sid334773@gateway/web/irccloud.com/x-qifsswwtchwsflxx)
[21:54:13] *** Joins: digi_james (sid281632@gateway/web/irccloud.com/x-ixyargxtdibxiafd)
[21:54:13] *** Joins: fanquake (sid369002@gateway/web/irccloud.com/x-fhmfssifughellja)
[21:58:32] *** Quits: ja (janus@anubis.0x90.dk) (*.net *.split)
[21:58:33] *** Quits: instagibbs (~instagibb@pool-71-178-191-230.washdc.fios.verizon.net) (*.net *.split)
[21:59:38] *** Joins: ja (janus@anubis.0x90.dk)
[21:59:38] *** Joins: instagibbs (~instagibb@pool-71-178-191-230.washdc.fios.verizon.net)
[22:10:09] *** Quits: ThomasV (~thomasv@unaffiliated/thomasv) (Remote host closed the connection)
[22:10:37] *** Joins: ThomasV (~thomasv@unaffiliated/thomasv)
[22:33:52] *** Quits: ThomasV (~thomasv@unaffiliated/thomasv) (Ping timeout: 260 seconds)
[23:45:14] *** Joins: rafalcpp (~racalcppp@ip-178-214.ists.pl)
