[01:51:26] *** Quits: adiabat (~adiabat@63.209.32.102) (Ping timeout: 240 seconds)
[01:53:10] *** Joins: adiabat (~adiabat@63.209.32.102)
[11:22:41] <ja> kcalvinalvin: congrats on the bitmex grant
[12:25:06] *** Joins: rafalcpp (~racalcppp@ip-178-214.ists.pl)
[12:52:12] *** Quits: rafalcpp (~racalcppp@ip-178-214.ists.pl) (Ping timeout: 256 seconds)
[12:59:43] <kcalvinalvin> ja thanks :)
[14:00:11] <ja> totally deserved, you did so much work over the last 10 months or so
[14:44:56] *** Joins: belcher (~belcher@unaffiliated/belcher)
[14:45:19] *** Joins: rafalcpp (~racalcppp@ip-178-214.ists.pl)
[14:58:47] *** Quits: jb55 (~jb55@gateway/tor-sasl/jb55) (Quit: jb55)
[15:06:34] *** Quits: rafalcpp (~racalcppp@ip-178-214.ists.pl) (Ping timeout: 260 seconds)
[15:08:37] *** Joins: rafalcpp (~racalcppp@ip-178-214.ists.pl)
[15:22:41] *** Quits: dergoegge (uid453889@gateway/web/irccloud.com/x-dxprdbgghyhxzrvj) (*.net *.split)
[15:22:41] *** Quits: felixweis (sid154231@gateway/web/irccloud.com/x-tjakxxqoraoowpeh) (*.net *.split)
[15:22:42] *** Quits: RubenSomsen (sid301948@gateway/web/irccloud.com/x-gasdhhiyorhasrtn) (*.net *.split)
[15:22:43] *** Quits: icota[m] (icotamatri@gateway/shell/matrix.org/x-wocbhgwztdpxeqmi) (*.net *.split)
[15:22:43] *** Quits: prusnak (sid403625@gateway/web/irccloud.com/x-gcivvuybaramuwjp) (*.net *.split)
[15:33:55] *** Joins: dergoegge (uid453889@gateway/web/irccloud.com/x-dxprdbgghyhxzrvj)
[15:33:55] *** Joins: felixweis (sid154231@gateway/web/irccloud.com/x-tjakxxqoraoowpeh)
[15:33:55] *** Joins: RubenSomsen (sid301948@gateway/web/irccloud.com/x-gasdhhiyorhasrtn)
[15:34:09] *** Joins: icota[m] (icotamatri@gateway/shell/matrix.org/x-wocbhgwztdpxeqmi)
[15:34:09] *** Joins: prusnak (sid403625@gateway/web/irccloud.com/x-gcivvuybaramuwjp)
[16:24:11] *** Quits: rafalcpp (~racalcppp@ip-178-214.ists.pl) (Ping timeout: 240 seconds)
[17:14:06] *** Joins: rafalcpp (~racalcppp@ip-178-214.ists.pl)
[17:30:15] *** Joins: belcher_ (~belcher@unaffiliated/belcher)
[17:34:00] *** Quits: belcher (~belcher@unaffiliated/belcher) (Ping timeout: 256 seconds)
[17:57:15] *** Joins: aaronc2347 (uid451246@gateway/web/irccloud.com/x-setgaylximquzzmq)
[19:03:56] *** Quits: rafalcpp (~racalcppp@ip-178-214.ists.pl) (Ping timeout: 240 seconds)
[19:41:11] *** Joins: s_am (uid458593@gateway/web/irccloud.com/x-sojwokxogmdwosxd)
[21:56:42] *** Joins: rafalcpp (~racalcppp@ip-178-214.ists.pl)
