[03:56:24] *** Joins: ThomasV (~thomasv@unaffiliated/thomasv)
[05:23:13] *** Quits: ThomasV (~thomasv@unaffiliated/thomasv) (Ping timeout: 246 seconds)
[06:49:18] *** Joins: ThomasV (~thomasv@unaffiliated/thomasv)
[10:34:59] *** Quits: ThomasV (~thomasv@unaffiliated/thomasv) (Ping timeout: 272 seconds)
[11:05:34] *** Joins: ThomasV (~thomasv@unaffiliated/thomasv)
[11:33:15] *** Quits: ThomasV (~thomasv@unaffiliated/thomasv) (Ping timeout: 272 seconds)
[13:05:04] <adiabat> hi -- call in ~25min
[14:15:52] *** Quits: fanquake (sid369002@gateway/web/irccloud.com/x-zpfuishxfwzmfiwj) (Ping timeout: 256 seconds)
[14:17:59] *** Joins: fanquake (sid369002@gateway/web/irccloud.com/x-pnnhyobqmavcnerm)
[15:06:27] *** Joins: ThomasV (~thomasv@unaffiliated/thomasv)
[17:56:22] *** Quits: ThomasV (~thomasv@unaffiliated/thomasv) (Ping timeout: 260 seconds)
[19:30:44] *** Joins: ThomasV (~thomasv@unaffiliated/thomasv)
[21:21:23] *** Quits: rafalcpp (~racalcppp@ip-178-214.ists.pl) ()
[22:05:17] *** Quits: ThomasV (~thomasv@unaffiliated/thomasv) (Ping timeout: 265 seconds)
[22:33:29] *** Quits: ja (janus@anubis.0x90.dk) (*.net *.split)
[22:33:30] *** Quits: valwal_ (sid334773@gateway/web/irccloud.com/x-qifsswwtchwsflxx) (*.net *.split)
[22:33:31] *** Quits: achow101 (~achow101@unaffiliated/achow101) (*.net *.split)
[22:33:31] *** Quits: fanquake (sid369002@gateway/web/irccloud.com/x-pnnhyobqmavcnerm) (*.net *.split)
[22:33:31] *** Quits: digi_james (sid281632@gateway/web/irccloud.com/x-doxceqxpvlfgpgsj) (*.net *.split)
[22:33:31] *** Quits: stevenroose (~steven@irc.roose.io) (*.net *.split)
[22:33:31] *** Quits: rjected (~dan@pool-71-184-77-198.bstnma.fios.verizon.net) (*.net *.split)
[22:33:32] *** Quits: cfields (~cfields@unaffiliated/cfields) (*.net *.split)
[22:33:32] *** Quits: kallewoof (~quassel@240d:1a:759:6000:a7b1:451a:8874:e1ac) (*.net *.split)
[22:33:34] *** Quits: fjahr (sid374480@gateway/web/irccloud.com/x-nnnlcpasqlezucfe) (*.net *.split)
[22:33:34] *** Quits: jamesob (sid180710@gateway/web/irccloud.com/x-jggcdmnrhnqruafg) (*.net *.split)
[22:33:34] *** Quits: ghost43 (~daer@gateway/tor-sasl/daer) (*.net *.split)
[22:33:34] *** Quits: jb55 (~jb55@gateway/tor-sasl/jb55) (*.net *.split)
[22:33:35] *** Quits: kanzure (~kanzure@unaffiliated/kanzure) (*.net *.split)
[22:33:36] *** Quits: pigeons (~pigeons@androzani.sysevolve.com) (*.net *.split)
[22:33:37] *** Quits: gnusha (~gnusha@unaffiliated/kanzure/bot/gnusha) (*.net *.split)
[22:37:48] *** Joins: valwal_ (sid334773@gateway/web/irccloud.com/x-qifsswwtchwsflxx)
[22:37:48] *** Joins: achow101 (~achow101@unaffiliated/achow101)
[22:37:48] *** Joins: gnusha (~gnusha@unaffiliated/kanzure/bot/gnusha)
[22:37:48] *** Joins: ja (janus@anubis.0x90.dk)
[22:38:01] *** Joins: kanzure (~kanzure@unaffiliated/kanzure)
[22:38:38] *** Joins: fjahr (sid374480@gateway/web/irccloud.com/x-nnnlcpasqlezucfe)
[22:38:38] *** Joins: jamesob (sid180710@gateway/web/irccloud.com/x-jggcdmnrhnqruafg)
[22:38:46] *** Joins: ghost43 (~daer@gateway/tor-sasl/daer)
[22:38:46] *** Joins: jb55 (~jb55@gateway/tor-sasl/jb55)
[22:39:02] *** Joins: fanquake (sid369002@gateway/web/irccloud.com/x-pnnhyobqmavcnerm)
[22:39:02] *** Joins: digi_james (sid281632@gateway/web/irccloud.com/x-doxceqxpvlfgpgsj)
[22:39:02] *** Joins: stevenroose (~steven@irc.roose.io)
[22:39:02] *** Joins: rjected (~dan@pool-71-184-77-198.bstnma.fios.verizon.net)
[22:39:02] *** Joins: cfields (~cfields@unaffiliated/cfields)
[22:39:02] *** Joins: kallewoof (~quassel@240d:1a:759:6000:a7b1:451a:8874:e1ac)
[22:41:38] *** Quits: digi_james (sid281632@gateway/web/irccloud.com/x-doxceqxpvlfgpgsj) (Ping timeout: 260 seconds)
[22:41:38] *** Quits: RubenSomsen (sid301948@gateway/web/irccloud.com/x-ozlyifiugrtfpnrc) (Ping timeout: 256 seconds)
[22:42:03] *** Joins: digi_james (sid281632@gateway/web/irccloud.com/x-fjepoohrzcwjyqay)
[22:42:07] *** Joins: pigeons (~pigeons@androzani.sysevolve.com)
[22:43:47] *** Joins: RubenSomsen (sid301948@gateway/web/irccloud.com/x-rsypnxenjsanfspo)
