[01:47:38] *** Quits: nick_freeman (~nick_free@2001:16b8:305e:d500:a453:6734:8fd2:9b20) (Remote host closed the connection)
[04:32:29] *** Quits: achow101 (~achow101@unaffiliated/achow101) (Quit: ZNC 1.7.4+deb0+bionic0 - https://znc.in)
[04:35:49] *** Joins: achow101 (~achow101@unaffiliated/achow101)
[05:31:56] *** Quits: achow101 (~achow101@unaffiliated/achow101) (Ping timeout: 265 seconds)
[05:34:53] *** Joins: achow101 (~achow101@unaffiliated/achow101)
[09:50:38] *** Joins: nick_freeman (~nick_free@92.116.169.244)
[10:43:44] *** Quits: nick_freeman (~nick_free@92.116.169.244) (Remote host closed the connection)
[10:44:23] *** Joins: nick_freeman (~nick_free@2001:16b8:30a0:1200:8544:c684:f16b:d41b)
[11:54:25] *** Quits: nick_freeman (~nick_free@2001:16b8:30a0:1200:8544:c684:f16b:d41b) (Remote host closed the connection)
[12:11:54] *** Joins: nick_freeman (~nick_free@2001:16b8:30a0:1200:b506:8cd8:24b0:a1f2)
[12:16:06] *** Quits: nick_freeman (~nick_free@2001:16b8:30a0:1200:b506:8cd8:24b0:a1f2) (Ping timeout: 240 seconds)
[12:34:53] *** Joins: nick_freeman (~nick_free@2001:16b8:30a0:1200:e87f:fdf:5468:5ddf)
[12:39:30] *** Quits: nick_freeman (~nick_free@2001:16b8:30a0:1200:e87f:fdf:5468:5ddf) (Ping timeout: 256 seconds)
[14:36:08] *** Joins: nick_freeman (~nick_free@2001:16b8:30a0:1200:556e:460:263b:86b5)
[14:40:26] *** Quits: nick_freeman (~nick_free@2001:16b8:30a0:1200:556e:460:263b:86b5) (Ping timeout: 240 seconds)
[16:45:32] *** Joins: gojiHmPFPN (~textual@185.213.155.164)
[16:55:10] *** Joins: nick_freeman (~nick_free@2001:16b8:30a0:1200:556e:460:263b:86b5)
[16:55:56] *** Joins: nick_fre_ (~nick_free@2001:16b8:30a0:1200:5da5:a6cc:2e85:39aa)
[16:57:09] *** Quits: nick_fre_ (~nick_free@2001:16b8:30a0:1200:5da5:a6cc:2e85:39aa) (Remote host closed the connection)
[16:59:21] *** Quits: nick_freeman (~nick_free@2001:16b8:30a0:1200:556e:460:263b:86b5) (Ping timeout: 246 seconds)
[18:03:27] *** Quits: gojiHmPFPN (~textual@185.213.155.164) (Quit: Textual IRC Client: www.textualapp.com)
[18:57:38] *** Joins: nick_freeman (~nick_free@92.116.169.244)
[18:58:16] *** Quits: nick_freeman (~nick_free@92.116.169.244) (Read error: Connection reset by peer)
[18:58:33] *** Joins: nick_freeman (~nick_free@2001:16b8:30a0:1200:1d05:ea2c:2805:fc5c)
[19:03:08] *** Quits: nick_freeman (~nick_free@2001:16b8:30a0:1200:1d05:ea2c:2805:fc5c) (Ping timeout: 256 seconds)
[19:58:57] *** Joins: nick_freeman (~nick_free@2001:16b8:30a0:1200:a5fe:8ac1:b41d:c83b)
[20:03:06] *** Quits: nick_freeman (~nick_free@2001:16b8:30a0:1200:a5fe:8ac1:b41d:c83b) (Ping timeout: 240 seconds)
[20:25:47] *** Joins: gojiHmPFPN (~textual@c-73-47-220-190.hsd1.ma.comcast.net)
[21:09:35] *** Joins: jb55 (~jb55@gateway/tor-sasl/jb55)
[21:54:42] *** Quits: achow101 (~achow101@unaffiliated/achow101) (Ping timeout: 268 seconds)
[21:55:29] *** Joins: achow101 (~achow101@unaffiliated/achow101)
[21:55:50] <ysangkok> kcalvinalvin: did you figure out what tagRow is? there is an issue for it
[23:05:25] *** Joins: nick_freeman (~nick_free@2001:16b8:30a0:1200:a5fe:8ac1:b41d:c83b)
[23:49:35] *** Quits: achow101 (~achow101@unaffiliated/achow101) (Ping timeout: 265 seconds)
