[02:20:59] *** Joins: icota[m]1 (icotamatri@gateway/shell/matrix.org/x-sxcivdfavteepvuu)
[02:27:32] *** Quits: icota[m] (icotamatri@gateway/shell/matrix.org/x-gbvfwkusvwddsrdd) (*.net *.split)
[11:03:43] *** Quits: jb55 (~jb55@gateway/tor-sasl/jb55) (Ping timeout: 240 seconds)
[11:18:07] *** Joins: jb55 (~jb55@gateway/tor-sasl/jb55)
[17:25:42] *** Joins: belcher_ (~belcher@unaffiliated/belcher)
[17:28:45] *** Quits: belcher (~belcher@unaffiliated/belcher) (Ping timeout: 240 seconds)
[17:39:03] *** belcher_ is now known as belcher
[20:50:28] *** Quits: fjahr (sid374480@gateway/web/irccloud.com/x-iivtmbwrteacwior) (Ping timeout: 260 seconds)
[20:51:03] *** Quits: RubenSomsen (sid301948@gateway/web/irccloud.com/x-ocdalhxrivpycxzh) (Ping timeout: 260 seconds)
[20:51:03] *** Quits: dergoegge (sid453889@gateway/web/irccloud.com/x-qcyhrfrvemkspetz) (Ping timeout: 260 seconds)
[20:51:03] *** Quits: fanquake (sid369002@gateway/web/irccloud.com/x-zgkshntuzwgmxpna) (Ping timeout: 260 seconds)
[20:52:37] *** Joins: RubenSomsen (sid301948@gateway/web/irccloud.com/x-lynikbyizhcluhrt)
[20:53:48] *** Joins: fjahr (sid374480@gateway/web/irccloud.com/x-jpyhlxsbrpmdqpct)
[20:53:53] *** Joins: fanquake (sid369002@gateway/web/irccloud.com/x-eksnczgmxnivlsca)
[20:54:01] *** Joins: dergoegge (sid453889@gateway/web/irccloud.com/x-tpmykjnomyazgkuv)
[21:13:12] *** Quits: belcher (~belcher@unaffiliated/belcher) (Quit: Leaving)
[21:16:14] *** Joins: belcher (~belcher@unaffiliated/belcher)
[22:12:13] *** Quits: belcher (~belcher@unaffiliated/belcher) (Ping timeout: 264 seconds)
[22:50:13] *** Quits: prusnak (sid403625@gateway/web/irccloud.com/x-fxisbvxyftpvqwzu) (Ping timeout: 244 seconds)
[22:50:18] *** Quits: felixweis (sid154231@gateway/web/irccloud.com/x-ssguchidvcelwjsp) (Ping timeout: 244 seconds)
[22:50:22] *** Quits: RubenSomsen (sid301948@gateway/web/irccloud.com/x-lynikbyizhcluhrt) (Ping timeout: 260 seconds)
[22:50:45] *** Quits: dergoegge (sid453889@gateway/web/irccloud.com/x-tpmykjnomyazgkuv) (Read error: Connection reset by peer)
[22:52:43] *** Joins: prusnak (sid403625@gateway/web/irccloud.com/x-wviwjrvoaokompmb)
[22:53:22] *** Joins: belcher (~belcher@unaffiliated/belcher)
[22:53:50] *** Joins: dergoegge (sid453889@gateway/web/irccloud.com/x-sswuueloqcmejcew)
[22:54:05] *** Joins: RubenSomsen (sid301948@gateway/web/irccloud.com/x-laxidhmygabdqaae)
[22:54:28] *** Joins: felixweis (sid154231@gateway/web/irccloud.com/x-epboyqvosgbrdlkk)
[22:55:15] *** Quits: fjahr (sid374480@gateway/web/irccloud.com/x-jpyhlxsbrpmdqpct) (Ping timeout: 258 seconds)
[22:56:23] *** Joins: fjahr (sid374480@gateway/web/irccloud.com/x-xxhgfjymcdjzupvi)
[22:58:23] *** Quits: RubenSomsen (sid301948@gateway/web/irccloud.com/x-laxidhmygabdqaae) (Ping timeout: 246 seconds)
[23:11:35] *** Joins: RubenSomsen (sid301948@gateway/web/irccloud.com/x-lrokbsurnqtoyeht)
