[02:07:07] *** Quits: rafalcpp (~racalcppp@ip-178-214.ists.pl) ()
[02:20:32] *** Quits: adiabat (~adiabat@63.209.32.102) (Ping timeout: 256 seconds)
[03:14:11] *** Joins: adiabat (~adiabat@63.209.32.102)
[06:03:54] *** Joins: ThomasV (~thomasv@unaffiliated/thomasv)
[07:24:54] *** Quits: ThomasV (~thomasv@unaffiliated/thomasv) (Ping timeout: 256 seconds)
[09:56:51] *** Joins: ThomasV (~thomasv@unaffiliated/thomasv)
[11:37:47] *** Quits: ThomasV (~thomasv@unaffiliated/thomasv) (Ping timeout: 240 seconds)
[13:27:44] *** Quits: adiabat (~adiabat@63.209.32.102) (*.net *.split)
[13:28:08] *** Joins: adiabat (~adiabat@63.209.32.102)
[14:39:49] *** Quits: instagibbs (~instagibb@pool-71-178-191-230.washdc.fios.verizon.net) (Ping timeout: 258 seconds)
[14:40:35] *** Joins: instagibbs (~instagibb@pool-71-178-191-230.washdc.fios.verizon.net)
[17:14:27] *** Quits: ghost43 (~daer@gateway/tor-sasl/daer) (Remote host closed the connection)
[17:14:43] *** Quits: jb55 (~jb55@gateway/tor-sasl/jb55) (Ping timeout: 240 seconds)
[17:14:44] *** Joins: ghost43 (~daer@gateway/tor-sasl/daer)
[17:15:56] *** Joins: jb55 (~jb55@gateway/tor-sasl/jb55)
[21:29:11] <adiabat> Hey all - I think tomorrow's call is at the later time right?
[21:29:32] <adiabat> so 12:30 EDT
[21:30:06] <adiabat> could also do 12:00 EDT or whenever works for west coast / europe
[21:48:35] *** Quits: jb55 (~jb55@gateway/tor-sasl/jb55) (Remote host closed the connection)
[21:49:25] *** Joins: jb55 (~jb55@gateway/tor-sasl/jb55)
[22:00:29] <dergoegge> I thought we did the later one last week. But for me it doesn't matter i can do both.
[23:18:18] <adiabat> oh OK then early!
[23:18:24] <adiabat> I should keep track :)
[23:18:35] <adiabat> so 9:00 EDT then
[23:18:48] <adiabat> It was 9:30 EDT before but now I have a meeting at 10:00
