[15:57:23] *** Joins: belcher_ (~belcher@unaffiliated/belcher)
[16:00:32] *** Quits: belcher (~belcher@unaffiliated/belcher) (Ping timeout: 256 seconds)
[18:00:32] *** Joins: jb55 (~jb55@gateway/tor-sasl/jb55)
[18:33:45] *** belcher_ is now known as belcher
[20:36:35] *** Quits: rjected (~weechat-h@natp-128-119-202-13.wireless.umass.edu) (Quit: WeeChat 3.0)
[20:36:50] *** Joins: rjected (~weechat-h@natp-128-119-202-13.wireless.umass.edu)
[20:38:36] *** Quits: rjected (~weechat-h@natp-128-119-202-13.wireless.umass.edu) (Client Quit)
[20:38:50] *** Joins: rjected (~weechat-h@natp-128-119-202-13.wireless.umass.edu)
[20:39:38] *** Quits: rjected (~weechat-h@natp-128-119-202-13.wireless.umass.edu) (Client Quit)
[20:39:52] *** Joins: rjected (~weechat-h@natp-128-119-202-13.wireless.umass.edu)
[20:55:15] *** Quits: rjected (~weechat-h@natp-128-119-202-13.wireless.umass.edu) (Quit: WeeChat 3.0)
[20:55:31] *** Joins: rjected (~weechat-h@natp-128-119-202-13.wireless.umass.edu)
[21:04:03] *** Quits: rjected (~weechat-h@natp-128-119-202-13.wireless.umass.edu) (Quit: WeeChat 3.0)
[21:04:19] *** Joins: rjected (~weechat-h@natp-128-119-202-13.wireless.umass.edu)
[21:09:47] *** Quits: rjected (~weechat-h@natp-128-119-202-13.wireless.umass.edu) (Quit: WeeChat 3.0)
[21:10:03] *** Joins: rjected (~weechat-h@natp-128-119-202-13.wireless.umass.edu)
[21:10:25] *** Quits: rjected (~weechat-h@natp-128-119-202-13.wireless.umass.edu) (Client Quit)
[21:10:44] *** Joins: rjected (~weechat-h@natp-128-119-202-13.wireless.umass.edu)
[21:16:09] *** Quits: rjected (~weechat-h@natp-128-119-202-13.wireless.umass.edu) (Quit: WeeChat 3.0)
[21:20:24] *** Joins: weechat-headless (~weechat-h@natp-128-119-202-13.wireless.umass.edu)
[21:20:52] *** Quits: weechat-headless (~weechat-h@natp-128-119-202-13.wireless.umass.edu) (Client Quit)
[21:21:07] *** Joins: weechat-headless (~weechat-h@natp-128-119-202-13.wireless.umass.edu)
[21:25:25] *** Quits: weechat-headless (~weechat-h@natp-128-119-202-13.wireless.umass.edu) (Client Quit)
[22:57:44] *** Joins: rjected (~weechat-h@natp-128-119-202-13.wireless.umass.edu)
