[00:05:48] *** Joins: felixweis (sid154231@gateway/web/irccloud.com/x-krefugjevbfmhthz)
[00:05:48] *** Joins: fjahr (sid374480@gateway/web/irccloud.com/x-rbbwbtbigjvdlmkh)
[02:23:56] *** Quits: jb55 (~jb55@gateway/tor-sasl/jb55) (Remote host closed the connection)
[02:24:44] *** Joins: jb55 (~jb55@gateway/tor-sasl/jb55)
[03:21:09] *** Quits: felixweis (sid154231@gateway/web/irccloud.com/x-krefugjevbfmhthz) (*.net *.split)
[03:21:09] *** Quits: fjahr (sid374480@gateway/web/irccloud.com/x-rbbwbtbigjvdlmkh) (*.net *.split)
[03:49:00] *** Joins: felixweis (sid154231@gateway/web/irccloud.com/x-krefugjevbfmhthz)
[03:49:00] *** Joins: fjahr (sid374480@gateway/web/irccloud.com/x-rbbwbtbigjvdlmkh)
[04:29:04] *** Quits: ghost43 (~daer@gateway/tor-sasl/daer) (Remote host closed the connection)
[04:29:51] *** Joins: ghost43 (~daer@gateway/tor-sasl/daer)
[05:00:43] *** Quits: ghost43 (~daer@gateway/tor-sasl/daer) (Ping timeout: 240 seconds)
[05:01:38] *** Joins: ghost43 (~daer@gateway/tor-sasl/daer)
[14:40:32] *** Quits: felixweis (sid154231@gateway/web/irccloud.com/x-krefugjevbfmhthz) (*.net *.split)
[14:40:32] *** Quits: fjahr (sid374480@gateway/web/irccloud.com/x-rbbwbtbigjvdlmkh) (*.net *.split)
[14:40:53] *** Joins: felixweis (sid154231@gateway/web/irccloud.com/x-krefugjevbfmhthz)
[14:40:53] *** Joins: fjahr (sid374480@gateway/web/irccloud.com/x-rbbwbtbigjvdlmkh)
[14:46:46] *** Quits: fjahr (sid374480@gateway/web/irccloud.com/x-rbbwbtbigjvdlmkh) (Ping timeout: 244 seconds)
[14:49:29] *** Joins: fjahr (sid374480@gateway/web/irccloud.com/x-aziopllegdxggubc)
[14:50:23] *** Quits: felixweis (sid154231@gateway/web/irccloud.com/x-krefugjevbfmhthz) (Ping timeout: 244 seconds)
[14:53:40] *** Joins: felixweis (sid154231@gateway/web/irccloud.com/x-obqpsjwlqqjjaomn)
[16:52:35] *** Quits: jb55 (~jb55@gateway/tor-sasl/jb55) (Remote host closed the connection)
[17:11:26] *** Joins: jb55 (~jb55@gateway/tor-sasl/jb55)
[17:47:50] *** Quits: jb55 (~jb55@gateway/tor-sasl/jb55) (Remote host closed the connection)
[19:36:28] *** Joins: jb55 (~jb55@gateway/tor-sasl/jb55)
[19:57:05] *** Quits: dergoegge (sid453889@gateway/web/irccloud.com/x-emtymwgkrvvqyizg) (Ping timeout: 240 seconds)
[19:57:05] *** Quits: fanquake (sid369002@gateway/web/irccloud.com/x-wetyrnkfmisripxh) (Ping timeout: 240 seconds)
[19:57:15] *** Joins: dergoegge (sid453889@gateway/web/irccloud.com/x-jzdktyxxskljzfdk)
[19:57:32] *** Joins: fanquake (sid369002@gateway/web/irccloud.com/x-mlmfxisownwkerez)
[19:58:30] *** Quits: jb55 (~jb55@gateway/tor-sasl/jb55) (Remote host closed the connection)
[21:00:56] *** Joins: jb55 (~jb55@gateway/tor-sasl/jb55)
[22:48:00] *** Quits: jb55 (~jb55@gateway/tor-sasl/jb55) (Read error: Connection reset by peer)
[22:48:47] *** Joins: jb55 (~jb55@gateway/tor-sasl/jb55)
