[01:40:07] *** Quits: gojiHmPFPN (~textual@c-73-47-220-190.hsd1.ma.comcast.net) (Quit: My MacBook has gone to sleep. ZZZzzz…)
[01:48:54] *** Joins: gojiHmPFPN (~textual@c-73-47-220-190.hsd1.ma.comcast.net)
[02:03:31] <rjected> travis is removed, cool stuff
[02:13:47] *** Quits: gojiHmPFPN (~textual@c-73-47-220-190.hsd1.ma.comcast.net) (Quit: My MacBook has gone to sleep. ZZZzzz…)
[02:32:11] *** Parts: dergoegge (dergoegge@gateway/vpn/nordvpn/dergoegge) ()
[02:46:44] *** Joins: dergoegge (~dergoegge@196.240.57.44)
[02:47:12] *** Quits: dergoegge (~dergoegge@196.240.57.44) (Client Quit)
[03:15:18] <ja> rjected: what do you mean? utreexo never used travis
[03:16:01] <kcalvinalvin> ja he's talking about btcd. They had a problem where you couldn't merge anything to btcd since travis was giving an error for all PRs
[03:16:30] <ja> ah ok, thanks 
[03:16:39] <kcalvinalvin> https://github.com/btcsuite/btcd/pull/1588
[03:16:47] <kcalvinalvin> relevant I guess
[03:27:06] *** Joins: ThomasV (~thomasv@unaffiliated/thomasv)
[03:48:55] *** Joins: gojiHmPFPN (~textual@c-73-47-220-190.hsd1.ma.comcast.net)
[04:15:11] *** Quits: gojiHmPFPN (~textual@c-73-47-220-190.hsd1.ma.comcast.net) (Quit: My MacBook has gone to sleep. ZZZzzz…)
[06:07:43] *** Quits: jb55 (~jb55@gateway/tor-sasl/jb55) (Ping timeout: 240 seconds)
[06:10:40] *** Joins: jb55 (~jb55@gateway/tor-sasl/jb55)
[06:40:48] *** Quits: ThomasV (~thomasv@unaffiliated/thomasv) (Ping timeout: 265 seconds)
[08:51:31] *** Joins: ThomasV (~thomasv@unaffiliated/thomasv)
[12:09:59] *** Joins: dergoegge (~dergoegge@196.240.57.44)
[13:42:07] *** Quits: jb55 (~jb55@gateway/tor-sasl/jb55) (Remote host closed the connection)
[13:47:48] *** Quits: ThomasV (~thomasv@unaffiliated/thomasv) (Ping timeout: 246 seconds)
[13:48:09] *** Joins: jb55 (~jb55@gateway/tor-sasl/jb55)
[14:52:02] *** Joins: ThomasV (~thomasv@unaffiliated/thomasv)
[15:04:26] *** Quits: dergoegge (~dergoegge@196.240.57.44) (Quit: leaving)
[15:28:54] *** Joins: gojiHmPFPN (~textual@c-73-47-220-190.hsd1.ma.comcast.net)
[15:30:54] *** Quits: gojiHmPFPN (~textual@c-73-47-220-190.hsd1.ma.comcast.net) (Client Quit)
[15:34:28] *** Joins: gojiHmPFPN (~textual@c-73-47-220-190.hsd1.ma.comcast.net)
[15:44:10] *** Joins: dergoegge (~dergoegge@196.240.57.188)
[15:54:13] *** Quits: gojiHmPFPN (~textual@c-73-47-220-190.hsd1.ma.comcast.net) (Quit: My MacBook has gone to sleep. ZZZzzz…)
[16:13:29] *** Joins: gojiHmPFPN (~textual@c-73-47-220-190.hsd1.ma.comcast.net)
[16:26:14] *** Quits: gojiHmPFPN (~textual@c-73-47-220-190.hsd1.ma.comcast.net) (Quit: My MacBook has gone to sleep. ZZZzzz…)
[16:31:29] *** Joins: gojiHmPFPN (~textual@c-73-47-220-190.hsd1.ma.comcast.net)
[16:32:04] *** Quits: gojiHmPFPN (~textual@c-73-47-220-190.hsd1.ma.comcast.net) (Client Quit)
[17:07:18] *** Quits: ThomasV (~thomasv@unaffiliated/thomasv) (Ping timeout: 246 seconds)
[18:11:38] *** Joins: ThomasV (~thomasv@unaffiliated/thomasv)
[18:43:41] *** Quits: ghost43 (~daer@gateway/tor-sasl/daer) (Remote host closed the connection)
[18:44:01] *** Joins: ghost43 (~daer@gateway/tor-sasl/daer)
[21:16:19] *** Joins: gojiHmPFPN (~textual@c-73-47-220-190.hsd1.ma.comcast.net)
[21:23:54] *** Quits: ThomasV (~thomasv@unaffiliated/thomasv) (Ping timeout: 240 seconds)
[21:59:43] *** Quits: dergoegge (~dergoegge@196.240.57.188) (Quit: leaving)
