[00:02:23] *** Joins: dergoegge (~dergoegge@196.240.57.124)
[00:19:38] <rjected> yeah let's talk about it then
[00:25:02] *** Quits: gojiHmPFPN (~textual@c-73-47-220-190.hsd1.ma.comcast.net) (Quit: My MacBook has gone to sleep. ZZZzzz…)
[00:51:39] *** Quits: dergoegge (~dergoegge@196.240.57.124) (Quit: leaving)
[02:07:25] *** Quits: rafalcpp (~racalcppp@ip-178-214.ists.pl) (Ping timeout: 264 seconds)
[02:54:48] *** Joins: ThomasV (~thomasv@unaffiliated/thomasv)
[03:07:19] *** Joins: gojiHmPFPN (~textual@c-73-47-220-190.hsd1.ma.comcast.net)
[04:32:41] *** Quits: ThomasV (~thomasv@unaffiliated/thomasv) (Read error: Connection reset by peer)
[04:44:54] *** Quits: gojiHmPFPN (~textual@c-73-47-220-190.hsd1.ma.comcast.net) (Quit: My MacBook has gone to sleep. ZZZzzz…)
[05:04:20] *** Joins: gojiHmPFPN (~textual@c-73-47-220-190.hsd1.ma.comcast.net)
[05:41:24] *** Quits: gojiHmPFPN (~textual@c-73-47-220-190.hsd1.ma.comcast.net) (Quit: My MacBook has gone to sleep. ZZZzzz…)
[05:51:55] *** Joins: gojiHmPFPN (~textual@c-73-47-220-190.hsd1.ma.comcast.net)
[05:59:42] *** Quits: gojiHmPFPN (~textual@c-73-47-220-190.hsd1.ma.comcast.net) (Quit: My MacBook has gone to sleep. ZZZzzz…)
[06:57:34] *** Joins: ThomasV (~thomasv@unaffiliated/thomasv)
[08:51:12] *** Joins: rafalcpp (~racalcppp@ip-178-214.ists.pl)
[08:52:51] *** Quits: rafalcpp (~racalcppp@ip-178-214.ists.pl) (Client Quit)
[11:52:45] *** Quits: ThomasV (~thomasv@unaffiliated/thomasv) (Ping timeout: 272 seconds)
[12:23:23] *** Quits: jb55 (~jb55@gateway/tor-sasl/jb55) (Remote host closed the connection)
[12:24:16] *** Joins: jb55 (~jb55@gateway/tor-sasl/jb55)
[12:32:02] *** Joins: ThomasV (~thomasv@unaffiliated/thomasv)
[13:00:58] *** Joins: gojiHmPFPN (~textual@c-73-47-220-190.hsd1.ma.comcast.net)
[13:18:35] *** Quits: gojiHmPFPN (~textual@c-73-47-220-190.hsd1.ma.comcast.net) (Quit: My MacBook has gone to sleep. ZZZzzz…)
[13:30:39] <adiabat> hey all meet.jit.si/utreexo meeting 
[13:52:23] *** Joins: gojiHmPFPN (~textual@c-73-47-220-190.hsd1.ma.comcast.net)
[14:12:37] *** Quits: gojiHmPFPN (~textual@c-73-47-220-190.hsd1.ma.comcast.net) (Quit: My MacBook has gone to sleep. ZZZzzz…)
[14:16:31] *** Quits: ThomasV (~thomasv@unaffiliated/thomasv) (Ping timeout: 272 seconds)
[14:46:20] *** Joins: gojiHmPFPN (~textual@c-73-47-220-190.hsd1.ma.comcast.net)
[14:50:08] *** Quits: gojiHmPFPN (~textual@c-73-47-220-190.hsd1.ma.comcast.net) (Client Quit)
[14:57:42] *** Joins: gojiHmPFPN (~textual@c-73-47-220-190.hsd1.ma.comcast.net)
[17:40:09] *** Joins: ThomasV (~thomasv@unaffiliated/thomasv)
[18:36:49] *** Quits: ThomasV (~thomasv@unaffiliated/thomasv) (Ping timeout: 272 seconds)
[19:37:30] *** Joins: rafalcpp (~racalcppp@ip-178-214.ists.pl)
[19:40:45] *** Joins: ThomasV (~thomasv@unaffiliated/thomasv)
[21:21:11] *** Quits: ThomasV (~thomasv@unaffiliated/thomasv) (Ping timeout: 246 seconds)
