[00:11:28] *** Quits: nick_fre_ (~nick_free@2001:16b8:306b:7300:8045:94f3:3b87:6efd) (Remote host closed the connection)
[00:19:47] *** Joins: nick_freeman (~nick_free@2001:16b8:306b:7300:344e:786e:ad78:48f9)
[00:20:19] *** Quits: nick_freeman (~nick_free@2001:16b8:306b:7300:344e:786e:ad78:48f9) (Remote host closed the connection)
[00:20:26] *** Joins: nick_freeman (~nick_free@2001:16b8:306b:7300:344e:786e:ad78:48f9)
[01:13:47] *** Joins: nick_fre_ (~nick_free@2001:16b8:30b3:cb00:a962:1f11:11a7:17a0)
[01:17:32] *** Quits: nick_freeman (~nick_free@2001:16b8:306b:7300:344e:786e:ad78:48f9) (Ping timeout: 265 seconds)
[01:33:11] *** Quits: nick_fre_ (~nick_free@2001:16b8:30b3:cb00:a962:1f11:11a7:17a0) (Remote host closed the connection)
[02:06:14] *** Joins: nick_freeman (~nick_free@2001:16b8:30b3:cb00:a962:1f11:11a7:17a0)
[02:13:45] *** Quits: nick_freeman (~nick_free@2001:16b8:30b3:cb00:a962:1f11:11a7:17a0) (Ping timeout: 252 seconds)
[02:26:56] *** Joins: nick_freeman (~nick_free@2001:16b8:30b3:cb00:a962:1f11:11a7:17a0)
[02:31:20] *** Quits: nick_freeman (~nick_free@2001:16b8:30b3:cb00:a962:1f11:11a7:17a0) (Ping timeout: 256 seconds)
[04:23:26] *** Quits: rjected (~dan@pool-71-184-77-198.bstnma.fios.verizon.net) (Ping timeout: 256 seconds)
[04:23:52] *** Joins: rjected (~dan@pool-71-184-77-198.bstnma.fios.verizon.net)
[07:13:23] *** Quits: jb55 (~jb55@gateway/tor-sasl/jb55) (Ping timeout: 240 seconds)
[07:18:04] *** Joins: jb55 (~jb55@gateway/tor-sasl/jb55)
[09:54:12] *** Joins: nick_freeman (~nick_free@2001:16b8:30b3:cb00:4c2e:630a:2ca9:f105)
[10:47:18] *** Joins: nick_fre_ (~nick_free@2001:16b8:30b3:cb00:4c2e:630a:2ca9:f105)
[10:47:18] *** Quits: nick_freeman (~nick_free@2001:16b8:30b3:cb00:4c2e:630a:2ca9:f105) (Read error: Connection reset by peer)
[11:48:55] *** Quits: nick_fre_ (~nick_free@2001:16b8:30b3:cb00:4c2e:630a:2ca9:f105) (Remote host closed the connection)
[11:49:22] *** Joins: nick_freeman (~nick_free@2001:16b8:30b3:cb00:4c2e:630a:2ca9:f105)
[11:49:26] *** Quits: nick_freeman (~nick_free@2001:16b8:30b3:cb00:4c2e:630a:2ca9:f105) (Remote host closed the connection)
[11:49:38] *** Joins: nick_freeman (~nick_free@i5C74A308.versanet.de)
[11:59:20] *** Quits: nick_freeman (~nick_free@i5C74A308.versanet.de) (Remote host closed the connection)
[11:59:43] *** Joins: nick_freeman (~nick_free@2001:16b8:30b3:cb00:4c2e:630a:2ca9:f105)
[12:01:46] *** Quits: nick_freeman (~nick_free@2001:16b8:30b3:cb00:4c2e:630a:2ca9:f105) (Remote host closed the connection)
[12:02:13] *** Joins: nick_freeman (~nick_free@2001:16b8:30b3:cb00:4c2e:630a:2ca9:f105)
[12:02:45] *** Quits: nick_freeman (~nick_free@2001:16b8:30b3:cb00:4c2e:630a:2ca9:f105) (Remote host closed the connection)
[12:03:11] *** Joins: nick_freeman (~nick_free@2001:16b8:30b3:cb00:4c2e:630a:2ca9:f105)
[12:04:42] *** Quits: nick_freeman (~nick_free@2001:16b8:30b3:cb00:4c2e:630a:2ca9:f105) (Remote host closed the connection)
[12:10:06] *** Joins: nick_freeman (~nick_free@2001:16b8:30b3:cb00:4c2e:630a:2ca9:f105)
[12:12:45] *** Quits: nick_freeman (~nick_free@2001:16b8:30b3:cb00:4c2e:630a:2ca9:f105) (Remote host closed the connection)
[12:22:20] *** Joins: nick_freeman (~nick_free@2001:16b8:30b3:cb00:4c2e:630a:2ca9:f105)
[12:46:47] *** Quits: nick_freeman (~nick_free@2001:16b8:30b3:cb00:4c2e:630a:2ca9:f105) (Remote host closed the connection)
[13:04:01] *** Joins: nick_freeman (~nick_free@2001:16b8:30b3:cb00:4c2e:630a:2ca9:f105)
[14:23:00] *** Quits: nick_freeman (~nick_free@2001:16b8:30b3:cb00:4c2e:630a:2ca9:f105) (Remote host closed the connection)
[14:30:09] *** Joins: nick_freeman (~nick_free@2001:16b8:30b3:cb00:4c2e:630a:2ca9:f105)
[14:46:23] *** Quits: jb55 (~jb55@gateway/tor-sasl/jb55) (Ping timeout: 240 seconds)
[15:01:59] *** Joins: jb55 (~jb55@gateway/tor-sasl/jb55)
[15:54:02] *** Quits: nick_freeman (~nick_free@2001:16b8:30b3:cb00:4c2e:630a:2ca9:f105) (Remote host closed the connection)
[16:03:46] *** Joins: nick_freeman (~nick_free@2001:16b8:30b3:cb00:4c2e:630a:2ca9:f105)
[16:05:58] *** Quits: nick_freeman (~nick_free@2001:16b8:30b3:cb00:4c2e:630a:2ca9:f105) (Remote host closed the connection)
[16:55:47] *** Joins: nick_freeman (~nick_free@i5C74A308.versanet.de)
[16:58:28] *** Quits: nick_freeman (~nick_free@i5C74A308.versanet.de) (Remote host closed the connection)
[17:02:58] *** Joins: nick_freeman (~nick_free@2001:16b8:30b3:cb00:4c2e:630a:2ca9:f105)
[17:06:11] *** Quits: nick_freeman (~nick_free@2001:16b8:30b3:cb00:4c2e:630a:2ca9:f105) (Remote host closed the connection)
[17:09:00] *** Joins: nick_freeman (~nick_free@2001:16b8:30b3:cb00:4c2e:630a:2ca9:f105)
[18:03:34] *** Quits: rjected (~dan@pool-71-184-77-198.bstnma.fios.verizon.net) (Quit: ZNC 1.7.4+deb0+disco0 - https://znc.in)
[18:09:50] *** Joins: rjected (~dan@pool-71-184-77-198.bstnma.fios.verizon.net)
[19:14:17] *** Quits: nick_freeman (~nick_free@2001:16b8:30b3:cb00:4c2e:630a:2ca9:f105) (Remote host closed the connection)
[20:23:38] *** Joins: nick_freeman (~nick_free@i5C74A308.versanet.de)
[22:20:06] *** Quits: rjected (~dan@pool-71-184-77-198.bstnma.fios.verizon.net) (Ping timeout: 256 seconds)
[23:32:34] *** Quits: nick_freeman (~nick_free@i5C74A308.versanet.de) (Remote host closed the connection)
