[02:00:43] *** Quits: jb55 (~jb55@gateway/tor-sasl/jb55) (Ping timeout: 240 seconds)
[02:13:51] *** Joins: jb55 (~jb55@gateway/tor-sasl/jb55)
[03:11:31] *** Quits: jb55 (~jb55@gateway/tor-sasl/jb55) (Remote host closed the connection)
[03:12:18] *** Joins: jb55 (~jb55@gateway/tor-sasl/jb55)
[03:53:57] *** Joins: belcher_ (~belcher@unaffiliated/belcher)
[03:57:13] *** Quits: belcher (~belcher@unaffiliated/belcher) (Ping timeout: 264 seconds)
[05:58:24] *** Quits: ghost43 (~daer@gateway/tor-sasl/daer) (Remote host closed the connection)
[05:58:41] *** Joins: ghost43 (~daer@gateway/tor-sasl/daer)
[11:03:43] *** Quits: jb55 (~jb55@gateway/tor-sasl/jb55) (Ping timeout: 240 seconds)
[11:05:44] *** Joins: jb55 (~jb55@gateway/tor-sasl/jb55)
[13:14:06] *** belcher_ is now known as belcher
[19:20:12] *** Quits: rjected[m] (rjectedmat@gateway/shell/matrix.org/x-iewzajrdhkdcmevq) (Ping timeout: 260 seconds)
[19:21:09] *** Joins: rjected[m] (rjectedmat@gateway/shell/matrix.org/x-oftzxpzhaymwpncz)
[20:00:33] *** Quits: mattdrollette (~mdrollett@cpe-70-123-125-237.tx.res.rr.com) (Ping timeout: 260 seconds)
[20:01:42] *** Joins: mdrollette (~mdrollett@cpe-70-123-125-237.tx.res.rr.com)
[22:47:34] *** Quits: stevenroose (~steven@irc.roose.io) (Quit: ZNC 1.7.4 - https://znc.in)
[22:49:57] *** Joins: stevenroose (~steven@2001:19f0:6801:83a:e40c:da9d:f3d7:ad4)
[22:58:25] *** Quits: stevenroose (~steven@2001:19f0:6801:83a:e40c:da9d:f3d7:ad4) (Quit: ZNC 1.7.4 - https://znc.in)
[22:58:48] *** Joins: stevenroose (~steven@2001:19f0:6801:83a:dccf:3936:92a:5b16)
[23:20:05] *** Quits: stevenroose (~steven@2001:19f0:6801:83a:dccf:3936:92a:5b16) (Quit: ZNC 1.7.4 - https://znc.in)
