[00:17:36] *** Joins: nick_freeman (~nick_free@2001:16b8:30ed:5e00:9429:ce04:c638:a846)
[00:22:33] *** Quits: nick_freeman (~nick_free@2001:16b8:30ed:5e00:9429:ce04:c638:a846) (Ping timeout: 272 seconds)
[06:15:59] *** Joins: nick_freeman (~nick_free@2001:16b8:3030:f200:f57c:cdc7:202e:6ebc)
[06:30:33] *** Quits: nick_freeman (~nick_free@2001:16b8:3030:f200:f57c:cdc7:202e:6ebc) (Ping timeout: 265 seconds)
[06:39:39] *** Joins: nick_freeman (~nick_free@2001:16b8:304a:8400:b0b2:f9ad:b4a2:8ec7)
[07:19:24] *** Quits: nick_freeman (~nick_free@2001:16b8:304a:8400:b0b2:f9ad:b4a2:8ec7) (Ping timeout: 256 seconds)
[08:52:00] *** Joins: nick_freeman (~nick_free@i5C74A3E7.versanet.de)
[14:38:46] *** Joins: rjected (~dan@pool-71-184-77-198.bstnma.fios.verizon.net)
[14:39:39] *** Quits: rjected_ (~dan@pool-71-184-77-198.bstnma.fios.verizon.net) (Ping timeout: 260 seconds)
[14:43:23] *** Quits: rjected (~dan@pool-71-184-77-198.bstnma.fios.verizon.net) (Ping timeout: 260 seconds)
[14:49:38] *** Joins: rjected (~dan@pool-71-184-77-198.bstnma.fios.verizon.net)
[16:54:28] *** Quits: fanquake (sid369002@gateway/web/irccloud.com/x-yfxcbeaevqozmcxx) (Ping timeout: 245 seconds)
[16:54:40] *** Joins: fanquake (sid369002@gateway/web/irccloud.com/x-phqdamalznlcbqrw)
[19:43:18] *** Quits: kallewoof (~quassel@240d:1a:759:6000:a7b1:451a:8874:e1ac) (Remote host closed the connection)
[19:44:25] *** Joins: kallewoof (~quassel@240d:1a:759:6000:a7b1:451a:8874:e1ac)
[20:39:52] *** Quits: nick_freeman (~nick_free@i5C74A3E7.versanet.de) (Remote host closed the connection)
[20:57:52] *** Joins: nick_freeman (~nick_free@2001:16b8:304a:8400:5f9:9c0f:e7cf:a17f)
[21:02:06] *** Quits: nick_freeman (~nick_free@2001:16b8:304a:8400:5f9:9c0f:e7cf:a17f) (Remote host closed the connection)
[21:47:24] *** Joins: nick_freeman (~nick_free@2001:16b8:304a:8400:b9b9:e34a:c1:478c)
[22:23:54] *** Quits: nick_freeman (~nick_free@2001:16b8:304a:8400:b9b9:e34a:c1:478c) (Remote host closed the connection)
[23:03:53] *** Joins: nick_freeman (~nick_free@2001:16b8:304a:8400:1c90:9187:e3f7:d1c)
[23:30:34] *** Quits: nick_freeman (~nick_free@2001:16b8:304a:8400:1c90:9187:e3f7:d1c) (Remote host closed the connection)
[23:39:43] *** Joins: nick_freeman (~nick_free@2001:16b8:304a:8400:9800:2806:41df:ed34)
[23:59:54] *** Quits: nick_freeman (~nick_free@2001:16b8:304a:8400:9800:2806:41df:ed34) (Remote host closed the connection)
