[00:36:23] *** Quits: jb55 (~jb55@gateway/tor-sasl/jb55) (Ping timeout: 240 seconds)
[00:46:42] *** Joins: jb55 (~jb55@gateway/tor-sasl/jb55)
[02:32:04] *** Quits: nick_freeman (~nick_free@2001:16b8:3036:c800:d0a2:cf3d:1f45:97f1) (Remote host closed the connection)
[02:36:51] *** Joins: nick_freeman (~nick_free@2001:16b8:3036:c800:d0a2:cf3d:1f45:97f1)
[02:48:35] *** Joins: nick_fre_ (~nick_free@2001:16b8:305e:d500:a8ef:4826:b116:e00a)
[02:52:53] *** Quits: nick_freeman (~nick_free@2001:16b8:3036:c800:d0a2:cf3d:1f45:97f1) (Ping timeout: 272 seconds)
[03:01:26] *** Quits: nick_fre_ (~nick_free@2001:16b8:305e:d500:a8ef:4826:b116:e00a) (Remote host closed the connection)
[04:44:06] *** Quits: achow101 (~achow101@unaffiliated/achow101) (Quit: ZNC 1.7.4+deb0+bionic0 - https://znc.in)
[04:49:18] *** Joins: achow101 (~achow101@unaffiliated/achow101)
[07:26:23] *** Quits: jb55 (~jb55@gateway/tor-sasl/jb55) (Ping timeout: 240 seconds)
[07:31:03] *** Joins: jb55 (~jb55@gateway/tor-sasl/jb55)
[08:48:43] *** Quits: jb55 (~jb55@gateway/tor-sasl/jb55) (Ping timeout: 240 seconds)
[08:58:54] *** Joins: jb55 (~jb55@gateway/tor-sasl/jb55)
[09:54:44] *** Joins: nick_freeman (~nick_free@92.116.164.157)
[09:57:41] *** Quits: nick_freeman (~nick_free@92.116.164.157) (Remote host closed the connection)
[10:00:32] *** Joins: nick_freeman (~nick_free@2001:16b8:305e:d500:d5f5:5dae:ea17:f3ea)
[10:08:54] *** Quits: nick_freeman (~nick_free@2001:16b8:305e:d500:d5f5:5dae:ea17:f3ea) (Remote host closed the connection)
[11:30:38] *** Joins: nick_freeman (~nick_free@2001:16b8:305e:d500:d5f5:5dae:ea17:f3ea)
[11:34:04] *** Quits: nick_freeman (~nick_free@2001:16b8:305e:d500:d5f5:5dae:ea17:f3ea) (Remote host closed the connection)
[11:42:36] *** Joins: nick_freeman (~nick_free@2001:16b8:305e:d500:d5f5:5dae:ea17:f3ea)
[11:43:15] *** Joins: nick_fre_ (~nick_free@2001:16b8:305e:d500:f1d1:1957:9730:cd73)
[11:46:46] *** Quits: nick_freeman (~nick_free@2001:16b8:305e:d500:d5f5:5dae:ea17:f3ea) (Ping timeout: 240 seconds)
[11:46:56] *** Quits: nick_fre_ (~nick_free@2001:16b8:305e:d500:f1d1:1957:9730:cd73) (Remote host closed the connection)
[11:48:46] *** Joins: nick_freeman (~nick_free@2001:16b8:305e:d500:f1d1:1957:9730:cd73)
[12:02:23] *** Quits: nick_freeman (~nick_free@2001:16b8:305e:d500:f1d1:1957:9730:cd73) (Remote host closed the connection)
[14:02:52] *** Joins: nick_freeman (~nick_free@2001:16b8:305e:d500:f1d1:1957:9730:cd73)
[14:03:55] *** Joins: nick_fre_ (~nick_free@2001:16b8:305e:d500:a453:6734:8fd2:9b20)
[14:04:03] *** Quits: instagibbs (~instagibb@pool-71-178-191-230.washdc.fios.verizon.net) (Ping timeout: 245 seconds)
[14:05:14] *** Joins: instagibbs (~instagibb@pool-71-178-191-230.washdc.fios.verizon.net)
[14:07:07] *** Quits: nick_freeman (~nick_free@2001:16b8:305e:d500:f1d1:1957:9730:cd73) (Ping timeout: 240 seconds)
[14:08:34] *** Quits: nick_fre_ (~nick_free@2001:16b8:305e:d500:a453:6734:8fd2:9b20) (Ping timeout: 256 seconds)
[15:18:28] *** Joins: nick_freeman (~nick_free@2001:16b8:305e:d500:a453:6734:8fd2:9b20)
[19:06:24] *** Quits: jb55 (~jb55@gateway/tor-sasl/jb55) (Ping timeout: 240 seconds)
[22:31:48] *** Quits: jamesob (sid180710@gateway/web/irccloud.com/x-nezxkhuukhlgorqy) (Remote host closed the connection)
[22:31:49] *** Quits: RubenSomsen (sid301948@gateway/web/irccloud.com/x-rrlpzukoyaptdrux) (Remote host closed the connection)
[22:33:43] *** Joins: jamesob (sid180710@gateway/web/irccloud.com/x-kivzeuyrfxxomyrs)
[22:34:03] *** Quits: instagibbs (~instagibb@pool-71-178-191-230.washdc.fios.verizon.net) (Ping timeout: 240 seconds)
[22:37:01] *** Joins: instagibbs (~instagibb@pool-71-178-191-230.washdc.fios.verizon.net)
[22:40:02] *** Joins: RubenSomsen (sid301948@gateway/web/irccloud.com/x-rxsqyqzqlochhjhg)
[22:46:17] *** Quits: Varunram (sid210151@gateway/web/irccloud.com/x-ylvjzhphktblnhir) (Read error: Connection reset by peer)
[22:46:18] *** Quits: fjahr (sid374480@gateway/web/irccloud.com/x-zxgqlsemucmslilt) (Remote host closed the connection)
[22:46:18] *** Quits: digi_james (sid281632@gateway/web/irccloud.com/x-fmymzdzbsvpjkemv) (Remote host closed the connection)
[22:49:09] *** Joins: Varunram (sid210151@gateway/web/irccloud.com/x-hhwoelurvymqplje)
[22:49:23] *** Joins: digi_james (sid281632@gateway/web/irccloud.com/x-emzhhmbvslajbhfe)
[22:50:18] *** Quits: fanquake (sid369002@gateway/web/irccloud.com/x-pqxjugmmgotzfczm) (Remote host closed the connection)
[22:51:46] *** Joins: fjahr (sid374480@gateway/web/irccloud.com/x-ixfgxajkuakwodov)
[22:55:13] *** Joins: fanquake (sid369002@gateway/web/irccloud.com/x-yfxcbeaevqozmcxx)
