[01:12:30] *** Quits: valwal (sid334773@gateway/web/irccloud.com/x-wajfhrtqsoyaplll) (Ping timeout: 246 seconds)
[01:17:41] *** Joins: valwal (sid334773@gateway/web/irccloud.com/x-yzuurchofjnijfpl)
[02:28:23] *** Joins: nick_fre_ (~nick_free@2001:16b8:309a:e400:fd09:c2d3:e96b:c3bd)
[02:31:58] *** Quits: nick_freeman (~nick_free@2001:16b8:305a:b400:8c4c:f74a:2ad4:c99) (Ping timeout: 245 seconds)
[04:19:15] *** Quits: nick_fre_ (~nick_free@2001:16b8:309a:e400:fd09:c2d3:e96b:c3bd) (Remote host closed the connection)
[04:20:12] *** Joins: nick_freeman (~nick_free@2001:16b8:309a:e400:fd09:c2d3:e96b:c3bd)
[04:31:30] *** Quits: nick_freeman (~nick_free@2001:16b8:309a:e400:fd09:c2d3:e96b:c3bd) (Remote host closed the connection)
[10:47:44] *** Joins: nick_freeman (~nick_free@2001:16b8:309a:e400:60e9:9916:9fe6:6040)
[11:11:22] *** Quits: nick_freeman (~nick_free@2001:16b8:309a:e400:60e9:9916:9fe6:6040) (Remote host closed the connection)
[11:15:22] *** Joins: nick_freeman (~nick_free@2001:16b8:309a:e400:60e9:9916:9fe6:6040)
[11:18:00] *** Quits: nick_freeman (~nick_free@2001:16b8:309a:e400:60e9:9916:9fe6:6040) (Remote host closed the connection)
[11:18:27] *** Joins: nick_freeman (~nick_free@2001:16b8:309a:e400:60e9:9916:9fe6:6040)
[11:20:19] *** Quits: nick_freeman (~nick_free@2001:16b8:309a:e400:60e9:9916:9fe6:6040) (Remote host closed the connection)
[11:20:27] *** Joins: nick_freeman (~nick_free@2001:16b8:309a:e400:60e9:9916:9fe6:6040)
[12:17:24] *** Quits: nick_freeman (~nick_free@2001:16b8:309a:e400:60e9:9916:9fe6:6040) (Remote host closed the connection)
[12:24:23] *** Joins: nick_freeman (~nick_free@2001:16b8:309a:e400:60e9:9916:9fe6:6040)
[13:21:36] *** Quits: nick_freeman (~nick_free@2001:16b8:309a:e400:60e9:9916:9fe6:6040) (Remote host closed the connection)
[13:36:19] *** Joins: nick_freeman (~nick_free@2001:16b8:309a:e400:60e9:9916:9fe6:6040)
[13:36:57] *** Joins: nick_fre_ (~nick_free@2001:16b8:309a:e400:b8fa:eac4:7d0a:3b38)
[13:40:26] *** Quits: nick_freeman (~nick_free@2001:16b8:309a:e400:60e9:9916:9fe6:6040) (Ping timeout: 240 seconds)
[17:50:28] *** Quits: nick_fre_ (~nick_free@2001:16b8:309a:e400:b8fa:eac4:7d0a:3b38) (Remote host closed the connection)
[17:51:13] *** Joins: nick_freeman (~nick_free@2001:16b8:309a:e400:b8fa:eac4:7d0a:3b38)
