[00:24:19] *** Joins: nick_freeman (~nick_free@92.116.171.5)
[00:25:01] *** Joins: nick_fre_ (~nick_free@2001:16b8:3096:5c00:1cea:b9e3:41ca:d3a9)
[00:25:01] *** Quits: nick_freeman (~nick_free@92.116.171.5) (Read error: Connection reset by peer)
[00:26:17] *** Quits: nick_fre_ (~nick_free@2001:16b8:3096:5c00:1cea:b9e3:41ca:d3a9) (Remote host closed the connection)
[02:26:46] *** Joins: nick_freeman (~nick_free@2001:16b8:3096:5c00:1cea:b9e3:41ca:d3a9)
[02:28:16] *** Quits: nick_freeman (~nick_free@2001:16b8:3096:5c00:1cea:b9e3:41ca:d3a9) (Remote host closed the connection)
[02:46:01] *** Joins: nick_freeman (~nick_free@92.116.185.135)
[02:50:35] *** Quits: nick_freeman (~nick_free@92.116.185.135) (Ping timeout: 258 seconds)
[06:49:38] *** Joins: nick_freeman (~nick_free@2001:16b8:30d9:7600:9897:f5ba:d15b:952d)
[06:53:58] *** Quits: nick_freeman (~nick_free@2001:16b8:30d9:7600:9897:f5ba:d15b:952d) (Ping timeout: 256 seconds)
[07:39:57] *** Joins: nick_freeman (~nick_free@2001:16b8:30d9:7600:9062:86b8:16a2:e192)
[07:44:24] *** Quits: nick_freeman (~nick_free@2001:16b8:30d9:7600:9062:86b8:16a2:e192) (Ping timeout: 256 seconds)
[10:54:32] *** Joins: nick_freeman (~nick_free@2001:16b8:30d9:7600:9062:86b8:16a2:e192)
[11:01:14] *** Quits: nick_freeman (~nick_free@2001:16b8:30d9:7600:9062:86b8:16a2:e192) (Remote host closed the connection)
[11:06:21] *** Joins: nick_freeman (~nick_free@2001:16b8:30d9:7600:9062:86b8:16a2:e192)
[11:11:18] *** Quits: nick_freeman (~nick_free@2001:16b8:30d9:7600:9062:86b8:16a2:e192) (Remote host closed the connection)
[11:12:45] *** Joins: nick_freeman (~nick_free@92.116.185.135)
[13:59:19] *** Quits: nick_freeman (~nick_free@92.116.185.135) (Remote host closed the connection)
[14:10:15] *** Joins: nick_freeman (~nick_free@2001:16b8:30d9:7600:9062:86b8:16a2:e192)
[14:10:58] *** Joins: nick_fre_ (~nick_free@2001:16b8:30d9:7600:8970:ba01:33f5:dc24)
[14:14:50] *** Quits: nick_freeman (~nick_free@2001:16b8:30d9:7600:9062:86b8:16a2:e192) (Ping timeout: 256 seconds)
[14:21:11] *** Quits: nick_fre_ (~nick_free@2001:16b8:30d9:7600:8970:ba01:33f5:dc24) (Remote host closed the connection)
[14:23:44] *** Joins: nick_freeman (~nick_free@2001:16b8:30d9:7600:8970:ba01:33f5:dc24)
[14:31:50] *** Quits: nick_freeman (~nick_free@2001:16b8:30d9:7600:8970:ba01:33f5:dc24) (Remote host closed the connection)
[14:31:59] *** Joins: nick_freeman (~nick_free@2001:16b8:30d9:7600:8970:ba01:33f5:dc24)
[15:06:20] *** Quits: nick_freeman (~nick_free@2001:16b8:30d9:7600:8970:ba01:33f5:dc24) (Remote host closed the connection)
[17:06:53] *** Joins: nick_freeman (~nick_free@2001:16b8:30d9:7600:8970:ba01:33f5:dc24)
[17:07:48] *** Joins: nick_fre_ (~nick_free@2001:16b8:30d9:7600:cc26:26d0:f3c7:c169)
[17:11:06] *** Quits: nick_freeman (~nick_free@2001:16b8:30d9:7600:8970:ba01:33f5:dc24) (Ping timeout: 240 seconds)
[17:11:46] *** Quits: nick_fre_ (~nick_free@2001:16b8:30d9:7600:cc26:26d0:f3c7:c169) (Ping timeout: 240 seconds)
[17:13:13] *** Joins: nick_freeman (~nick_free@2001:16b8:30d9:7600:cc26:26d0:f3c7:c169)
[17:52:18] *** Quits: nick_freeman (~nick_free@2001:16b8:30d9:7600:cc26:26d0:f3c7:c169) (Remote host closed the connection)
[18:04:24] *** Joins: nick_freeman (~nick_free@2001:16b8:30d9:7600:cc26:26d0:f3c7:c169)
[18:05:05] *** Joins: nick_fre_ (~nick_free@2001:16b8:30d9:7600:655c:390c:4935:6cc)
[18:08:26] *** Quits: nick_freeman (~nick_free@2001:16b8:30d9:7600:cc26:26d0:f3c7:c169) (Ping timeout: 240 seconds)
[18:12:58] *** Quits: nick_fre_ (~nick_free@2001:16b8:30d9:7600:655c:390c:4935:6cc) (Remote host closed the connection)
[18:25:20] *** Joins: nick_freeman (~nick_free@2001:16b8:30d9:7600:655c:390c:4935:6cc)
