[00:18:09] <dergoegge> fanquake: i think i figured out that gettxoutsetinfo flushes the db to disk
[00:19:41] <fanquake> dergoegge: that sounds right
[00:19:53] <fanquake> https://github.com/bitcoin/bitcoin/blob/master/src/rpc/blockchain.cpp#L1000
[05:31:22] <kcalvinalvin> kanzure I think the gnusha.org/utreexo server isn't working properly
[05:31:53] <kcalvinalvin> It's missing logs since 2020-07-02
[05:34:23] <kcalvinalvin> dergoegge Apparently my crappy logs are still working https://github.com/utreexo-log/utreexo-irc-log
[06:27:56] *** Joins: ThomasV_ (~thomasv@unaffiliated/thomasv)
[07:22:26] *** Quits: ThomasV_ (~thomasv@unaffiliated/thomasv) (Ping timeout: 246 seconds)
[07:22:58] <kcalvinalvin> What would be a reasonable memory usage for csn nodes?
[07:27:53] <kcalvinalvin> I've profiled bridgenode and csn and the main bottleneck for bridge is the io bottleneck. Even with ramforest the rawblock reading is taking up majority of the time
[07:28:16] <kcalvinalvin> with csn the good news is that 66% of the time is spent of verifying signatures
[07:29:06] <kcalvinalvin> Maybe we could get better results by using libsecp rather than btcec
[07:30:12] <kcalvinalvin> This is considering that there's almost no network bottleneck though. Not sure how worse the csn node would be if you have crappy internet
[07:44:26] <kcalvinalvin> CSN: 67% sig verification, 15% garbage collection, 9% accumulator, 4% go runtime scheduler, 3% network
[07:46:07] <kcalvinalvin> Maybe we could benchmark against bitcoind as well
[07:46:28] <kcalvinalvin> After putting in block header validation
[11:22:25] *** Quits: dergoegge (~dergoegge@83.97.23.20) (Ping timeout: 264 seconds)
[14:17:57] *** Joins: ThomasV (~thomasv@unaffiliated/thomasv)
[14:18:02] *** Joins: dergoegge (~dergoegge@83.97.23.20)
[14:36:45] *** Quits: ThomasV (~thomasv@unaffiliated/thomasv) (Ping timeout: 244 seconds)
[15:33:00] *** Joins: gnusha (~gnusha@unaffiliated/kanzure/bot/gnusha)
[16:37:31] *** Quits: dergoegge (~dergoegge@83.97.23.20) (Quit: leaving)
[16:38:12] <kanzure> kcalvinalvin: yeah it had a problem with a netsplit a few days ago, it's back now
[16:38:28] <kanzure> dergoegge: sorry about that
[17:28:54] *** Joins: dergoegge (~dergoegge@83.97.23.20)
[17:34:45] <dergoegge> kanzure: no worries, thank you for providing the logs
[18:44:03] *** Quits: dergoegge (~dergoegge@83.97.23.20) (Quit: leaving)
[19:54:14] <adiabat> kcalvinalvin: huh, good to know.  15% GC... seems high but maybe that's just how it is
[20:14:30] *** Quits: pigeons (~pigeons@androzani.sysevolve.com) (*.net *.split)
[20:19:47] *** Joins: pigeons (~pigeons@androzani.sysevolve.com)
[20:20:11] *** pigeons is now known as Guest58312
[20:27:36] *** Quits: cfields (~cfields@unaffiliated/cfields) (*.net *.split)
[20:27:36] *** Quits: rjected (~dan@pool-71-184-77-198.bstnma.fios.verizon.net) (*.net *.split)
[20:29:25] *** Joins: cfields (~cfields@unaffiliated/cfields)
[20:29:25] *** Joins: rjected (~dan@pool-71-184-77-198.bstnma.fios.verizon.net)
[20:29:37] *** Quits: Guest58312 (~pigeons@androzani.sysevolve.com) (Ping timeout: 264 seconds)
[20:30:12] *** Joins: pigeons_ (~pigeons@androzani.sysevolve.com)
[20:30:14] *** Quits: fanquake (sid369002@gateway/web/irccloud.com/x-pnnhyobqmavcnerm) (*.net *.split)
[20:30:15] *** Quits: stevenroose (~steven@irc.roose.io) (*.net *.split)
[20:30:16] *** Quits: kallewoof (~quassel@240d:1a:759:6000:a7b1:451a:8874:e1ac) (*.net *.split)
[20:31:06] *** Joins: fanquake (sid369002@gateway/web/irccloud.com/x-pnnhyobqmavcnerm)
[20:31:06] *** Joins: stevenroose (~steven@irc.roose.io)
[20:31:06] *** Joins: kallewoof (~quassel@240d:1a:759:6000:a7b1:451a:8874:e1ac)
[20:33:07] *** Quits: pigeons_ (~pigeons@androzani.sysevolve.com) (*.net *.split)
[20:33:07] *** Quits: kanzure (~kanzure@unaffiliated/kanzure) (*.net *.split)
[20:33:21] *** Joins: pigeons_ (~pigeons@androzani.sysevolve.com)
[20:33:21] *** Joins: kanzure (~kanzure@unaffiliated/kanzure)
[20:34:13] *** Quits: ja (janus@anubis.0x90.dk) (*.net *.split)
[20:34:14] *** Quits: pigeons_ (~pigeons@androzani.sysevolve.com) (*.net *.split)
[20:34:14] *** Quits: kanzure (~kanzure@unaffiliated/kanzure) (*.net *.split)
[20:34:15] *** Quits: fanquake (sid369002@gateway/web/irccloud.com/x-pnnhyobqmavcnerm) (*.net *.split)
[20:34:15] *** Quits: stevenroose (~steven@irc.roose.io) (*.net *.split)
[20:34:15] *** Quits: kallewoof (~quassel@240d:1a:759:6000:a7b1:451a:8874:e1ac) (*.net *.split)
[20:34:15] *** Quits: cfields (~cfields@unaffiliated/cfields) (*.net *.split)
[20:34:16] *** Quits: rjected (~dan@pool-71-184-77-198.bstnma.fios.verizon.net) (*.net *.split)
[20:34:17] *** Quits: jb55 (~jb55@gateway/tor-sasl/jb55) (*.net *.split)
[20:34:17] *** Quits: ghost43 (~daer@gateway/tor-sasl/daer) (*.net *.split)
[20:34:17] *** Quits: adiabat (~adiabat@63.209.32.102) (*.net *.split)
[20:34:18] *** Quits: jamesob (sid180710@gateway/web/irccloud.com/x-zqvulwiyybduvnkg) (*.net *.split)
[20:34:18] *** Quits: RubenSomsen (sid301948@gateway/web/irccloud.com/x-rsypnxenjsanfspo) (*.net *.split)
[20:34:18] *** Quits: digi_james (sid281632@gateway/web/irccloud.com/x-fjepoohrzcwjyqay) (*.net *.split)
[20:34:18] *** Quits: valwal_ (sid334773@gateway/web/irccloud.com/x-qifsswwtchwsflxx) (*.net *.split)
[20:34:18] *** Quits: gnusha (~gnusha@unaffiliated/kanzure/bot/gnusha) (*.net *.split)
[20:34:20] *** Quits: fjahr (sid374480@gateway/web/irccloud.com/x-rttuizyvrxqquuxg) (*.net *.split)
[20:34:20] *** Quits: achow101 (~achow101@unaffiliated/achow101) (*.net *.split)
[20:34:39] *** Joins: kanzure (~kanzure@unaffiliated/kanzure)
[20:34:39] *** Joins: pigeons_ (~pigeons@androzani.sysevolve.com)
[20:34:39] *** Joins: kallewoof (~quassel@240d:1a:759:6000:a7b1:451a:8874:e1ac)
[20:34:39] *** Joins: stevenroose (~steven@irc.roose.io)
[20:34:39] *** Joins: fanquake (sid369002@gateway/web/irccloud.com/x-pnnhyobqmavcnerm)
[20:34:39] *** Joins: rjected (~dan@pool-71-184-77-198.bstnma.fios.verizon.net)
[20:34:39] *** Joins: cfields (~cfields@unaffiliated/cfields)
[20:34:39] *** Joins: gnusha (~gnusha@unaffiliated/kanzure/bot/gnusha)
[20:34:39] *** Joins: achow101 (~achow101@unaffiliated/achow101)
[20:34:39] *** Joins: jamesob (sid180710@gateway/web/irccloud.com/x-zqvulwiyybduvnkg)
[20:34:39] *** Joins: fjahr (sid374480@gateway/web/irccloud.com/x-rttuizyvrxqquuxg)
[20:34:39] *** Joins: RubenSomsen (sid301948@gateway/web/irccloud.com/x-rsypnxenjsanfspo)
[20:34:39] *** Joins: digi_james (sid281632@gateway/web/irccloud.com/x-fjepoohrzcwjyqay)
[20:34:39] *** Joins: valwal_ (sid334773@gateway/web/irccloud.com/x-qifsswwtchwsflxx)
[20:34:39] *** Joins: ja (janus@anubis.0x90.dk)
[20:34:39] *** Joins: ghost43 (~daer@gateway/tor-sasl/daer)
[20:34:39] *** Joins: jb55 (~jb55@gateway/tor-sasl/jb55)
[20:34:39] *** Joins: adiabat (~adiabat@63.209.32.102)
[20:34:54] *** Quits: adiabat (~adiabat@63.209.32.102) (*.net *.split)
[20:35:35] *** Quits: jamesob (sid180710@gateway/web/irccloud.com/x-zqvulwiyybduvnkg) (*.net *.split)
[20:35:35] *** Quits: RubenSomsen (sid301948@gateway/web/irccloud.com/x-rsypnxenjsanfspo) (*.net *.split)
[20:35:35] *** Quits: digi_james (sid281632@gateway/web/irccloud.com/x-fjepoohrzcwjyqay) (*.net *.split)
[20:35:35] *** Quits: valwal_ (sid334773@gateway/web/irccloud.com/x-qifsswwtchwsflxx) (*.net *.split)
[20:35:41] *** Joins: adiabat (~adiabat@63.209.32.102)
[20:35:52] *** Joins: jamesob (sid180710@gateway/web/irccloud.com/x-zqvulwiyybduvnkg)
[20:35:52] *** Joins: RubenSomsen (sid301948@gateway/web/irccloud.com/x-rsypnxenjsanfspo)
[20:35:52] *** Joins: digi_james (sid281632@gateway/web/irccloud.com/x-fjepoohrzcwjyqay)
[20:35:52] *** Joins: valwal_ (sid334773@gateway/web/irccloud.com/x-qifsswwtchwsflxx)
[20:36:10] *** Quits: gnusha (~gnusha@unaffiliated/kanzure/bot/gnusha) (*.net *.split)
[20:37:22] *** Joins: gnusha (~gnusha@unaffiliated/kanzure/bot/gnusha)
[20:38:36] *** Quits: RubenSomsen (sid301948@gateway/web/irccloud.com/x-rsypnxenjsanfspo) (Ping timeout: 246 seconds)
[20:38:55] *** Quits: achow101 (~achow101@unaffiliated/achow101) (*.net *.split)
[20:39:28] *** Quits: fjahr (sid374480@gateway/web/irccloud.com/x-rttuizyvrxqquuxg) (*.net *.split)
[20:39:38] *** Joins: achow101 (~achow101@unaffiliated/achow101)
[20:40:27] *** Joins: fjahr (sid374480@gateway/web/irccloud.com/x-rttuizyvrxqquuxg)
[20:41:15] *** Joins: RubenSomsen (sid301948@gateway/web/irccloud.com/session)
[20:41:24] *** Quits: RubenSomsen (sid301948@gateway/web/irccloud.com/session) (Changing host)
[20:41:24] *** Joins: RubenSomsen (sid301948@gateway/web/irccloud.com/x-sqcvwbhnlmistayr)
[20:42:23] *** Quits: ja (janus@anubis.0x90.dk) (*.net *.split)
[20:42:40] *** Joins: ja (janus@anubis.0x90.dk)
[20:49:20] *** Quits: adiabat (~adiabat@63.209.32.102) (*.net *.split)
[20:50:10] *** Joins: adiabat (~adiabat@63.209.32.102)
