[00:45:53] *** Quits: nick_freeman (~nick_free@i5C74B26D.versanet.de) (Read error: Connection reset by peer)
[00:46:54] *** Joins: nick_freeman (~nick_free@2001:16b8:3043:2100:79cf:7246:2a8b:5212)
[00:51:37] *** Quits: nick_freeman (~nick_free@2001:16b8:3043:2100:79cf:7246:2a8b:5212) (Remote host closed the connection)
[00:51:46] *** Joins: nick_freeman (~nick_free@2001:16b8:3043:2100:79cf:7246:2a8b:5212)
[00:52:26] *** Quits: nick_freeman (~nick_free@2001:16b8:3043:2100:79cf:7246:2a8b:5212) (Remote host closed the connection)
[09:40:31] *** Joins: gchain (gustafmatr@gateway/shell/matrix.org/x-fasvsanzbifsmmhd)
[10:42:02] *** Joins: nick_freeman (~nick_free@2001:16b8:3066:1200:64b0:c521:3809:be2b)
[10:58:43] *** Quits: nick_freeman (~nick_free@2001:16b8:3066:1200:64b0:c521:3809:be2b) (Remote host closed the connection)
[10:58:58] *** Joins: nick_freeman (~nick_free@2001:16b8:3066:1200:64b0:c521:3809:be2b)
[11:05:41] *** Quits: nick_freeman (~nick_free@2001:16b8:3066:1200:64b0:c521:3809:be2b) (Remote host closed the connection)
[11:09:19] *** Joins: nick_freeman (~nick_free@2001:16b8:3066:1200:64b0:c521:3809:be2b)
[11:32:23] *** Quits: nick_freeman (~nick_free@2001:16b8:3066:1200:64b0:c521:3809:be2b) (Remote host closed the connection)
[11:32:35] *** Joins: nick_freeman (~nick_free@2001:16b8:3066:1200:64b0:c521:3809:be2b)
[12:33:59] *** Quits: nick_freeman (~nick_free@2001:16b8:3066:1200:64b0:c521:3809:be2b) (Remote host closed the connection)
[12:36:24] *** Joins: nick_freeman (~nick_free@i5C74B162.versanet.de)
[13:12:32] *** Quits: nick_freeman (~nick_free@i5C74B162.versanet.de) (Remote host closed the connection)
[13:12:45] *** Joins: nick_freeman (~nick_free@2001:16b8:3066:1200:cf8:e83c:6870:2194)
[13:25:27] *** Quits: nick_freeman (~nick_free@2001:16b8:3066:1200:cf8:e83c:6870:2194) (Remote host closed the connection)
[14:25:52] *** Joins: nick_freeman (~nick_free@i5C74B162.versanet.de)
[14:26:33] *** Quits: nick_freeman (~nick_free@i5C74B162.versanet.de) (Read error: Connection reset by peer)
[14:26:33] *** Joins: nick_fre_ (~nick_free@2001:16b8:3066:1200:c80f:f4a:fe84:67cf)
[14:49:38] *** Quits: nick_fre_ (~nick_free@2001:16b8:3066:1200:c80f:f4a:fe84:67cf) (Remote host closed the connection)
[14:50:05] *** Joins: nick_freeman (~nick_free@2001:16b8:3066:1200:c80f:f4a:fe84:67cf)
[14:54:33] *** Quits: nick_freeman (~nick_free@2001:16b8:3066:1200:c80f:f4a:fe84:67cf) (Remote host closed the connection)
[14:54:39] *** Joins: nick_freeman (~nick_free@i5C74B162.versanet.de)
[15:33:06] *** Quits: nick_freeman (~nick_free@i5C74B162.versanet.de) (Remote host closed the connection)
[15:34:08] *** Joins: nick_freeman (~nick_free@2001:16b8:3066:1200:c80f:f4a:fe84:67cf)
[15:37:01] *** Quits: nick_freeman (~nick_free@2001:16b8:3066:1200:c80f:f4a:fe84:67cf) (Remote host closed the connection)
[15:39:35] *** Joins: nick_freeman (~nick_free@2001:16b8:3066:1200:c80f:f4a:fe84:67cf)
[15:39:35] *** Quits: nick_freeman (~nick_free@2001:16b8:3066:1200:c80f:f4a:fe84:67cf) (Remote host closed the connection)
[15:39:40] *** Joins: nick_fre_ (~nick_free@2001:16b8:3066:1200:c80f:f4a:fe84:67cf)
[19:55:41] *** Quits: nick_fre_ (~nick_free@2001:16b8:3066:1200:c80f:f4a:fe84:67cf) (Remote host closed the connection)
[20:19:07] *** Joins: nick_freeman (~nick_free@2001:16b8:3066:1200:3cee:a16e:a62c:11cf)
[21:37:53] *** Quits: nick_freeman (~nick_free@2001:16b8:3066:1200:3cee:a16e:a62c:11cf) (Remote host closed the connection)
[21:40:26] *** Joins: nick_freeman (~nick_free@2001:16b8:3066:1200:3de3:5960:3d95:5530)
