[00:20:48] *** Quits: s_am (uid458593@gateway/web/irccloud.com/x-sojwokxogmdwosxd) (Quit: Connection closed for inactivity)
[02:28:51] *** Joins: jb55 (~jb55@gateway/tor-sasl/jb55)
[03:38:24] *** Quits: rafalcpp (~racalcppp@ip-178-214.ists.pl) (Ping timeout: 256 seconds)
[04:09:18] <adiabat> yeah congrats!  Also, early call tomorrow, so like in 9h20m or so
[04:10:07] <fanquake> ☎️
[04:10:17] <adiabat> also... sorry I'm so behind, last week / this week are busy with other things but will be able to do more utreexo soon
[04:29:28] <adiabat> also moving this week.  And also trying to find a way to get utreexo into the fed CBDC stuff :)
[08:09:41] *** Quits: ghost43_ (~daer@gateway/tor-sasl/daer) (Remote host closed the connection)
[08:10:31] *** Joins: ghost43 (~daer@gateway/tor-sasl/daer)
[08:22:03] *** Quits: ghost43 (~daer@gateway/tor-sasl/daer) (Ping timeout: 240 seconds)
[08:31:28] *** Joins: ghost43 (~daer@gateway/tor-sasl/daer)
[09:24:02] *** Quits: aaronc2347 (uid451246@gateway/web/irccloud.com/x-setgaylximquzzmq) (Quit: Connection closed for inactivity)
[10:15:10] *** Quits: valwal_ (sid334773@gateway/web/irccloud.com/x-wpdtkxyyinilwsfr) (Read error: Connection reset by peer)
[10:15:43] *** Joins: valwal_ (sid334773@gateway/web/irccloud.com/x-wezdtzfnojtzpvay)
[10:50:29] *** Quits: felixweis (sid154231@gateway/web/irccloud.com/x-tjakxxqoraoowpeh) (Ping timeout: 244 seconds)
[11:00:27] *** Joins: felixweis (sid154231@gateway/web/irccloud.com/x-jlmbxhhtbxlzhkla)
[13:08:09] <kcalvinalvin> adiabat ok so when is that?
[13:08:57] <fanquake> in 22m I think
[13:19:29] <kcalvinalvin> oh ok
[13:30:13] <adiabat> meet.jit.si/utreexo
[14:21:08] <dergoegge> kcalvinalvin: forgot to ask, have you started on the docs for the bittricks? if not i could start doing that tomorrow, i will be sitting in a car for 5-6h so i have the time...
[17:30:24] *** Joins: reallll (~belcher@unaffiliated/belcher)
[17:33:41] *** Quits: belcher_ (~belcher@unaffiliated/belcher) (Ping timeout: 258 seconds)
[18:15:31] *** Joins: s_am (uid458593@gateway/web/irccloud.com/x-jpmkjaazmmrnwcce)
[19:59:38] *** reallll is now known as belcher
[20:50:50] *** Quits: belcher (~belcher@unaffiliated/belcher) (Quit: Leaving)
