[01:01:23] *** Quits: jb55 (~jb55@gateway/tor-sasl/jb55) (Ping timeout: 240 seconds)
[01:14:05] *** Quits: gojiHmPFPN (~textual@c-73-47-220-190.hsd1.ma.comcast.net) (Quit: My MacBook has gone to sleep. ZZZzzz…)
[02:11:46] *** Joins: jb55 (~jb55@gateway/tor-sasl/jb55)
[02:30:10] *** Joins: gojiHmPFPN (~textual@c-73-47-220-190.hsd1.ma.comcast.net)
[02:43:54] *** Quits: jb55 (~jb55@gateway/tor-sasl/jb55) (Remote host closed the connection)
[02:44:25] *** Joins: nick_fre_ (~nick_free@2001:16b8:3066:6300:1877:cd2b:42a6:8d91)
[02:47:07] *** Quits: nick_freeman (~nick_free@2001:16b8:3024:4100:8dc7:ee4e:4ada:cdff) (Ping timeout: 240 seconds)
[03:11:33] *** Quits: nick_fre_ (~nick_free@2001:16b8:3066:6300:1877:cd2b:42a6:8d91) (Remote host closed the connection)
[03:12:08] *** Joins: nick_freeman (~nick_free@2001:16b8:3066:6300:1877:cd2b:42a6:8d91)
[03:16:06] *** Quits: nick_freeman (~nick_free@2001:16b8:3066:6300:1877:cd2b:42a6:8d91) (Ping timeout: 240 seconds)
[03:52:01] *** Joins: nick_freeman (~nick_free@2001:16b8:3066:6300:1877:cd2b:42a6:8d91)
[03:58:55] *** Quits: nick_freeman (~nick_free@2001:16b8:3066:6300:1877:cd2b:42a6:8d91) (Ping timeout: 272 seconds)
[04:12:55] *** Joins: nick_freeman (~nick_free@2001:16b8:3066:6300:1877:cd2b:42a6:8d91)
[04:18:06] *** Quits: nick_freeman (~nick_free@2001:16b8:3066:6300:1877:cd2b:42a6:8d91) (Ping timeout: 240 seconds)
[04:24:11] *** Joins: nick_freeman (~nick_free@2001:16b8:3066:6300:1877:cd2b:42a6:8d91)
[04:29:02] *** Quits: nick_freeman (~nick_free@2001:16b8:3066:6300:1877:cd2b:42a6:8d91) (Ping timeout: 256 seconds)
[04:36:06] *** Joins: nick_freeman (~nick_free@2001:16b8:3066:6300:1877:cd2b:42a6:8d91)
[04:43:26] *** Quits: nick_freeman (~nick_free@2001:16b8:3066:6300:1877:cd2b:42a6:8d91) (Ping timeout: 240 seconds)
[05:01:39] *** Joins: nick_freeman (~nick_free@2001:16b8:3066:6300:1877:cd2b:42a6:8d91)
[05:07:57] *** Quits: nick_freeman (~nick_free@2001:16b8:3066:6300:1877:cd2b:42a6:8d91) (Ping timeout: 272 seconds)
[05:13:48] *** Joins: nick_freeman (~nick_free@2001:16b8:3066:6300:1877:cd2b:42a6:8d91)
[05:19:06] *** Quits: nick_freeman (~nick_free@2001:16b8:3066:6300:1877:cd2b:42a6:8d91) (Ping timeout: 240 seconds)
[05:26:37] *** Joins: nick_freeman (~nick_free@2001:16b8:3066:6300:1877:cd2b:42a6:8d91)
[05:31:22] *** Quits: nick_freeman (~nick_free@2001:16b8:3066:6300:1877:cd2b:42a6:8d91) (Ping timeout: 256 seconds)
[05:49:23] *** Joins: nick_freeman (~nick_free@2001:16b8:3066:6300:1877:cd2b:42a6:8d91)
[05:54:26] *** Quits: nick_freeman (~nick_free@2001:16b8:3066:6300:1877:cd2b:42a6:8d91) (Ping timeout: 240 seconds)
[06:03:29] *** Joins: nick_freeman (~nick_free@2001:16b8:3066:6300:1877:cd2b:42a6:8d91)
[06:14:26] *** Quits: nick_freeman (~nick_free@2001:16b8:3066:6300:1877:cd2b:42a6:8d91) (Ping timeout: 256 seconds)
[06:16:23] *** Joins: nick_freeman (~nick_free@2001:16b8:3066:6300:1877:cd2b:42a6:8d91)
[06:21:26] *** Quits: nick_freeman (~nick_free@2001:16b8:3066:6300:1877:cd2b:42a6:8d91) (Ping timeout: 240 seconds)
[06:28:47] *** Joins: nick_freeman (~nick_free@2001:16b8:3066:6300:1877:cd2b:42a6:8d91)
[06:33:08] *** Quits: nick_freeman (~nick_free@2001:16b8:3066:6300:1877:cd2b:42a6:8d91) (Ping timeout: 256 seconds)
[06:38:47] *** Joins: nick_freeman (~nick_free@2001:16b8:3066:6300:1877:cd2b:42a6:8d91)
[06:44:06] *** Quits: nick_freeman (~nick_free@2001:16b8:3066:6300:1877:cd2b:42a6:8d91) (Ping timeout: 240 seconds)
[07:02:55] *** Joins: nick_freeman (~nick_free@2001:16b8:3066:6300:1877:cd2b:42a6:8d91)
[07:09:24] *** Quits: nick_freeman (~nick_free@2001:16b8:3066:6300:1877:cd2b:42a6:8d91) (Ping timeout: 256 seconds)
[07:45:30] *** Joins: nick_freeman (~nick_free@2001:16b8:3066:6300:1877:cd2b:42a6:8d91)
[08:15:30] *** Parts: Varunram (sid210151@gateway/web/irccloud.com/x-hhwoelurvymqplje) ()
[08:40:39] *** Quits: nick_freeman (~nick_free@2001:16b8:3066:6300:1877:cd2b:42a6:8d91) (Remote host closed the connection)
[08:40:46] *** Joins: nick_freeman (~nick_free@2001:16b8:3066:6300:1877:cd2b:42a6:8d91)
[10:25:12] *** Quits: nick_freeman (~nick_free@2001:16b8:3066:6300:1877:cd2b:42a6:8d91) (Read error: Connection reset by peer)
[10:29:40] *** Joins: nick_freeman (~nick_free@2001:16b8:3066:6300:1877:cd2b:42a6:8d91)
[10:58:26] *** Quits: nick_freeman (~nick_free@2001:16b8:3066:6300:1877:cd2b:42a6:8d91) (Remote host closed the connection)
[11:12:13] *** Joins: nick_freeman (~nick_free@92.116.187.93)
[11:18:05] *** Quits: nick_freeman (~nick_free@92.116.187.93) (Remote host closed the connection)
[12:22:30] *** Joins: nick_freeman (~nick_free@92.116.187.93)
[12:47:23] *** Quits: nick_freeman (~nick_free@92.116.187.93) (Remote host closed the connection)
[13:54:14] *** Joins: nick_freeman (~nick_free@2001:16b8:3066:6300:e4a0:c1b5:6a19:b449)
[15:40:20] *** Quits: nick_freeman (~nick_free@2001:16b8:3066:6300:e4a0:c1b5:6a19:b449) (Remote host closed the connection)
[15:48:34] *** Joins: nick_freeman (~nick_free@2001:16b8:3066:6300:e4a0:c1b5:6a19:b449)
[16:00:06] *** Quits: nick_freeman (~nick_free@2001:16b8:3066:6300:e4a0:c1b5:6a19:b449) (Remote host closed the connection)
[16:02:57] *** Joins: nick_freeman (~nick_free@2001:16b8:3066:6300:e4a0:c1b5:6a19:b449)
[17:06:32] *** Quits: gojiHmPFPN (~textual@c-73-47-220-190.hsd1.ma.comcast.net) (Quit: My MacBook has gone to sleep. ZZZzzz…)
[17:26:32] *** Joins: gojiHmPFPN (~textual@c-73-47-220-190.hsd1.ma.comcast.net)
[18:06:01] <ysangkok> kcalvinalvin: did you have a look at my integer-underflow PR? :)
[19:36:32] *** Quits: kanzure (~kanzure@unaffiliated/kanzure) (*.net *.split)
[19:36:56] *** Joins: kanzure_ (~kanzure@unaffiliated/kanzure)
[20:47:43] *** Quits: gojiHmPFPN (~textual@c-73-47-220-190.hsd1.ma.comcast.net) (Quit: My MacBook has gone to sleep. ZZZzzz…)
[23:44:23] *** Joins: gojiHmPFPN (~textual@c-73-47-220-190.hsd1.ma.comcast.net)
