[11:13:14] *** Quits: jb55 (~jb55@gateway/tor-sasl/jb55) (Remote host closed the connection)
[11:16:04] *** Joins: jb55 (~jb55@gateway/tor-sasl/jb55)
[14:54:00] *** Quits: adiabat (~adiabat@63.209.32.102) (Remote host closed the connection)
[14:56:39] *** Joins: adiabat (~adiabat@63.209.32.102)
[16:18:43] *** Quits: jb55 (~jb55@gateway/tor-sasl/jb55) (Ping timeout: 240 seconds)
[16:50:17] *** Joins: jb55 (~jb55@gateway/tor-sasl/jb55)
[21:29:51] *** Quits: valwal (sid334773@gateway/web/irccloud.com/x-wajfhrtqsoyaplll) (*.net *.split)
[21:29:52] *** Quits: jamesob (sid180710@gateway/web/irccloud.com/x-nezxkhuukhlgorqy) (*.net *.split)
[21:30:22] *** Joins: valwal (sid334773@gateway/web/irccloud.com/x-wajfhrtqsoyaplll)
[21:30:22] *** Joins: jamesob (sid180710@gateway/web/irccloud.com/x-nezxkhuukhlgorqy)
[21:31:26] *** Quits: adiabat (~adiabat@63.209.32.102) (*.net *.split)
[21:32:40] *** Joins: adiabat (~adiabat@63.209.32.102)
[21:33:14] *** Quits: digi_james (sid281632@gateway/web/irccloud.com/x-kydbfjozsjpxfupn) (*.net *.split)
[21:33:52] *** Joins: digi_james (sid281632@gateway/web/irccloud.com/x-dfjtnwutsesastim)
[21:35:05] *** Quits: jamesl22 (~james@185.58.225.100) (*.net *.split)
[21:35:10] *** Quits: Varunram (sid210151@gateway/web/irccloud.com/x-ylvjzhphktblnhir) (*.net *.split)
[21:35:10] *** Quits: RubenSomsen (sid301948@gateway/web/irccloud.com/x-bwhyuyenhxtslndx) (*.net *.split)
[21:35:11] *** Quits: kallewoof (~quassel@240d:1a:759:6000:a7b1:451a:8874:e1ac) (*.net *.split)
[21:35:53] *** Joins: Varunram (sid210151@gateway/web/irccloud.com/x-ylvjzhphktblnhir)
[21:35:53] *** Joins: RubenSomsen (sid301948@gateway/web/irccloud.com/x-bwhyuyenhxtslndx)
[21:35:53] *** Joins: kallewoof (~quassel@240d:1a:759:6000:a7b1:451a:8874:e1ac)
[21:35:55] *** Quits: kanzure (~kanzure@unaffiliated/kanzure) (*.net *.split)
[21:35:56] *** Quits: instagibbs (~instagibb@pool-71-178-191-230.washdc.fios.verizon.net) (*.net *.split)
[21:36:00] *** Joins: jamesl22 (~james@185.58.225.100)
[21:36:39] *** Joins: kanzure (~kanzure@unaffiliated/kanzure)
[21:36:39] *** Joins: instagibbs (~instagibb@pool-71-178-191-230.washdc.fios.verizon.net)
[21:36:54] *** Quits: pigeons (~pigeons@androzani.sysevolve.com) (*.net *.split)
[21:36:55] *** Quits: ysangkok (janus@anubis.0x90.dk) (*.net *.split)
[21:38:23] *** Joins: pigeons (~pigeons@androzani.sysevolve.com)
[21:38:23] *** Joins: ysangkok (janus@anubis.0x90.dk)
[21:38:57] *** Quits: fjahr (sid374480@gateway/web/irccloud.com/x-zxgqlsemucmslilt) (*.net *.split)
[21:38:58] *** Quits: tnaka_ (~quassel@240d:1a:759:6000:a7b1:451a:8874:e1ac) (*.net *.split)
[21:39:26] *** Joins: fjahr (sid374480@gateway/web/irccloud.com/x-zxgqlsemucmslilt)
[21:39:26] *** Joins: tnaka_ (~quassel@240d:1a:759:6000:a7b1:451a:8874:e1ac)
[21:39:26] *** Quits: jb55 (~jb55@gateway/tor-sasl/jb55) (*.net *.split)
[21:41:57] *** Quits: RubenSomsen (sid301948@gateway/web/irccloud.com/x-bwhyuyenhxtslndx) (Ping timeout: 260 seconds)
[21:42:54] *** Joins: RubenSomsen (sid301948@gateway/web/irccloud.com/x-bbjyzezpdeacymrx)
[21:44:47] *** Joins: jb55 (~jb55@gateway/tor-sasl/jb55)
[21:45:43] *** Quits: jb55 (~jb55@gateway/tor-sasl/jb55) (*.net *.split)
[21:50:47] *** Joins: jb55 (~jb55@gateway/tor-sasl/jb55)
[22:02:25] *** Quits: jb55 (~jb55@gateway/tor-sasl/jb55) (*.net *.split)
[22:07:46] *** Joins: jb55 (~jb55@gateway/tor-sasl/jb55)
[23:28:43] *** Quits: jb55 (~jb55@gateway/tor-sasl/jb55) (Ping timeout: 240 seconds)
[23:29:41] *** Joins: jb55 (~jb55@gateway/tor-sasl/jb55)
[23:55:03] *** Quits: jb55 (~jb55@gateway/tor-sasl/jb55) (Ping timeout: 240 seconds)
