[00:25:28] *** Quits: ghost43 (~daer@gateway/tor-sasl/daer) (*.net *.split)
[11:33:22] <adiabat_> huh, well guess everyone has to move servers!
[11:33:41] <adiabat_> guess this channel didn't get banned, but maybe it will now: irc.libera.chat:6697
[11:35:11] <adiabat_> (also freenode was a cooler name than Libera Chat but oh well)
[11:35:17] *** Quits: adiabat_ (~adiabat@63.209.32.102) (Quit: WeeChat 1.9.1)
[14:06:19] *** Joins: mdrollette (~mdrollett@cpe-70-123-125-237.tx.res.rr.com)
[14:12:32] *** Quits: gnusha (~gnusha@unaffiliated/kanzure/bot/gnusha) (Quit: leaving)
[15:15:24] *** Guest2755 is now known as pigeons
[15:49:35] *** Quits: achow101 (~achow101@unaffiliated/achow101) (Quit: Bye)
[15:49:47] *** Joins: achow101 (~achow101@unaffiliated/achow101)
[15:55:04] *** Parts: achow101 (~achow101@unaffiliated/achow101) ("Bye")
[17:23:08] *** Quits: kcalvinalvin (~kcalvinal@ec2-52-79-199-97.ap-northeast-2.compute.amazonaws.com) (ZNC 1.7.4 - https://znc.in)
[17:24:14] *** Joins: kcalvinalvinn (~kcalvinal@ec2-52-79-199-97.ap-northeast-2.compute.amazonaws.com)
[17:24:27] *** Server sets mode: +ns 
[17:25:14] *** Quits: kcalvinalvin (~kcalvinal@ec2-52-79-199-97.ap-northeast-2.compute.amazonaws.com) (Quit: ZNC 1.7.4 - https://znc.in)
[17:25:15] *** Quits: drolmer (~drolmer@unaffiliated/drolmer) (Quit: adios)
[17:25:15] *** Joins: drolmer_ (~drolmer@unaffiliated/drolmer)
[17:26:54] *** Quits: pigeons (~pigeons@androzani.sysevolve.com) (Ping timeout: 260 seconds)
[17:31:28] *** Joins: pigeons (~pigeons@androzani.sysevolve.com)
[17:31:52] *** pigeons is now known as Guest21528
[23:10:00] *** Parts: Guest21528 (~pigeons@androzani.sysevolve.com) ()
