[08:27:17] *** Joins: lukechampine_ (lukechampi@2600:3c03::f03c:91ff:fe55:92ba)
[08:31:09] *** Quits: lukechampine (~lukechamp@li640-31.members.linode.com) (Ping timeout: 258 seconds)
[08:49:42] *** Quits: gertjaap (sid322815@gateway/web/irccloud.com/x-pybssrpjyjvmjcpm) (*.net *.split)
[08:49:42] *** Quits: valwal_ (sid334773@gateway/web/irccloud.com/x-hzzvfdtdjawztrby) (*.net *.split)
[08:49:43] *** Quits: dergoegge (sid453889@gateway/web/irccloud.com/x-vpggjtvyxjofpnen) (*.net *.split)
[08:49:43] *** Quits: sunon (duncandean@gateway/shell/matrix.org/x-uaramgxpurvuxvwr) (*.net *.split)
[08:49:43] *** Quits: drolmer (~drolmer@unaffiliated/drolmer) (*.net *.split)
[08:52:25] *** Joins: gertjaap (sid322815@gateway/web/irccloud.com/x-pybssrpjyjvmjcpm)
[08:52:25] *** Joins: valwal_ (sid334773@gateway/web/irccloud.com/x-hzzvfdtdjawztrby)
[08:52:25] *** Joins: dergoegge (sid453889@gateway/web/irccloud.com/x-vpggjtvyxjofpnen)
[08:53:04] *** Quits: gchain (gustafmatr@gateway/shell/matrix.org/x-ziyqszcriwlmdsav) (Ping timeout: 268 seconds)
[08:53:21] *** Quits: jamesob (sid180710@gateway/web/irccloud.com/x-zrkgoizuznjfbmdh) (Ping timeout: 264 seconds)
[08:56:04] *** Joins: jamesob (sid180710@gateway/web/irccloud.com/session)
[08:56:39] *** Joins: drolmer (~drolmer@unaffiliated/drolmer)
[08:56:46] *** Quits: jamesob (sid180710@gateway/web/irccloud.com/session) (Changing host)
[08:56:46] *** Joins: jamesob (sid180710@gateway/web/irccloud.com/x-pzwbgahsafxohxhq)
[09:27:08] *** Joins: sunon (duncandean@gateway/shell/matrix.org/x-hiokyglniptwtpoq)
[09:37:42] *** Joins: gchain (gustafmatr@gateway/shell/matrix.org/x-zxlmlymoebwvjals)
[09:43:05] *** Quits: sunon (duncandean@gateway/shell/matrix.org/x-hiokyglniptwtpoq) (Ping timeout: 244 seconds)
[09:44:00] *** Quits: gchain (gustafmatr@gateway/shell/matrix.org/x-zxlmlymoebwvjals) (Ping timeout: 265 seconds)
[10:30:33] *** Quits: rjected (~weechat-h@natp-128-119-202-10.wireless.umass.edu) (Ping timeout: 246 seconds)
[10:32:48] *** Joins: rjected (~weechat-h@natp-128-119-202-10.wireless.umass.edu)
[10:34:33] *** Joins: gchain (gustafmatr@gateway/shell/matrix.org/x-pyqbcefhrplkebam)
[10:50:29] *** Joins: sunon (duncandean@gateway/shell/matrix.org/x-lxqmglllgiducprb)
[13:13:28] *** Quits: jb55 (~jb55@gateway/tor-sasl/jb55) (Ping timeout: 268 seconds)
[13:27:10] *** Joins: jb55 (~jb55@gateway/tor-sasl/jb55)
[14:04:37] *** Quits: ghost43 (~daer@gateway/tor-sasl/daer) (Remote host closed the connection)
[14:04:59] *** Joins: ghost43 (~daer@gateway/tor-sasl/daer)
[15:32:53] *** Quits: kcalvinalvin (~kcalvinal@ec2-52-79-199-97.ap-northeast-2.compute.amazonaws.com) (ZNC 1.7.4 - https://znc.in)
[15:36:56] *** Joins: kcalvinalvin (~kcalvinal@ec2-52-79-199-97.ap-northeast-2.compute.amazonaws.com)
[15:37:44] *** Server sets mode: +ns 
[16:35:25] <kcalvinalvin> adiabat Are we doing the call at the usual time on Monday?
[16:35:46] <kcalvinalvin> I'll clean up and push few commits if so
[16:50:20] *** Quits: kcalvinalvin (~kcalvinal@ec2-52-79-199-97.ap-northeast-2.compute.amazonaws.com) (ZNC 1.7.4 - https://znc.in)
[16:52:22] *** Joins: kcalvinalvin (~kcalvinal@ec2-52-79-199-97.ap-northeast-2.compute.amazonaws.com)
[16:53:06] *** Server sets mode: +ns 
[16:54:02] *** Server sets mode: +ns 
