[03:04:21] *** Quits: ghost43 (~daer@gateway/tor-sasl/daer) (Remote host closed the connection)
[03:04:38] *** Joins: ghost43 (~daer@gateway/tor-sasl/daer)
[03:27:11] *** Quits: felixweis (sid154231@gateway/web/irccloud.com/x-iectyqzaxbqwafke) (Read error: Connection reset by peer)
[03:28:54] *** Joins: felixweis (sid154231@gateway/web/irccloud.com/x-ntdyaxjwaufomstj)
[09:00:01] *** Quits: icota[m] (icotamatri@gateway/shell/matrix.org/x-jsbomptofizmremi) (Quit: Idle for 30+ days)
[11:11:17] *** Quits: fjahr (sid374480@gateway/web/irccloud.com/x-lxjvkrdnytnjaigi) (Read error: Connection reset by peer)
[11:11:35] *** Joins: fjahr (sid374480@gateway/web/irccloud.com/x-gmlhlibniyqbxxgw)
[12:08:48] *** Quits: fjahr (sid374480@gateway/web/irccloud.com/x-gmlhlibniyqbxxgw) (Read error: Connection reset by peer)
[12:10:26] *** Joins: fjahr (sid374480@gateway/web/irccloud.com/x-orvokstcevqayiya)
[17:54:37] *** Joins: foobar62 (421f9e0d@c-66-31-158-13.hsd1.ma.comcast.net)
[17:55:30] *** Quits: foobar62 (421f9e0d@c-66-31-158-13.hsd1.ma.comcast.net) (Client Quit)
[18:21:30] *** Quits: jb55 (~jb55@gateway/tor-sasl/jb55) (Ping timeout: 268 seconds)
[19:19:16] *** Joins: jb55 (~jb55@gateway/tor-sasl/jb55)
[19:56:04] *** Quits: rjected (~weechat-h@natp-128-119-202-45.wireless.umass.edu) (Quit: WeeChat 3.0)
[19:57:38] *** Joins: rjected (~weechat-h@natp-128-119-202-45.wireless.umass.edu)
[20:03:22] *** Quits: rjected (~weechat-h@natp-128-119-202-45.wireless.umass.edu) (Quit: WeeChat 3.0)
[20:04:12] *** Joins: rjected (~weechat@natp-128-119-202-45.wireless.umass.edu)
[21:17:09] *** Quits: rjected (~weechat@natp-128-119-202-45.wireless.umass.edu) (Quit: WeeChat 3.0.1)
[22:26:54] *** Joins: rjected (~weechat-h@natp-128-119-202-60.wireless.umass.edu)
[23:35:13] *** Quits: usmannkhan (~usmannkha@c-24-5-174-38.hsd1.ca.comcast.net) (Quit: leaving)
