[03:30:13] *** Quits: rjected (~weechat-h@natp-128-119-202-42.wireless.umass.edu) (Quit: WeeChat 3.0)
[06:07:52] *** Joins: usmannkhan (~usmannkha@c-24-5-174-38.hsd1.ca.comcast.net)
[11:52:05] *** Quits: gnusha (~gnusha@unaffiliated/kanzure/bot/gnusha) (Remote host closed the connection)
[11:52:06] *** Quits: kanzure (~kanzure@unaffiliated/kanzure) (Read error: Connection reset by peer)
[11:57:38] *** Joins: gnusha (~gnusha@unaffiliated/kanzure/bot/gnusha)
[15:02:29] *** Quits: jb55 (~jb55@gateway/tor-sasl/jb55) (Ping timeout: 268 seconds)
[15:03:41] *** Joins: jb55 (~jb55@gateway/tor-sasl/jb55)
[15:09:28] *** Joins: kanzure (~kanzure@unaffiliated/kanzure)
[15:19:08] *** Quits: jb55 (~jb55@gateway/tor-sasl/jb55) (Ping timeout: 268 seconds)
[15:21:25] *** Joins: jb55 (~jb55@gateway/tor-sasl/jb55)
[16:36:57] *** Joins: rjected (~weechat-h@natp-128-119-202-45.wireless.umass.edu)
[17:35:38] <kcalvinalvin> adiabat so is the meeting at the usual time or different
[21:12:41] *** Quits: jb55 (~jb55@gateway/tor-sasl/jb55) (Remote host closed the connection)
[21:13:10] *** Joins: jb55 (~jb55@gateway/tor-sasl/jb55)
[21:41:22] <adiabat> Hey -
[21:41:35] <adiabat> Sorry, we can do a 10am EST call tomorrow (monday)
[21:41:43] <adiabat> which is the usual time
[21:41:56] <adiabat> I'm also going to do a 10*pm* EST call monday as well
[21:42:15] <adiabat> for the 2 students who are potentially joining
[21:43:18] <adiabat> that will be more of an intro / get setup / understand stuff call but anyone who wants can join, either as a newb to learn or as a seasoned pollard veteran to help out :)
[22:43:25] *** Quits: usmannkhan (~usmannkha@c-24-5-174-38.hsd1.ca.comcast.net) (Ping timeout: 240 seconds)
