[02:36:28] *** Quits: adiabat_ (~adiabat@63.209.32.102) (Ping timeout: 256 seconds)
[02:38:04] *** Joins: adiabat_ (~adiabat@63.209.32.102)
[17:18:51] *** Quits: kcalvinalvin (~kcalvinal@ec2-52-79-199-97.ap-northeast-2.compute.amazonaws.com) (ZNC 1.7.4 - https://znc.in)
[17:21:40] *** Joins: kcalvinalvin (~kcalvinal@ec2-52-79-199-97.ap-northeast-2.compute.amazonaws.com)
[17:22:09] *** Quits: lukechampine (~lukechamp@li640-31.members.linode.com) (Ping timeout: 264 seconds)
[17:22:17] *** Joins: lukechampine (lukechampi@2600:3c03::f03c:91ff:fe55:92ba)
[17:22:19] *** Server sets mode: +ns 
[17:42:08] *** Quits: lukechampine (lukechampi@2600:3c03::f03c:91ff:fe55:92ba) (*.net *.split)
[17:42:09] *** Quits: achow101 (~achow101@unaffiliated/achow101) (*.net *.split)
[17:42:13] *** Quits: kanzure (~kanzure@unaffiliated/kanzure) (*.net *.split)
[17:42:15] *** Quits: gertjaap (sid322815@gateway/web/irccloud.com/x-pybssrpjyjvmjcpm) (*.net *.split)
[17:42:15] *** Quits: dergoegge (sid453889@gateway/web/irccloud.com/x-vpggjtvyxjofpnen) (*.net *.split)
[17:42:31] *** Joins: kanzure (~kanzure@unaffiliated/kanzure)
[17:42:32] *** Joins: lukechampine (lukechampi@2600:3c03::f03c:91ff:fe55:92ba)
[17:42:47] *** Joins: dergoegge_ (sid453889@gateway/web/irccloud.com/x-esmqjpsnjudhyqmb)
[17:42:56] *** Joins: gertjaap (sid322815@gateway/web/irccloud.com/x-gqhhqpyjympnzypa)
[17:44:02] *** Joins: achow101 (~achow101@unaffiliated/achow101)
[17:52:53] *** Joins: sunon (duncandean@gateway/shell/matrix.org/x-aiuyoueriftmuqrl)
[17:57:26] *** Quits: usmannkhan (~usmannkha@c-24-5-174-38.hsd1.ca.comcast.net) (*.net *.split)
[17:57:26] *** Quits: gnusha (~gnusha@unaffiliated/kanzure/bot/gnusha) (*.net *.split)
[17:57:26] *** Quits: jamesob (sid180710@gateway/web/irccloud.com/x-dtaufpvopijylqfh) (*.net *.split)
[17:57:26] *** Quits: kallewoof (~quassel@240d:1a:759:6000:a7b1:451a:8874:e1ac) (*.net *.split)
[17:57:37] *** Joins: gnusha (~gnusha@unaffiliated/kanzure/bot/gnusha)
[17:57:38] *** Joins: usmannkhan (~usmannkha@c-24-5-174-38.hsd1.ca.comcast.net)
[17:57:54] *** Joins: jamesob (sid180710@gateway/web/irccloud.com/x-mjrieuemfsjkxxqj)
[17:58:10] *** Quits: digi_james (sid281632@gateway/web/irccloud.com/x-ifvdkmiyjursbrnd) (*.net *.split)
[17:58:10] *** Quits: takinbo (~takinbo@unaffiliated/takinbo) (*.net *.split)
[17:58:10] *** Quits: fanquake (sid369002@gateway/web/irccloud.com/x-asrnjecwrkowwvfh) (*.net *.split)
[17:58:10] *** Quits: fjahr (sid374480@gateway/web/irccloud.com/x-piyhmzkmzjdkkqyq) (*.net *.split)
[17:58:24] *** Joins: takinbo (~takinbo@2a01:4f8:160:60aa:fee::10)
[17:58:26] *** Quits: takinbo (~takinbo@2a01:4f8:160:60aa:fee::10) (Changing host)
[17:58:26] *** Joins: takinbo (~takinbo@unaffiliated/takinbo)
[17:58:27] *** Quits: achow101 (~achow101@unaffiliated/achow101) (Quit: Bye)
[17:58:38] *** Joins: fanquake (sid369002@gateway/web/irccloud.com/x-cmebonrcwdoaxsdc)
[17:58:41] *** Joins: fjahr (sid374480@gateway/web/irccloud.com/x-catdfbsuppskvnfw)
[17:58:41] *** Joins: digi_james (sid281632@gateway/web/irccloud.com/x-hivyyubwyokafzja)
[17:58:43] *** Joins: kallewoof (~quassel@240d:1a:759:6000:a7b1:451a:8874:e1ac)
[17:59:44] *** Quits: Guest54955 (~pigeons@androzani.sysevolve.com) (*.net *.split)
[17:59:45] *** Quits: cfields (~cfields@unaffiliated/cfields) (*.net *.split)
[17:59:53] *** Joins: pigeons (~pigeons@androzani.sysevolve.com)
[17:59:59] *** Joins: cfields_ (~cfields@unaffiliated/cfields)
[18:00:25] *** pigeons is now known as Guest49704
[18:00:33] *** Joins: achow101 (~achow101@unaffiliated/achow101)
[18:03:48] *** Quits: takinbo (~takinbo@unaffiliated/takinbo) (*.net *.split)
[18:03:49] *** Quits: ja (janus@anubis.0x90.dk) (*.net *.split)
[18:03:49] *** Quits: felixweis (sid154231@gateway/web/irccloud.com/x-evpcjxrvwezwuhkm) (*.net *.split)
[18:03:50] *** Quits: sunon (duncandean@gateway/shell/matrix.org/x-aiuyoueriftmuqrl) (*.net *.split)
[18:03:51] *** Quits: mdrollette (~mdrollett@cpe-70-123-125-237.tx.res.rr.com) (*.net *.split)
[18:04:01] *** Joins: takinbo (~takinbo@2a01:4f8:160:60aa:fee::10)
[18:04:02] *** Quits: takinbo (~takinbo@2a01:4f8:160:60aa:fee::10) (Changing host)
[18:04:02] *** Joins: takinbo (~takinbo@unaffiliated/takinbo)
[18:04:02] *** Joins: ja (janus@anubis.0x90.dk)
[18:04:27] *** Joins: sunon (duncandean@gateway/shell/matrix.org/x-aiuyoueriftmuqrl)
[18:04:27] *** Joins: mdrollette (~mdrollett@cpe-70-123-125-237.tx.res.rr.com)
[18:04:32] *** Joins: felixweis (sid154231@gateway/web/irccloud.com/x-hizsttpdglmlqbhs)
[18:05:09] *** Quits: sunon (duncandean@gateway/shell/matrix.org/x-aiuyoueriftmuqrl) (*.net *.split)
[18:05:10] *** Quits: mdrollette (~mdrollett@cpe-70-123-125-237.tx.res.rr.com) (*.net *.split)
[18:05:33] *** Joins: mdrollette (~mdrollett@cpe-70-123-125-237.tx.res.rr.com)
[18:06:25] *** Quits: gertjaap (sid322815@gateway/web/irccloud.com/x-gqhhqpyjympnzypa) (*.net *.split)
[18:06:53] *** Joins: gertjaap (sid322815@gateway/web/irccloud.com/x-ynnveqmedkqmnebl)
[18:08:05] *** Joins: sunon (duncandean@gateway/shell/matrix.org/x-kzxfyjcyyvharwke)
[18:10:28] *** Quits: ghost43 (~daer@gateway/tor-sasl/daer) (*.net *.split)
[18:14:06] *** Joins: ghost43 (~daer@gateway/tor-sasl/daer)
[18:15:54] *** Quits: kcalvinalvin (~kcalvinal@ec2-52-79-199-97.ap-northeast-2.compute.amazonaws.com) (ZNC 1.7.4 - https://znc.in)
[18:18:41] *** Joins: kcalvinalvin (~kcalvinal@ec2-52-79-199-97.ap-northeast-2.compute.amazonaws.com)
[18:19:19] *** Server sets mode: +ns 
[18:29:57] *** Quits: sunon (duncandean@gateway/shell/matrix.org/x-kzxfyjcyyvharwke) (Ping timeout: 245 seconds)
[18:32:40] *** Joins: kakobrekla (~kako@unaffiliated/kakobrekla)
[19:01:39] *** Joins: sunon (duncandean@gateway/shell/matrix.org/x-xeursqkivteraoqc)
