[01:03:14] *** Quits: jb55 (~jb55@gateway/tor-sasl/jb55) (Remote host closed the connection)
[01:03:57] *** Joins: jb55 (~jb55@gateway/tor-sasl/jb55)
[13:04:06] *** Quits: stevenroose (~steven@irc.roose.io) (*.net *.split)
[13:04:07] *** Quits: pigeons (~pigeons@androzani.sysevolve.com) (*.net *.split)
[13:04:08] *** Quits: kakobrekla (~kako@unaffiliated/kakobrekla) (*.net *.split)
[13:04:08] *** Quits: kallewoof (~quassel@240d:1a:759:6000:a7b1:451a:8874:e1ac) (*.net *.split)
[13:04:09] *** Quits: gnusha (~gnusha@unaffiliated/kanzure/bot/gnusha) (*.net *.split)
[13:04:09] *** Quits: felixweis (sid154231@gateway/web/irccloud.com/x-rjfaljpefwtmhbry) (*.net *.split)
[13:04:09] *** Quits: gertjaap (sid322815@gateway/web/irccloud.com/x-ynnveqmedkqmnebl) (*.net *.split)
[13:04:10] *** Quits: cfields_ (~cfields@unaffiliated/cfields) (*.net *.split)
[13:04:11] *** Quits: takinbo (~takinbo@unaffiliated/takinbo) (*.net *.split)
[13:04:13] *** Quits: dergoegge (sid453889@gateway/web/irccloud.com/x-ahjgehyqddflizbf) (*.net *.split)
[13:04:13] *** Quits: ja (janus@anubis.0x90.dk) (*.net *.split)
[13:04:13] *** Quits: achow101 (~achow101@unaffiliated/achow101) (*.net *.split)
[13:04:14] *** Quits: fanquake (sid369002@gateway/web/irccloud.com/x-cmebonrcwdoaxsdc) (*.net *.split)
[13:04:14] *** Quits: drolmer (~drolmer@unaffiliated/drolmer) (*.net *.split)
[13:04:16] *** Quits: kanzure (~kanzure@unaffiliated/kanzure) (*.net *.split)
[13:04:16] *** Quits: jb55 (~jb55@gateway/tor-sasl/jb55) (*.net *.split)
[13:04:16] *** Quits: ghost43 (~daer@gateway/tor-sasl/daer) (*.net *.split)
[13:04:16] *** Quits: RubenSomsen (sid301948@gateway/web/irccloud.com/x-hhsjnjpyzapmhanq) (*.net *.split)
[13:04:17] *** Quits: lukechampine (lukechampi@2600:3c03::f03c:91ff:fe55:92ba) (*.net *.split)
[13:04:18] *** Quits: jamesob_ (sid180710@gateway/web/irccloud.com/x-olrrbpxquvlbjxay) (*.net *.split)
[13:04:20] *** Quits: digi_james (sid281632@gateway/web/irccloud.com/x-gjrjamphazsicukr) (*.net *.split)
[13:04:20] *** Quits: adiabat_ (~adiabat@63.209.32.102) (*.net *.split)
[13:04:20] *** Quits: fjahr (sid374480@gateway/web/irccloud.com/x-bvvkqfeiyvkgcmqm) (*.net *.split)
[13:15:31] *** Joins: jb55 (~jb55@gateway/tor-sasl/jb55)
[13:15:31] *** Joins: jamesob_ (sid180710@gateway/web/irccloud.com/x-olrrbpxquvlbjxay)
[13:15:31] *** Joins: ghost43 (~daer@gateway/tor-sasl/daer)
[13:15:31] *** Joins: adiabat_ (~adiabat@63.209.32.102)
[13:15:31] *** Joins: felixweis (sid154231@gateway/web/irccloud.com/x-rjfaljpefwtmhbry)
[13:15:31] *** Joins: drolmer (~drolmer@unaffiliated/drolmer)
[13:15:31] *** Joins: dergoegge (sid453889@gateway/web/irccloud.com/x-ahjgehyqddflizbf)
[13:15:31] *** Joins: ja (janus@anubis.0x90.dk)
[13:15:31] *** Joins: achow101 (~achow101@unaffiliated/achow101)
[13:15:31] *** Joins: fanquake (sid369002@gateway/web/irccloud.com/x-cmebonrcwdoaxsdc)
[13:15:31] *** Joins: takinbo (~takinbo@unaffiliated/takinbo)
[13:15:31] *** Joins: cfields_ (~cfields@unaffiliated/cfields)
[13:15:31] *** Joins: gertjaap (sid322815@gateway/web/irccloud.com/x-ynnveqmedkqmnebl)
[13:15:31] *** Joins: kallewoof (~quassel@240d:1a:759:6000:a7b1:451a:8874:e1ac)
[13:15:31] *** Joins: gnusha (~gnusha@unaffiliated/kanzure/bot/gnusha)
[13:15:31] *** Joins: stevenroose (~steven@irc.roose.io)
[13:15:31] *** Joins: pigeons (~pigeons@androzani.sysevolve.com)
[13:15:31] *** Joins: kakobrekla (~kako@unaffiliated/kakobrekla)
[13:15:31] *** Joins: kanzure (~kanzure@unaffiliated/kanzure)
[13:15:31] *** Joins: fjahr (sid374480@gateway/web/irccloud.com/x-bvvkqfeiyvkgcmqm)
[13:15:31] *** Joins: digi_james (sid281632@gateway/web/irccloud.com/x-gjrjamphazsicukr)
[13:15:31] *** Joins: lukechampine (lukechampi@2600:3c03::f03c:91ff:fe55:92ba)
[13:15:31] *** Joins: RubenSomsen (sid301948@gateway/web/irccloud.com/x-hhsjnjpyzapmhanq)
[19:52:48] *** Quits: digi_james (sid281632@gateway/web/irccloud.com/x-gjrjamphazsicukr) (Read error: Connection reset by peer)
[19:53:52] *** Quits: fjahr (sid374480@gateway/web/irccloud.com/x-bvvkqfeiyvkgcmqm) (Ping timeout: 246 seconds)
[19:57:42] *** Joins: fjahr (sid374480@gateway/web/irccloud.com/x-mmvomsklbhcubwkr)
[19:58:32] *** Joins: digi_james (sid281632@gateway/web/irccloud.com/x-sbdwtdtfrunzahfu)
