[08:07:39] *** Quits: gertjaap (sid322815@gateway/web/irccloud.com/x-cczzhqhysululcyi) (Read error: Connection reset by peer)
[08:09:12] *** Joins: gertjaap (sid322815@gateway/web/irccloud.com/x-hkrrkqbmbeqospzg)
[10:08:46] *** Quits: lukechampine (lukechampi@2600:3c03::f03c:91ff:fe55:92ba) (*.net *.split)
[10:09:57] *** Joins: lukechampine (lukechampi@2600:3c03::f03c:91ff:fe55:92ba)
[10:11:39] *** Quits: robert_spigler (robertspig@gateway/shell/matrix.org/x-luxkimqhrpqswyub) (Ping timeout: 245 seconds)
[10:13:51] *** Quits: digi_james (sid281632@gateway/web/irccloud.com/x-denjnhnlzrimsgue) (*.net *.split)
[10:14:17] *** Joins: digi_james (sid281632@gateway/web/irccloud.com/x-denjnhnlzrimsgue)
[10:14:51] *** Quits: adiabat_ (~adiabat@63.209.32.102) (*.net *.split)
[10:14:55] *** Quits: pigeons (~pigeons@androzani.sysevolve.com) (*.net *.split)
[10:14:55] *** Quits: khs9ne (~guido@unaffiliated/mn3monic) (*.net *.split)
[10:16:38] *** Joins: khs9ne (~guido@unaffiliated/mn3monic)
[10:16:38] *** Joins: adiabat_ (~adiabat@63.209.32.102)
[10:16:38] *** Joins: pigeons (~pigeons@androzani.sysevolve.com)
[10:16:55] *** Quits: adiabat_ (~adiabat@63.209.32.102) (*.net *.split)
[10:16:59] *** Quits: pigeons (~pigeons@androzani.sysevolve.com) (*.net *.split)
[10:16:59] *** Quits: khs9ne (~guido@unaffiliated/mn3monic) (*.net *.split)
[10:17:03] *** Quits: digi_james (sid281632@gateway/web/irccloud.com/x-denjnhnlzrimsgue) (*.net *.split)
[10:17:06] *** Quits: lukechampine (lukechampi@2600:3c03::f03c:91ff:fe55:92ba) (*.net *.split)
[10:17:12] *** Quits: gertjaap (sid322815@gateway/web/irccloud.com/x-hkrrkqbmbeqospzg) (*.net *.split)
[10:17:23] *** Quits: RubenSomsen (sid301948@gateway/web/irccloud.com/x-beewrcsexshgkiui) (*.net *.split)
[10:17:23] *** Quits: fjahr (sid374480@gateway/web/irccloud.com/x-xslldgyngewigvam) (*.net *.split)
[10:17:24] *** Quits: jamesob_ (sid180710@gateway/web/irccloud.com/x-olrrbpxquvlbjxay) (*.net *.split)
[10:17:36] *** Quits: ghost43 (~daer@gateway/tor-sasl/daer) (*.net *.split)
[10:17:49] *** Quits: cfields (~cfields@unaffiliated/cfields) (*.net *.split)
[10:17:51] *** Quits: kanzure (~kanzure@unaffiliated/kanzure) (*.net *.split)
[10:17:55] *** Quits: drolmer (~drolmer@unaffiliated/drolmer) (*.net *.split)
[10:17:59] *** Quits: takinbo (~takinbo@unaffiliated/takinbo) (*.net *.split)
[10:18:02] *** Quits: kakobrekla (~kako@unaffiliated/kakobrekla) (*.net *.split)
[10:18:02] *** Quits: kallewoof (~quassel@240d:1a:759:6000:a7b1:451a:8874:e1ac) (*.net *.split)
[10:18:03] *** Quits: gnusha (~gnusha@unaffiliated/kanzure/bot/gnusha) (*.net *.split)
[10:18:07] *** Quits: felixweis (sid154231@gateway/web/irccloud.com/x-cskmqznmpwgfogab) (*.net *.split)
[10:18:08] *** Quits: dergoegge (sid453889@gateway/web/irccloud.com/x-qyleughbhpeypguv) (*.net *.split)
[10:18:14] *** Quits: achow101 (~achow101@unaffiliated/achow101) (*.net *.split)
[10:18:14] *** Quits: stevenroose (~steven@irc.roose.io) (*.net *.split)
[10:18:45] *** Joins: pigeons (~pigeons@androzani.sysevolve.com)
[10:18:45] *** Joins: adiabat_ (~adiabat@63.209.32.102)
[10:18:45] *** Joins: khs9ne (~guido@unaffiliated/mn3monic)
[10:18:45] *** Joins: digi_james (sid281632@gateway/web/irccloud.com/x-denjnhnlzrimsgue)
[10:18:45] *** Joins: lukechampine (lukechampi@2600:3c03::f03c:91ff:fe55:92ba)
[10:18:45] *** Joins: gertjaap (sid322815@gateway/web/irccloud.com/x-hkrrkqbmbeqospzg)
[10:18:45] *** Joins: takinbo (~takinbo@unaffiliated/takinbo)
[10:18:45] *** Joins: drolmer (~drolmer@unaffiliated/drolmer)
[10:18:45] *** Joins: jamesob_ (sid180710@gateway/web/irccloud.com/x-olrrbpxquvlbjxay)
[10:18:45] *** Joins: fjahr (sid374480@gateway/web/irccloud.com/x-xslldgyngewigvam)
[10:18:45] *** Joins: RubenSomsen (sid301948@gateway/web/irccloud.com/x-beewrcsexshgkiui)
[10:18:45] *** Joins: felixweis (sid154231@gateway/web/irccloud.com/x-cskmqznmpwgfogab)
[10:18:45] *** Joins: ghost43 (~daer@gateway/tor-sasl/daer)
[10:18:45] *** Joins: dergoegge (sid453889@gateway/web/irccloud.com/x-qyleughbhpeypguv)
[10:18:45] *** Joins: achow101 (~achow101@unaffiliated/achow101)
[10:18:45] *** Joins: stevenroose (~steven@irc.roose.io)
[10:18:45] *** Joins: cfields (~cfields@unaffiliated/cfields)
[10:18:45] *** Joins: kanzure (~kanzure@unaffiliated/kanzure)
[10:18:45] *** Joins: kakobrekla (~kako@unaffiliated/kakobrekla)
[10:18:45] *** Joins: gnusha (~gnusha@unaffiliated/kanzure/bot/gnusha)
[10:18:45] *** Joins: kallewoof (~quassel@240d:1a:759:6000:a7b1:451a:8874:e1ac)
[10:20:02] *** Quits: RubenSomsen (sid301948@gateway/web/irccloud.com/x-beewrcsexshgkiui) (*.net *.split)
[10:20:02] *** Quits: fjahr (sid374480@gateway/web/irccloud.com/x-xslldgyngewigvam) (*.net *.split)
[10:20:03] *** Quits: jamesob_ (sid180710@gateway/web/irccloud.com/x-olrrbpxquvlbjxay) (*.net *.split)
[10:20:14] *** Quits: ghost43 (~daer@gateway/tor-sasl/daer) (*.net *.split)
[10:20:26] *** Quits: cfields (~cfields@unaffiliated/cfields) (*.net *.split)
[10:20:28] *** Quits: kanzure (~kanzure@unaffiliated/kanzure) (*.net *.split)
[10:20:55] *** Joins: jamesob_ (sid180710@gateway/web/irccloud.com/x-olrrbpxquvlbjxay)
[10:20:55] *** Joins: fjahr (sid374480@gateway/web/irccloud.com/x-xslldgyngewigvam)
[10:20:55] *** Joins: RubenSomsen (sid301948@gateway/web/irccloud.com/x-beewrcsexshgkiui)
[10:20:55] *** Joins: ghost43 (~daer@gateway/tor-sasl/daer)
[10:20:55] *** Joins: cfields (~cfields@unaffiliated/cfields)
[10:20:55] *** Joins: kanzure (~kanzure@unaffiliated/kanzure)
[10:21:04] *** Quits: ghost43 (~daer@gateway/tor-sasl/daer) (Max SendQ exceeded)
[10:21:07] *** Joins: ghost43 (~daer@gateway/tor-sasl/daer)
[10:52:47] *** Joins: robert_spigler (robertspig@gateway/shell/matrix.org/x-ylvdtvhiwllmnump)
[12:24:52] *** Quits: pigeons (~pigeons@androzani.sysevolve.com) (Ping timeout: 265 seconds)
[18:30:42] *** Quits: kcalvinalvin (~kcalvinal@ec2-52-79-199-97.ap-northeast-2.compute.amazonaws.com) (ZNC 1.7.4 - https://znc.in)
[18:31:58] *** Joins: kcalvinalvin (~kcalvinal@ec2-52-79-199-97.ap-northeast-2.compute.amazonaws.com)
[18:32:25] *** Server sets mode: +ns 
[21:25:56] *** Joins: pigeons (~pigeons@androzani.sysevolve.com)
[21:26:18] *** pigeons is now known as Guest2755
