[00:21:34] *** Joins: rjected (~weechat-h@natp-128-119-202-36.wireless.umass.edu)
[03:53:09] *** Quits: rjected (~weechat-h@natp-128-119-202-36.wireless.umass.edu) (Quit: WeeChat 3.1)
[07:58:17] *** Quits: fjahr (sid374480@gateway/web/irccloud.com/x-bvvkqfeiyvkgcmqm) (*.net *.split)
[07:58:17] *** Quits: adiabat_ (~adiabat@63.209.32.102) (*.net *.split)
[07:58:18] *** Quits: takinbo (~takinbo@unaffiliated/takinbo) (*.net *.split)
[07:58:20] *** Quits: ghost43 (~daer@gateway/tor-sasl/daer) (*.net *.split)
[07:58:21] *** Quits: RubenSomsen (sid301948@gateway/web/irccloud.com/x-hhsjnjpyzapmhanq) (*.net *.split)
[07:58:23] *** Quits: kakobrekla (~kako@unaffiliated/kakobrekla) (*.net *.split)
[07:58:24] *** Quits: gertjaap (sid322815@gateway/web/irccloud.com/x-ynnveqmedkqmnebl) (*.net *.split)
[07:58:24] *** Quits: felixweis (sid154231@gateway/web/irccloud.com/x-hizsttpdglmlqbhs) (*.net *.split)
[07:58:25] *** Quits: kallewoof (~quassel@240d:1a:759:6000:a7b1:451a:8874:e1ac) (*.net *.split)
[07:58:26] *** Quits: jamesob (sid180710@gateway/web/irccloud.com/x-mjrieuemfsjkxxqj) (*.net *.split)
[07:58:26] *** Quits: gnusha (~gnusha@unaffiliated/kanzure/bot/gnusha) (*.net *.split)
[07:58:26] *** Quits: drolmer (~drolmer@unaffiliated/drolmer) (*.net *.split)
[07:58:26] *** Quits: dergoegge (sid453889@gateway/web/irccloud.com/x-ahjgehyqddflizbf) (*.net *.split)
[07:58:26] *** Quits: ja (janus@anubis.0x90.dk) (*.net *.split)
[07:58:26] *** Quits: achow101 (~achow101@unaffiliated/achow101) (*.net *.split)
[07:58:27] *** Quits: fanquake (sid369002@gateway/web/irccloud.com/x-cmebonrcwdoaxsdc) (*.net *.split)
[07:58:27] *** Quits: stevenroose (~steven@irc.roose.io) (*.net *.split)
[07:58:27] *** Quits: pigeons (~pigeons@androzani.sysevolve.com) (*.net *.split)
[07:58:28] *** Quits: cfields_ (~cfields@unaffiliated/cfields) (*.net *.split)
[07:58:29] *** Quits: kanzure (~kanzure@unaffiliated/kanzure) (*.net *.split)
[07:58:30] *** Quits: lukechampine (lukechampi@2600:3c03::f03c:91ff:fe55:92ba) (*.net *.split)
[07:58:31] *** Quits: digi_james (sid281632@gateway/web/irccloud.com/x-gjrjamphazsicukr) (*.net *.split)
[08:04:49] *** Joins: kakobrekla (~kako@unaffiliated/kakobrekla)
[08:04:49] *** Joins: fjahr (sid374480@gateway/web/irccloud.com/x-bvvkqfeiyvkgcmqm)
[08:04:49] *** Joins: adiabat_ (~adiabat@63.209.32.102)
[08:04:58] *** Joins: digi_james (sid281632@gateway/web/irccloud.com/x-gjrjamphazsicukr)
[08:05:48] *** Joins: lukechampine (lukechampi@2600:3c03::f03c:91ff:fe55:92ba)
[08:05:50] *** Joins: gnusha (~gnusha@unaffiliated/kanzure/bot/gnusha)
[08:05:50] *** Joins: jamesob (sid180710@gateway/web/irccloud.com/x-mjrieuemfsjkxxqj)
[08:05:50] *** Joins: kallewoof (~quassel@240d:1a:759:6000:a7b1:451a:8874:e1ac)
[08:05:50] *** Joins: felixweis (sid154231@gateway/web/irccloud.com/x-hizsttpdglmlqbhs)
[08:05:50] *** Joins: gertjaap (sid322815@gateway/web/irccloud.com/x-ynnveqmedkqmnebl)
[08:05:50] *** Joins: cfields_ (~cfields@unaffiliated/cfields)
[08:05:50] *** Joins: takinbo (~takinbo@unaffiliated/takinbo)
[08:05:50] *** Joins: drolmer (~drolmer@unaffiliated/drolmer)
[08:05:50] *** Joins: dergoegge (sid453889@gateway/web/irccloud.com/x-ahjgehyqddflizbf)
[08:05:50] *** Joins: ja (janus@anubis.0x90.dk)
[08:05:50] *** Joins: achow101 (~achow101@unaffiliated/achow101)
[08:05:50] *** Joins: fanquake (sid369002@gateway/web/irccloud.com/x-cmebonrcwdoaxsdc)
[08:06:35] *** Joins: stevenroose (~steven@irc.roose.io)
[08:06:35] *** Joins: pigeons (~pigeons@androzani.sysevolve.com)
[08:06:46] *** Joins: RubenSomsen (sid301948@gateway/web/irccloud.com/x-hhsjnjpyzapmhanq)
[08:07:23] *** Quits: kakobrekla (~kako@unaffiliated/kakobrekla) (Ping timeout: 265 seconds)
[08:08:15] *** Joins: ghost43 (~daer@gateway/tor-sasl/daer)
[08:11:43] *** Joins: kakobrekla (~kako@unaffiliated/kakobrekla)
[08:49:04] *** Joins: kanzure (~kanzure@unaffiliated/kanzure)
[20:40:24] *** Joins: nick_freeman (~nick_free@port-92-194-86-147.dynamic.as20676.net)
