[05:10:43] *** Quits: rjected (~weechat-h@natp-128-119-202-82.wireless.umass.edu) (Quit: WeeChat 3.1)
[18:54:46] *** Joins: jb55 (~jb55@gateway/tor-sasl/jb55)
[18:55:56] *** Quits: jb55 (~jb55@gateway/tor-sasl/jb55) (Remote host closed the connection)
[18:56:16] *** Joins: jb55 (~jb55@gateway/tor-sasl/jb55)
[21:16:09] *** Quits: stevenroose (~steven@irc.roose.io) (*.net *.split)
[21:16:09] *** Quits: pigeons (~pigeons@androzani.sysevolve.com) (*.net *.split)
[21:16:11] *** Quits: kakobrekla (~kako@unaffiliated/kakobrekla) (*.net *.split)
[21:16:11] *** Quits: kallewoof (~quassel@240d:1a:759:6000:a7b1:451a:8874:e1ac) (*.net *.split)
[21:16:12] *** Quits: gnusha (~gnusha@unaffiliated/kanzure/bot/gnusha) (*.net *.split)
[21:16:12] *** Quits: felixweis (sid154231@gateway/web/irccloud.com/x-rjfaljpefwtmhbry) (*.net *.split)
[21:16:12] *** Quits: gertjaap (sid322815@gateway/web/irccloud.com/x-ynnveqmedkqmnebl) (*.net *.split)
[21:16:12] *** Quits: cfields_ (~cfields@unaffiliated/cfields) (*.net *.split)
[21:16:12] *** Quits: takinbo (~takinbo@unaffiliated/takinbo) (*.net *.split)
[21:16:13] *** Quits: fjahr (sid374480@gateway/web/irccloud.com/x-mmvomsklbhcubwkr) (*.net *.split)
[21:16:13] *** Quits: dergoegge (sid453889@gateway/web/irccloud.com/x-ahjgehyqddflizbf) (*.net *.split)
[21:16:13] *** Quits: ja (janus@anubis.0x90.dk) (*.net *.split)
[21:16:13] *** Quits: achow101 (~achow101@unaffiliated/achow101) (*.net *.split)
[21:16:13] *** Quits: fanquake (sid369002@gateway/web/irccloud.com/x-cmebonrcwdoaxsdc) (*.net *.split)
[21:16:13] *** Quits: drolmer (~drolmer@unaffiliated/drolmer) (*.net *.split)
[21:16:14] *** Quits: jb55 (~jb55@gateway/tor-sasl/jb55) (*.net *.split)
[21:16:14] *** Quits: ghost43 (~daer@gateway/tor-sasl/daer) (*.net *.split)
[21:16:14] *** Quits: RubenSomsen (sid301948@gateway/web/irccloud.com/x-hhsjnjpyzapmhanq) (*.net *.split)
[21:16:14] *** Quits: lukechampine (lukechampi@2600:3c03::f03c:91ff:fe55:92ba) (*.net *.split)
[21:16:14] *** Quits: digi_james (sid281632@gateway/web/irccloud.com/x-sbdwtdtfrunzahfu) (*.net *.split)
[21:16:14] *** Quits: jamesob_ (sid180710@gateway/web/irccloud.com/x-olrrbpxquvlbjxay) (*.net *.split)
[21:16:16] *** Quits: adiabat_ (~adiabat@63.209.32.102) (*.net *.split)
[21:17:29] *** Joins: fjahr (sid374480@gateway/web/irccloud.com/x-mmvomsklbhcubwkr)
[21:17:29] *** Joins: felixweis (sid154231@gateway/web/irccloud.com/x-rjfaljpefwtmhbry)
[21:17:29] *** Joins: kakobrekla (~kako@unaffiliated/kakobrekla)
[21:17:29] *** Joins: pigeons (~pigeons@androzani.sysevolve.com)
[21:17:29] *** Joins: stevenroose (~steven@irc.roose.io)
[21:17:29] *** Joins: gnusha (~gnusha@unaffiliated/kanzure/bot/gnusha)
[21:17:29] *** Joins: kallewoof (~quassel@240d:1a:759:6000:a7b1:451a:8874:e1ac)
[21:17:29] *** Joins: gertjaap (sid322815@gateway/web/irccloud.com/x-ynnveqmedkqmnebl)
[21:17:29] *** Joins: cfields_ (~cfields@unaffiliated/cfields)
[21:17:29] *** Joins: takinbo (~takinbo@unaffiliated/takinbo)
[21:17:29] *** Joins: fanquake (sid369002@gateway/web/irccloud.com/x-cmebonrcwdoaxsdc)
[21:17:29] *** Joins: achow101 (~achow101@unaffiliated/achow101)
[21:17:29] *** Joins: ja (janus@anubis.0x90.dk)
[21:17:29] *** Joins: dergoegge (sid453889@gateway/web/irccloud.com/x-ahjgehyqddflizbf)
[21:17:29] *** Joins: drolmer (~drolmer@unaffiliated/drolmer)
[21:17:56] *** Joins: jb55 (~jb55@gateway/tor-sasl/jb55)
[21:17:56] *** Joins: ghost43 (~daer@gateway/tor-sasl/daer)
[21:18:02] *** Quits: ghost43 (~daer@gateway/tor-sasl/daer) (Max SendQ exceeded)
[21:19:05] *** Joins: adiabat_ (~adiabat@63.209.32.102)
[21:19:15] *** Joins: RubenSomsen (sid301948@gateway/web/irccloud.com/x-hhsjnjpyzapmhanq)
[21:19:23] *** Joins: lukechampine (lukechampi@2600:3c03::f03c:91ff:fe55:92ba)
[21:20:20] *** Joins: jamesob_ (sid180710@gateway/web/irccloud.com/x-olrrbpxquvlbjxay)
[21:22:20] *** Quits: RubenSomsen (sid301948@gateway/web/irccloud.com/x-hhsjnjpyzapmhanq) (Ping timeout: 276 seconds)
[21:22:41] *** Quits: fjahr (sid374480@gateway/web/irccloud.com/x-mmvomsklbhcubwkr) (Ping timeout: 250 seconds)
[21:23:41] *** Joins: fjahr (sid374480@gateway/web/irccloud.com/x-cqausdqkccfuqwew)
[21:23:41] *** Joins: digi_james (sid281632@gateway/web/irccloud.com/x-zrxswqczsjtkfajj)
[21:26:22] *** Joins: RubenSomsen (sid301948@gateway/web/irccloud.com/x-enkekiwnhjplxzfp)
[22:29:03] *** RubenSomsen is now known as Guest26781
[22:29:12] *** Joins: ghost43 (~daer@gateway/tor-sasl/daer)
[23:47:26] *** Quits: jb55 (~jb55@gateway/tor-sasl/jb55) (Remote host closed the connection)
[23:47:49] *** Joins: jb55 (~jb55@gateway/tor-sasl/jb55)
