[00:30:56] <adiabat> kcalvinalvin: cool will take a look & merge tomorrow.
[00:31:39] <adiabat> Actually got a bunch done on superflat / flatterttl yesterday, maybe not too much more there then no db anywhere in server or client
[02:59:34] *** Quits: ja (janus@anubis.0x90.dk) (Ping timeout: 240 seconds)
[03:05:10] *** Joins: ja (janus@anubis.0x90.dk)
[03:20:45] *** Joins: stevenro- (~steven@2001:19f0:6801:83a:40ba:67e:5c24:ed71)
[03:21:38] *** Quits: stevenroose (~steven@irc.roose.io) (Ping timeout: 264 seconds)
[05:21:07] *** Quits: ghost43 (~daer@gateway/tor-sasl/daer) (Remote host closed the connection)
[05:21:30] *** Joins: ghost43 (~daer@gateway/tor-sasl/daer)
[06:28:36] *** Joins: ghost43_ (~daer@gateway/tor-sasl/daer)
[06:32:16] *** Quits: ghost43 (~daer@gateway/tor-sasl/daer) (Remote host closed the connection)
[17:50:23] *** Joins: ghost43 (~daer@gateway/tor-sasl/daer)
[17:50:41] *** Quits: ghost43_ (~daer@gateway/tor-sasl/daer) (Quit: Leaving)
[19:15:07] *** Quits: fjahr (sid374480@gateway/web/irccloud.com/x-fnsvciziwascrtax) (Remote host closed the connection)
[19:15:07] *** Quits: digi_james (sid281632@gateway/web/irccloud.com/x-zaysoqldumyqlwgq) (Remote host closed the connection)
[19:52:29] *** Joins: digi_james (sid281632@gateway/web/irccloud.com/x-quhafvghrusouwim)
[19:58:54] *** Joins: fjahr (sid374480@gateway/web/irccloud.com/x-hhqouwnzitxxomzo)
[21:05:53] *** Quits: digi_james (sid281632@gateway/web/irccloud.com/x-quhafvghrusouwim) (Remote host closed the connection)
[21:05:53] *** Quits: fjahr (sid374480@gateway/web/irccloud.com/x-hhqouwnzitxxomzo) (Remote host closed the connection)
[21:17:49] *** Joins: digi_james (sid281632@gateway/web/irccloud.com/x-nsmhgjukhniyzohd)
[21:28:19] *** Joins: fjahr (sid374480@gateway/web/irccloud.com/x-wtgxofjmyomzqblb)
