[00:03:28] *** Quits: rjected (~weechat-h@natp-128-119-202-13.wireless.umass.edu) (*.net *.split)
[00:03:28] *** Quits: felixweis (sid154231@gateway/web/irccloud.com/x-mdptrwlrtlphtxkd) (*.net *.split)
[00:03:28] *** Quits: kallewoof (~quassel@240d:1a:759:6000:a7b1:451a:8874:e1ac) (*.net *.split)
[00:03:28] *** Quits: stevenroose (~steven@irc.roose.io) (*.net *.split)
[00:03:29] *** Quits: fanquake (sid369002@gateway/web/irccloud.com/x-cdfqabdvbagqttfh) (*.net *.split)
[00:03:29] *** Quits: icota[m] (icotamatri@gateway/shell/matrix.org/x-trbflijpcnalikfq) (*.net *.split)
[00:05:47] *** Joins: felixweis (sid154231@gateway/web/irccloud.com/x-mdptrwlrtlphtxkd)
[00:05:47] *** Joins: kallewoof (~quassel@240d:1a:759:6000:a7b1:451a:8874:e1ac)
[00:05:47] *** Joins: stevenroose (~steven@irc.roose.io)
[00:05:47] *** Joins: fanquake (sid369002@gateway/web/irccloud.com/x-cdfqabdvbagqttfh)
[00:05:48] *** Joins: icota[m] (icotamatri@gateway/shell/matrix.org/x-trbflijpcnalikfq)
[00:06:37] *** Joins: rjected (~weechat-h@natp-128-119-202-13.wireless.umass.edu)
[00:07:06] *** Quits: icota[m] (icotamatri@gateway/shell/matrix.org/x-trbflijpcnalikfq) (Ping timeout: 240 seconds)
[00:35:52] *** Joins: icota[m] (icotamatri@gateway/shell/matrix.org/x-hdzalmmtroorlfjw)
[00:52:18] *** Quits: icota[m] (icotamatri@gateway/shell/matrix.org/x-hdzalmmtroorlfjw) (Ping timeout: 246 seconds)
[01:02:02] *** Joins: icota[m] (icotamatri@gateway/shell/matrix.org/x-nkcdiknakeoendak)
[08:16:03] *** Quits: jb55 (~jb55@gateway/tor-sasl/jb55) (Ping timeout: 240 seconds)
[09:06:06] *** Joins: jb55 (~jb55@gateway/tor-sasl/jb55)
[11:00:12] *** Quits: jb55 (~jb55@gateway/tor-sasl/jb55) (Read error: Connection reset by peer)
[11:00:12] *** Quits: ghost43_ (~daer@gateway/tor-sasl/daer) (Write error: Broken pipe)
[11:03:10] *** Joins: ghost43 (~daer@gateway/tor-sasl/daer)
[11:03:50] *** Joins: jb55 (~jb55@gateway/tor-sasl/jb55)
[22:57:51] *** Quits: digi_james (sid281632@gateway/web/irccloud.com/x-gqeaucosxosvqckd) (Ping timeout: 268 seconds)
[22:58:14] *** Quits: valwal_ (sid334773@gateway/web/irccloud.com/x-kcpafitmewgluevi) (Read error: Connection reset by peer)
[22:58:39] *** Joins: valwal_ (sid334773@gateway/web/irccloud.com/x-mrtijxnbhfqxcrfs)
[22:59:22] *** Joins: digi_james (sid281632@gateway/web/irccloud.com/x-visoerqjrvfsrzfw)
[23:03:45] *** Quits: icota[m] (icotamatri@gateway/shell/matrix.org/x-nkcdiknakeoendak) (Ping timeout: 260 seconds)
[23:20:52] *** Quits: mdrollette (~mdrollett@cpe-70-123-125-237.tx.res.rr.com) (*.net *.split)
[23:21:13] *** Joins: mdrollette (~mdrollett@cpe-70-123-125-237.tx.res.rr.com)
[23:24:24] *** Joins: icota[m] (icotamatri@gateway/shell/matrix.org/x-dgnmutgdubocbohk)
