[02:42:58] *** Joins: nick_fre_ (~nick_free@port-92-194-254-232.dynamic.as20676.net)
[02:45:53] *** Quits: nick_freeman (~nick_free@port-92-194-86-147.dynamic.as20676.net) (Ping timeout: 252 seconds)
[04:17:10] *** Quits: dergoegge (sid453889@gateway/web/irccloud.com/x-ahjgehyqddflizbf) (*.net *.split)
[04:17:10] *** Quits: ja (janus@anubis.0x90.dk) (*.net *.split)
[04:17:10] *** Quits: achow101 (~achow101@unaffiliated/achow101) (*.net *.split)
[04:17:10] *** Quits: fanquake (sid369002@gateway/web/irccloud.com/x-cmebonrcwdoaxsdc) (*.net *.split)
[04:17:11] *** Quits: stevenroose (~steven@irc.roose.io) (*.net *.split)
[04:17:11] *** Quits: pigeons (~pigeons@androzani.sysevolve.com) (*.net *.split)
[04:17:12] *** Quits: kakobrekla (~kako@unaffiliated/kakobrekla) (*.net *.split)
[04:17:12] *** Quits: kallewoof (~quassel@240d:1a:759:6000:a7b1:451a:8874:e1ac) (*.net *.split)
[04:17:13] *** Quits: jamesob (sid180710@gateway/web/irccloud.com/x-mjrieuemfsjkxxqj) (*.net *.split)
[04:17:13] *** Quits: gnusha (~gnusha@unaffiliated/kanzure/bot/gnusha) (*.net *.split)
[04:17:13] *** Quits: gertjaap (sid322815@gateway/web/irccloud.com/x-ynnveqmedkqmnebl) (*.net *.split)
[04:17:13] *** Quits: felixweis (sid154231@gateway/web/irccloud.com/x-hizsttpdglmlqbhs) (*.net *.split)
[04:17:14] *** Quits: cfields_ (~cfields@unaffiliated/cfields) (*.net *.split)
[04:17:15] *** Quits: takinbo (~takinbo@unaffiliated/takinbo) (*.net *.split)
[04:17:16] *** Quits: drolmer (~drolmer@unaffiliated/drolmer) (*.net *.split)
[04:17:16] *** Quits: nick_fre_ (~nick_free@port-92-194-254-232.dynamic.as20676.net) (*.net *.split)
[04:18:09] *** Joins: nick_fre_ (~nick_free@port-92-194-254-232.dynamic.as20676.net)
[04:18:09] *** Joins: kakobrekla (~kako@unaffiliated/kakobrekla)
[04:18:09] *** Joins: pigeons (~pigeons@androzani.sysevolve.com)
[04:18:09] *** Joins: stevenroose (~steven@irc.roose.io)
[04:18:09] *** Joins: gnusha (~gnusha@unaffiliated/kanzure/bot/gnusha)
[04:18:09] *** Joins: jamesob (sid180710@gateway/web/irccloud.com/x-mjrieuemfsjkxxqj)
[04:18:09] *** Joins: kallewoof (~quassel@240d:1a:759:6000:a7b1:451a:8874:e1ac)
[04:18:09] *** Joins: felixweis (sid154231@gateway/web/irccloud.com/x-hizsttpdglmlqbhs)
[04:18:09] *** Joins: gertjaap (sid322815@gateway/web/irccloud.com/x-ynnveqmedkqmnebl)
[04:18:09] *** Joins: cfields_ (~cfields@unaffiliated/cfields)
[04:18:09] *** Joins: takinbo (~takinbo@unaffiliated/takinbo)
[04:18:09] *** Joins: fanquake (sid369002@gateway/web/irccloud.com/x-cmebonrcwdoaxsdc)
[04:18:09] *** Joins: achow101 (~achow101@unaffiliated/achow101)
[04:18:09] *** Joins: ja (janus@anubis.0x90.dk)
[04:18:09] *** Joins: dergoegge (sid453889@gateway/web/irccloud.com/x-ahjgehyqddflizbf)
[04:18:09] *** Joins: drolmer (~drolmer@unaffiliated/drolmer)
[16:55:52] *** Quits: nick_fre_ (~nick_free@port-92-194-254-232.dynamic.as20676.net) ()
[16:58:00] *** Joins: rjected (~weechat-h@natp-128-119-202-254.wireless.umass.edu)
