[00:00:07] *** Quits: rjected (~weechat-h@natp-128-119-202-10.wireless.umass.edu) (Quit: WeeChat 3.0.1)
[00:02:01] *** Joins: rjected (~weechat-h@natp-128-119-202-10.wireless.umass.edu)
[05:19:43] *** Quits: stevenroose (~steven@2001:19f0:6801:83a:8d6a:4d01:704c:29f0) (Ping timeout: 272 seconds)
[05:23:59] *** Joins: stevenroose (~steven@2001:19f0:6801:83a:e82f:95b2:6541:ee90)
[08:45:50] *** Quits: felixweis (sid154231@gateway/web/irccloud.com/x-nbngwvfrzzhlxemt) ()
[08:46:19] *** Joins: felixweis (sid154231@gateway/web/irccloud.com/x-hldbcxhyvspmjqje)
[09:26:11] <kcalvinalvin> had an unusually long sleep. I'll post better stuff today
[09:30:27] *** Quits: jb55 (~jb55@gateway/tor-sasl/jb55) (Ping timeout: 268 seconds)
[09:46:18] *** Joins: jb55 (~jb55@gateway/tor-sasl/jb55)
[09:59:46] *** Joins: adiabat_ (~adiabat@63.209.32.102)
[10:03:09] *** Quits: adiabat (~adiabat@63.209.32.102) (*.net *.split)
[10:52:31] <kcalvinalvin> I rebased the bridgenode on top of roasbeef's utxocache branch
[10:52:35] <kcalvinalvin> so much faster
[10:52:48] <kcalvinalvin> lol
[20:34:29] *** Joins: stevenro- (~steven@irc.roose.io)
[20:35:28] *** Quits: takinbo (~takinbo@unaffiliated/takinbo) (Write error: Broken pipe)
[20:35:28] *** Quits: achow101 (~achow101@unaffiliated/achow101) (Quit: No Ping reply in 180 seconds.)
[20:36:40] *** Quits: cfields (~cfields@unaffiliated/cfields) (Quit: No Ping reply in 180 seconds.)
[20:36:41] *** Joins: achow101 (~achow101@unaffiliated/achow101)
[20:36:43] *** Quits: kallewoof (~quassel@240d:1a:759:6000:a7b1:451a:8874:e1ac) (Write error: Broken pipe)
[20:36:44] *** Quits: stevenroose (~steven@2001:19f0:6801:83a:e82f:95b2:6541:ee90) (Quit: ZNC 1.7.4 - https://znc.in)
[20:36:50] *** Joins: cfields (~cfields@unaffiliated/cfields)
[20:36:53] *** Joins: kallewoof (~quassel@240d:1a:759:6000:a7b1:451a:8874:e1ac)
[20:37:04] *** Quits: ghost43 (~daer@gateway/tor-sasl/daer) (Remote host closed the connection)
[20:37:15] *** Joins: ghost43 (~daer@unaffiliated/daer)
[20:37:35] *** Joins: takinbo (~takinbo@2a01:4f8:160:60aa:fee::10)
[20:37:35] *** Quits: takinbo (~takinbo@2a01:4f8:160:60aa:fee::10) (Changing host)
[20:37:35] *** Joins: takinbo (~takinbo@unaffiliated/takinbo)
[20:37:54] *** Quits: ghost43 (~daer@unaffiliated/daer) (Changing host)
[20:37:54] *** Joins: ghost43 (~daer@gateway/tor-sasl/daer)
[20:38:57] *** Joins: lukechampine (~lukechamp@li640-31.members.linode.com)
[20:39:16] *** Quits: sunon (duncandean@gateway/shell/matrix.org/x-nykzdwsymotcamwn) (Ping timeout: 246 seconds)
[20:40:26] *** Quits: gchain (gustafmatr@gateway/shell/matrix.org/x-giygmbazbsvlzwms) (Ping timeout: 240 seconds)
[20:42:45] *** Quits: lukechampine_ (lukechampi@2600:3c03::f03c:91ff:fe55:92ba) (Remote host closed the connection)
[21:00:19] *** Joins: sunon (duncandean@gateway/shell/matrix.org/x-lyoqvyjjppztupkb)
[21:16:01] *** Joins: gchain (gustafmatr@gateway/shell/matrix.org/x-ymkvbbmhuvqmwypp)
