[00:45:09] *** Joins: usmannkhan (~usmannkha@c-24-5-174-38.hsd1.ca.comcast.net)
[02:14:45] *** Quits: usmannkhan (~usmannkha@c-24-5-174-38.hsd1.ca.comcast.net) (Ping timeout: 240 seconds)
[03:21:43] *** Joins: usmannkhan (~usmannkha@c-24-5-174-38.hsd1.ca.comcast.net)
[04:51:13] *** Quits: jb55 (~jb55@gateway/tor-sasl/jb55) (Remote host closed the connection)
[04:51:39] *** Joins: jb55 (~jb55@gateway/tor-sasl/jb55)
[06:14:53] <kcalvinalvin> ok 10pm est is 12pm kst. I'll hop on
[06:26:50] *** Quits: achow101 (~achow101@unaffiliated/achow101) (Quit: Bye)
[06:27:00] *** Joins: achow101 (~achow101@unaffiliated/achow101)
[06:55:03] <ja> every time somebody says 12pm i look up this page and i am none the wiser :P https://en.wikipedia.org/wiki/12-hour_clock#Confusion_at_noon_and_midnight
[09:09:24] <kcalvinalvin> ja It'll be noon for me
[09:09:34] <kcalvinalvin> I think that's easier
[09:10:13] <kcalvinalvin> Come to think of it, I've only used 12hour clocks in the US
[09:25:20] <ja> kcalvinalvin: but if you look at the table even the US authorities changed their mind on how to interpret it! :D ahahah
[11:09:34] *** Quits: jb55 (~jb55@gateway/tor-sasl/jb55) (Remote host closed the connection)
[11:10:02] *** Joins: jb55 (~jb55@gateway/tor-sasl/jb55)
[11:36:26] *** Quits: jb55 (~jb55@gateway/tor-sasl/jb55) (Ping timeout: 268 seconds)
[11:38:01] *** Joins: jb55 (~jb55@gateway/tor-sasl/jb55)
[11:56:59] *** Quits: usmannkhan (~usmannkha@c-24-5-174-38.hsd1.ca.comcast.net) (Ping timeout: 265 seconds)
[13:26:28] *** Quits: gertjaap (sid322815@gateway/web/irccloud.com/x-syuarsbdprzdwfnd) (Read error: Connection reset by peer)
[13:27:06] *** Quits: jamesob (sid180710@gateway/web/irccloud.com/x-hvdlyabjxjlicyob) (Ping timeout: 265 seconds)
[13:27:09] *** Quits: fanquake (sid369002@gateway/web/irccloud.com/x-fabjqugvqpcyhsnz) (Read error: Connection reset by peer)
[13:27:09] *** Quits: fjahr (sid374480@gateway/web/irccloud.com/x-dqspzugbuztizvad) (Ping timeout: 272 seconds)
[13:27:13] *** Quits: felixweis (sid154231@gateway/web/irccloud.com/x-sqzrqmsjedkmcfno) (Read error: Connection reset by peer)
[13:28:40] *** Joins: fanquake (sid369002@gateway/web/irccloud.com/x-uofsmevexvbhbxdr)
[13:29:04] *** Joins: gertjaap (sid322815@gateway/web/irccloud.com/x-pybssrpjyjvmjcpm)
[13:31:39] *** Joins: fjahr (sid374480@gateway/web/irccloud.com/x-lxjvkrdnytnjaigi)
[13:33:01] *** Joins: jamesob (sid180710@gateway/web/irccloud.com/x-zrkgoizuznjfbmdh)
[13:45:19] *** Joins: felixweis (sid154231@gateway/web/irccloud.com/x-evkfvssyvkykzrpv)
[13:53:19] *** Joins: usmannkhan (~usmannkha@c-24-5-174-38.hsd1.ca.comcast.net)
[13:58:18] *** Quits: usmannkhan (~usmannkha@c-24-5-174-38.hsd1.ca.comcast.net) (Ping timeout: 272 seconds)
[14:04:32] <adiabat> yeah 24hr is nicer.  In japan they sometimes call noon 0:00 which is super werid 
[14:05:00] <adiabat> I've even seen a clock go 0:00, 0:01... 0:58, 0:59, 13:00, 13:01 ...
[15:54:23] *** Joins: usmannkhan (~usmannkha@c-24-5-174-38.hsd1.ca.comcast.net)
[15:58:36] *** Quits: usmannkhan (~usmannkha@c-24-5-174-38.hsd1.ca.comcast.net) (Ping timeout: 240 seconds)
[17:55:23] *** Joins: usmannkhan (~usmannkha@c-24-5-174-38.hsd1.ca.comcast.net)
[18:25:16] *** Quits: felixweis (sid154231@gateway/web/irccloud.com/x-evkfvssyvkykzrpv) (Read error: Connection reset by peer)
[18:25:42] *** Joins: felixweis (sid154231@gateway/web/irccloud.com/x-iectyqzaxbqwafke)
