[02:34:23] *** Quits: takinbo (~takinbo@unaffiliated/takinbo) (Ping timeout: 260 seconds)
[02:44:18] *** Joins: takinbo (~takinbo@unaffiliated/takinbo)
[03:33:48] *** Quits: Guest47624 (~pigeons@androzani.sysevolve.com) (Ping timeout: 245 seconds)
[03:47:36] *** Joins: pigeons (~pigeons@androzani.sysevolve.com)
[03:48:00] *** pigeons is now known as Guest74062
[21:19:13] *** Quits: rjected (~weechat-h@natp-128-119-202-34.wireless.umass.edu) (Quit: WeeChat 3.0.1)
[21:20:53] *** Joins: rjected (~weechat-h@natp-128-119-202-34.wireless.umass.edu)
[21:33:42] *** Quits: drolmer (~drolmer@unaffiliated/drolmer) (*.net *.split)
[21:33:42] *** Quits: ghost43 (~daer@gateway/tor-sasl/daer) (*.net *.split)
[21:33:42] *** Quits: jb55 (~jb55@gateway/tor-sasl/jb55) (*.net *.split)
[21:33:43] *** Quits: gnusha (~gnusha@unaffiliated/kanzure/bot/gnusha) (*.net *.split)
[21:33:43] *** Quits: rjected (~weechat-h@natp-128-119-202-34.wireless.umass.edu) (*.net *.split)
[21:33:44] *** Quits: stevenro- (~steven@irc.roose.io) (*.net *.split)
[21:33:44] *** Quits: ja (janus@anubis.0x90.dk) (*.net *.split)
[21:33:44] *** Quits: gertjaap (sid322815@gateway/web/irccloud.com/x-pybssrpjyjvmjcpm) (*.net *.split)
[21:33:44] *** Quits: dergoegge (sid453889@gateway/web/irccloud.com/x-vpggjtvyxjofpnen) (*.net *.split)
[21:33:44] *** Quits: Guest74062 (~pigeons@androzani.sysevolve.com) (*.net *.split)
[21:33:45] *** Quits: adiabat_ (~adiabat@63.209.32.102) (*.net *.split)
[21:33:46] *** Quits: kallewoof (~quassel@240d:1a:759:6000:a7b1:451a:8874:e1ac) (*.net *.split)
[21:33:46] *** Quits: felixweis (sid154231@gateway/web/irccloud.com/x-hldbcxhyvspmjqje) (*.net *.split)
[21:33:46] *** Quits: valwal_ (sid334773@gateway/web/irccloud.com/x-vadbtvopbqzgwbjy) (*.net *.split)
[21:33:46] *** Quits: jamesob (sid180710@gateway/web/irccloud.com/x-pzwbgahsafxohxhq) (*.net *.split)
[21:33:46] *** Quits: achow101 (~achow101@unaffiliated/achow101) (*.net *.split)
[21:33:47] *** Quits: digi_james (sid281632@gateway/web/irccloud.com/x-nsmhgjukhniyzohd) (*.net *.split)
[21:33:48] *** Quits: takinbo (~takinbo@unaffiliated/takinbo) (*.net *.split)
[21:33:48] *** Quits: fanquake (sid369002@gateway/web/irccloud.com/x-asrnjecwrkowwvfh) (*.net *.split)
[21:33:48] *** Quits: fjahr (sid374480@gateway/web/irccloud.com/x-piyhmzkmzjdkkqyq) (*.net *.split)
[21:33:48] *** Quits: lukechampine (~lukechamp@li640-31.members.linode.com) (*.net *.split)
[21:33:48] *** Quits: cfields (~cfields@unaffiliated/cfields) (*.net *.split)
[21:33:49] *** Quits: mdrollette (~mdrollett@cpe-70-123-125-237.tx.res.rr.com) (*.net *.split)
[21:33:49] *** Quits: kanzure (~kanzure@unaffiliated/kanzure) (*.net *.split)
[21:33:49] *** Quits: gchain (gustafmatr@gateway/shell/matrix.org/x-ymkvbbmhuvqmwypp) (*.net *.split)
[21:33:49] *** Quits: sunon (duncandean@gateway/shell/matrix.org/x-lyoqvyjjppztupkb) (*.net *.split)
[21:33:49] *** Quits: RubenSomsen (sid301948@gateway/web/irccloud.com/x-ukeiamoftqdxfbvz) (*.net *.split)
[21:34:46] *** Joins: rjected (~weechat-h@natp-128-119-202-34.wireless.umass.edu)
[21:34:46] *** Joins: Guest74062 (~pigeons@androzani.sysevolve.com)
[21:34:46] *** Joins: takinbo (~takinbo@unaffiliated/takinbo)
[21:34:46] *** Joins: ghost43 (~daer@gateway/tor-sasl/daer)
[21:34:46] *** Joins: jb55 (~jb55@gateway/tor-sasl/jb55)
[21:34:46] *** Joins: fanquake (sid369002@gateway/web/irccloud.com/x-asrnjecwrkowwvfh)
[21:34:46] *** Joins: gchain (gustafmatr@gateway/shell/matrix.org/x-ymkvbbmhuvqmwypp)
[21:34:46] *** Joins: sunon (duncandean@gateway/shell/matrix.org/x-lyoqvyjjppztupkb)
[21:34:46] *** Joins: lukechampine (~lukechamp@li640-31.members.linode.com)
[21:34:46] *** Joins: kallewoof (~quassel@240d:1a:759:6000:a7b1:451a:8874:e1ac)
[21:34:46] *** Joins: cfields (~cfields@unaffiliated/cfields)
[21:34:46] *** Joins: achow101 (~achow101@unaffiliated/achow101)
[21:34:46] *** Joins: stevenro- (~steven@irc.roose.io)
[21:34:46] *** Joins: adiabat_ (~adiabat@63.209.32.102)
[21:34:46] *** Joins: felixweis (sid154231@gateway/web/irccloud.com/x-hldbcxhyvspmjqje)
[21:34:46] *** Joins: fjahr (sid374480@gateway/web/irccloud.com/x-piyhmzkmzjdkkqyq)
[21:34:46] *** Joins: mdrollette (~mdrollett@cpe-70-123-125-237.tx.res.rr.com)
[21:34:46] *** Joins: gnusha (~gnusha@unaffiliated/kanzure/bot/gnusha)
[21:34:46] *** Joins: ja (janus@anubis.0x90.dk)
[21:34:46] *** Joins: valwal_ (sid334773@gateway/web/irccloud.com/x-vadbtvopbqzgwbjy)
[21:34:46] *** Joins: digi_james (sid281632@gateway/web/irccloud.com/x-nsmhgjukhniyzohd)
[21:34:46] *** Joins: jamesob (sid180710@gateway/web/irccloud.com/x-pzwbgahsafxohxhq)
[21:34:46] *** Joins: drolmer (~drolmer@unaffiliated/drolmer)
[21:34:46] *** Joins: RubenSomsen (sid301948@gateway/web/irccloud.com/x-ukeiamoftqdxfbvz)
[21:34:46] *** Joins: kanzure (~kanzure@unaffiliated/kanzure)
[21:34:46] *** Joins: gertjaap (sid322815@gateway/web/irccloud.com/x-pybssrpjyjvmjcpm)
[21:34:46] *** Joins: dergoegge (sid453889@gateway/web/irccloud.com/x-vpggjtvyxjofpnen)
[22:07:13] *** Quits: jb55 (~jb55@gateway/tor-sasl/jb55) (Ping timeout: 268 seconds)
[22:12:30] *** Joins: jb55 (~jb55@gateway/tor-sasl/jb55)
